2010-10-16 16:03:09+0200 [scrapy] INFO: Scrapy 0.10.2 started (bot: liberbot)
2010-10-16 16:03:09+0200 [scrapy] DEBUG: Enabled extensions: FeedExporter, TelnetConsole, SpiderContext, WebService, CoreStats, MemoryUsage, CloseSpider
2010-10-16 16:03:09+0200 [scrapy] DEBUG: Enabled scheduler middlewares: DuplicatesFilterMiddleware
2010-10-16 16:03:09+0200 [scrapy] DEBUG: Enabled downloader middlewares: HttpAuthMiddleware, DownloadTimeoutMiddleware, UserAgentMiddleware, RetryMiddleware, DefaultHeadersMiddleware, RedirectMiddleware, CookiesMiddleware, HttpCompressionMiddleware, DownloaderStats, HttpCacheMiddleware
2010-10-16 16:03:09+0200 [scrapy] DEBUG: Enabled spider middlewares: HttpErrorMiddleware, OffsiteMiddleware, RefererMiddleware, UrlLengthMiddleware, DepthMiddleware
2010-10-16 16:03:09+0200 [scrapy] DEBUG: Enabled item pipelines: 
2010-10-16 16:03:09+0200 [scrapy] DEBUG: Telnet console listening on port 6023
2010-10-16 16:03:09+0200 [scrapy] DEBUG: Web service listening on port 6080
2010-10-16 16:03:09+0200 [serie-online] INFO: Spider opened
2010-10-16 16:03:09+0200 [serie-online] DEBUG: Crawled (200) <GET http://www.serieonline.net/xiii/> (referer: None)
2010-10-16 16:03:09+0200 [serie-online] DEBUG: Crawled (200) <GET http://www.serieonline.net/xiii/temporada-1/02/> (referer: http://www.serieonline.net/xiii/)
2010-10-16 16:03:09+0200 [serie-online] DEBUG: Scraped LiberBotItems(lang='Spanish', links='http://www.megaupload.com/?d=TZZR3OST', temp='1', title='Cap 2', serie='XIII', epi='02', type='VerOnline') in <http://www.serieonline.net/xiii/temporada-1/02/>
2010-10-16 16:03:09+0200 [serie-online] INFO: Passed LiberBotItems(lang='Spanish', links='http://www.megaupload.com/?d=TZZR3OST', temp='1', title='Cap 2', serie='XIII', epi='02', type='VerOnline')
2010-10-16 16:03:09+0200 [serie-online] DEBUG: Scraped LiberBotItems(lang='Spanish', links='http://www.gigasize.com/get.php?d=tk140w9rsgf', temp='1', title='Cap 2', serie='XIII', epi='02', type='VerOnline') in <http://www.serieonline.net/xiii/temporada-1/02/>
2010-10-16 16:03:09+0200 [serie-online] INFO: Passed LiberBotItems(lang='Spanish', links='http://www.gigasize.com/get.php?d=tk140w9rsgf', temp='1', title='Cap 2', serie='XIII', epi='02', type='VerOnline')
2010-10-16 16:03:10+0200 [serie-online] DEBUG: Crawled (200) <GET http://www.serieonline.net/xiii/temporada-1/01/> (referer: http://www.serieonline.net/xiii/)
2010-10-16 16:03:10+0200 [serie-online] DEBUG: Scraped LiberBotItems(lang='Spanish', links='http://www.megaupload.com/?d=2PYDLKOU', temp='1', title='Cap 1', serie='XIII', epi='01', type='VerOnline') in <http://www.serieonline.net/xiii/temporada-1/01/>
2010-10-16 16:03:10+0200 [serie-online] INFO: Passed LiberBotItems(lang='Spanish', links='http://www.megaupload.com/?d=2PYDLKOU', temp='1', title='Cap 1', serie='XIII', epi='01', type='VerOnline')
2010-10-16 16:03:10+0200 [serie-online] DEBUG: Scraped LiberBotItems(lang='Spanish', links='http://www.gigasize.com/get.php?d=2b8lddx67cb', temp='1', title='Cap 1', serie='XIII', epi='01', type='VerOnline') in <http://www.serieonline.net/xiii/temporada-1/01/>
2010-10-16 16:03:10+0200 [serie-online] INFO: Passed LiberBotItems(lang='Spanish', links='http://www.gigasize.com/get.php?d=2b8lddx67cb', temp='1', title='Cap 1', serie='XIII', epi='01', type='VerOnline')
2010-10-16 16:03:10+0200 [serie-online] INFO: Closing spider (finished)
2010-10-16 16:03:10+0200 [serie-online] INFO: Stored json feed (4 items, 628 bytes) in: sites/serie-online/dump/X.json
2010-10-16 16:03:10+0200 [serie-online] INFO: Spider closed (finished)
