2010-10-17 01:45:59+0200 [scrapy] INFO: Scrapy 0.10.2 started (bot: liberbot)
2010-10-17 01:45:59+0200 [scrapy] DEBUG: Enabled extensions: FeedExporter, TelnetConsole, SpiderContext, WebService, CoreStats, MemoryUsage, CloseSpider
2010-10-17 01:45:59+0200 [scrapy] DEBUG: Enabled scheduler middlewares: DuplicatesFilterMiddleware
2010-10-17 01:45:59+0200 [scrapy] DEBUG: Enabled downloader middlewares: HttpAuthMiddleware, DownloadTimeoutMiddleware, UserAgentMiddleware, RetryMiddleware, DefaultHeadersMiddleware, RedirectMiddleware, CookiesMiddleware, HttpCompressionMiddleware, DownloaderStats, HttpCacheMiddleware
2010-10-17 01:45:59+0200 [scrapy] DEBUG: Enabled spider middlewares: HttpErrorMiddleware, OffsiteMiddleware, RefererMiddleware, UrlLengthMiddleware, DepthMiddleware
2010-10-17 01:45:59+0200 [scrapy] DEBUG: Enabled item pipelines: 
2010-10-17 01:45:59+0200 [scrapy] DEBUG: Telnet console listening on port 6023
2010-10-17 01:45:59+0200 [scrapy] DEBUG: Web service listening on port 6080
2010-10-17 01:45:59+0200 [series-21] INFO: Spider opened
2010-10-17 01:45:59+0200 [series-21] DEBUG: Crawled (200) <GET http://www.series21.com/instant-star/> (referer: None)
2010-10-17 01:46:02+0200 [series-21] DEBUG: Crawled (200) <GET http://www.series21.com/inocentes/> (referer: None)
2010-10-17 01:46:07+0200 [series-21] DEBUG: Crawled (200) <GET http://www.series21.com/icarly/> (referer: None)
2010-10-17 01:46:10+0200 [series-21] DEBUG: Crawled (200) <GET http://www.series21.com/instant-star/1x01-incluso-mejor-que-lo-real-even-better-than-the-real-thing/> (referer: http://www.series21.com/instant-star/)
2010-10-17 01:46:10+0200 [series-21] DEBUG: Scraped LiberBotItems(lang='Spanish', serie=u'Instant Star', links=u'http://www.megavideo.com/?v=FEZALS2Y', temp=u'1', epi=u'01') in <http://www.series21.com/instant-star/1x01-incluso-mejor-que-lo-real-even-better-than-the-real-thing/>
2010-10-17 01:46:10+0200 [series-21] INFO: Passed LiberBotItems(lang='Spanish', serie=u'Instant Star', links=u'http://www.megavideo.com/?v=FEZALS2Y', temp=u'1', epi=u'01')
2010-10-17 01:46:10+0200 [series-21] DEBUG: Crawled (200) <GET http://www.series21.com/instant-star/4x13-london-calling/> (referer: http://www.series21.com/instant-star/)
2010-10-17 01:46:10+0200 [series-21] DEBUG: Scraped LiberBotItems(lang='Spanish', serie=u'Instant Star', links=u'http://www.megavideo.com/?v=NDMHXSAS', temp=u'4', epi=u'13') in <http://www.series21.com/instant-star/4x13-london-calling/>
2010-10-17 01:46:10+0200 [series-21] INFO: Passed LiberBotItems(lang='Spanish', serie=u'Instant Star', links=u'http://www.megavideo.com/?v=NDMHXSAS', temp=u'4', epi=u'13')
2010-10-17 01:46:10+0200 [series-21] DEBUG: Scraped LiberBotItems(lang='Spanish', serie=u'Instant Star', links=u'http://www.megaupload.com/?d=LTA11ZKZ', temp=u'4', epi=u'13') in <http://www.series21.com/instant-star/4x13-london-calling/>
2010-10-17 01:46:10+0200 [series-21] INFO: Passed LiberBotItems(lang='Spanish', serie=u'Instant Star', links=u'http://www.megaupload.com/?d=LTA11ZKZ', temp=u'4', epi=u'13')
2010-10-17 01:46:11+0200 [series-21] DEBUG: Crawled (200) <GET http://www.series21.com/inocentes/1x02-capitulo-02/> (referer: http://www.series21.com/inocentes/)
2010-10-17 01:46:11+0200 [series-21] DEBUG: Scraped LiberBotItems(lang='Spanish', serie=u'Inocentes', links=u'http://www.megavideo.com/?v=U2GI2PPO', temp=u'1', epi=u'02') in <http://www.series21.com/inocentes/1x02-capitulo-02/>
2010-10-17 01:46:11+0200 [series-21] INFO: Passed LiberBotItems(lang='Spanish', serie=u'Inocentes', links=u'http://www.megavideo.com/?v=U2GI2PPO', temp=u'1', epi=u'02')
2010-10-17 01:46:11+0200 [series-21] DEBUG: Scraped LiberBotItems(lang='Spanish', serie=u'Inocentes', links=u'http://www.megaupload.com/?d=UQ0FUUA1', temp=u'1', epi=u'02') in <http://www.series21.com/inocentes/1x02-capitulo-02/>
2010-10-17 01:46:11+0200 [series-21] INFO: Passed LiberBotItems(lang='Spanish', serie=u'Inocentes', links=u'http://www.megaupload.com/?d=UQ0FUUA1', temp=u'1', epi=u'02')
2010-10-17 01:46:12+0200 [series-21] DEBUG: Crawled (200) <GET http://www.series21.com/icarly/3x12-ispace-out/> (referer: http://www.series21.com/icarly/)
2010-10-17 01:46:12+0200 [series-21] DEBUG: Scraped LiberBotItems(lang='English', temp=u'3', links=u'http://www.megavideo.com/?v=XOSPRZFO', serie=u'iCarly', epi=u'12', sublang='Spanish') in <http://www.series21.com/icarly/3x12-ispace-out/>
2010-10-17 01:46:12+0200 [series-21] INFO: Passed LiberBotItems(lang='English', temp=u'3', links=u'http://www.megavideo.com/?v=XOSPRZFO', serie=u'iCarly', epi=u'12', sublang='Spanish')
2010-10-17 01:46:14+0200 [series-21] DEBUG: Crawled (200) <GET http://www.series21.com/icarly/3x11-ienrage-gibby/> (referer: http://www.series21.com/icarly/)
2010-10-17 01:46:14+0200 [series-21] DEBUG: Scraped LiberBotItems(lang='English', temp=u'3', links=u'http://www.megavideo.com/?v=I83CGRCG', serie=u'iCarly', epi=u'11', sublang='Spanish') in <http://www.series21.com/icarly/3x11-ienrage-gibby/>
2010-10-17 01:46:14+0200 [series-21] INFO: Passed LiberBotItems(lang='English', temp=u'3', links=u'http://www.megavideo.com/?v=I83CGRCG', serie=u'iCarly', epi=u'11', sublang='Spanish')
2010-10-17 01:46:14+0200 [series-21] DEBUG: Crawled (200) <GET http://www.series21.com/icarly/3x10-iwas-a-pageant-girl/> (referer: http://www.series21.com/icarly/)
2010-10-17 01:46:14+0200 [series-21] DEBUG: Scraped LiberBotItems(lang='English', temp=u'3', links=u'http://www.megavideo.com/?v=0IOLEEYM', serie=u'iCarly', epi=u'10', sublang='Spanish') in <http://www.series21.com/icarly/3x10-iwas-a-pageant-girl/>
2010-10-17 01:46:14+0200 [series-21] INFO: Passed LiberBotItems(lang='English', temp=u'3', links=u'http://www.megavideo.com/?v=0IOLEEYM', serie=u'iCarly', epi=u'10', sublang='Spanish')
2010-10-17 01:46:14+0200 [series-21] DEBUG: Crawled (200) <GET http://www.series21.com/icarly/3x09-isaved-your-life/> (referer: http://www.series21.com/icarly/)
2010-10-17 01:46:14+0200 [series-21] DEBUG: Scraped LiberBotItems(lang='English', temp=u'3', links=u'http://www.megavideo.com/?v=U9H5N8ZE', serie=u'iCarly', epi=u'09', sublang='Spanish') in <http://www.series21.com/icarly/3x09-isaved-your-life/>
2010-10-17 01:46:14+0200 [series-21] INFO: Passed LiberBotItems(lang='English', temp=u'3', links=u'http://www.megavideo.com/?v=U9H5N8ZE', serie=u'iCarly', epi=u'09', sublang='Spanish')
2010-10-17 01:46:15+0200 [series-21] DEBUG: Crawled (200) <GET http://www.series21.com/icarly/3x08-iquit-icarly/> (referer: http://www.series21.com/icarly/)
2010-10-17 01:46:15+0200 [series-21] DEBUG: Scraped LiberBotItems(lang='English', temp=u'3', links=u'http://www.megavideo.com/?v=FGVJAFP0', serie=u'iCarly', epi=u'08', sublang='Spanish') in <http://www.series21.com/icarly/3x08-iquit-icarly/>
2010-10-17 01:46:15+0200 [series-21] INFO: Passed LiberBotItems(lang='English', temp=u'3', links=u'http://www.megavideo.com/?v=FGVJAFP0', serie=u'iCarly', epi=u'08', sublang='Spanish')
2010-10-17 01:46:15+0200 [series-21] DEBUG: Crawled (200) <GET http://www.series21.com/icarly/3x07-imove-out/> (referer: http://www.series21.com/icarly/)
2010-10-17 01:46:15+0200 [series-21] DEBUG: Scraped LiberBotItems(lang='English', temp=u'3', links=u'http://www.megavideo.com/?v=B7MB9337', serie=u'iCarly', epi=u'07', sublang='Spanish') in <http://www.series21.com/icarly/3x07-imove-out/>
2010-10-17 01:46:15+0200 [series-21] INFO: Passed LiberBotItems(lang='English', temp=u'3', links=u'http://www.megavideo.com/?v=B7MB9337', serie=u'iCarly', epi=u'07', sublang='Spanish')
2010-10-17 01:46:18+0200 [series-21] DEBUG: Crawled (200) <GET http://www.series21.com/icarly/3x06-ifind-lewberts-lost-love/> (referer: http://www.series21.com/icarly/)
2010-10-17 01:46:18+0200 [series-21] DEBUG: Scraped LiberBotItems(lang='English', temp=u'3', links=u'http://www.megavideo.com/?v=URURYVZZ', serie=u'iCarly', epi=u'06', sublang='Spanish') in <http://www.series21.com/icarly/3x06-ifind-lewberts-lost-love/>
2010-10-17 01:46:18+0200 [series-21] INFO: Passed LiberBotItems(lang='English', temp=u'3', links=u'http://www.megavideo.com/?v=URURYVZZ', serie=u'iCarly', epi=u'06', sublang='Spanish')
2010-10-17 01:46:21+0200 [series-21] DEBUG: Crawled (200) <GET http://www.series21.com/icarly/3x05-ihave-my-principals/> (referer: http://www.series21.com/icarly/)
2010-10-17 01:46:21+0200 [series-21] DEBUG: Scraped LiberBotItems(lang='English', temp=u'3', links=u'http://www.megavideo.com/?v=I7U3XMVR', serie=u'iCarly', epi=u'05', sublang='Spanish') in <http://www.series21.com/icarly/3x05-ihave-my-principals/>
2010-10-17 01:46:21+0200 [series-21] INFO: Passed LiberBotItems(lang='English', temp=u'3', links=u'http://www.megavideo.com/?v=I7U3XMVR', serie=u'iCarly', epi=u'05', sublang='Spanish')
2010-10-17 01:46:23+0200 [series-21] DEBUG: Crawled (200) <GET http://www.series21.com/icarly/3x04-icarly-awards/> (referer: http://www.series21.com/icarly/)
2010-10-17 01:46:23+0200 [series-21] DEBUG: Scraped LiberBotItems(lang='English', temp=u'3', links=u'http://www.megavideo.com/?v=TZS8Q2ZC', serie=u'iCarly', epi=u'04', sublang='Spanish') in <http://www.series21.com/icarly/3x04-icarly-awards/>
2010-10-17 01:46:23+0200 [series-21] INFO: Passed LiberBotItems(lang='English', temp=u'3', links=u'http://www.megavideo.com/?v=TZS8Q2ZC', serie=u'iCarly', epi=u'04', sublang='Spanish')
2010-10-17 01:46:24+0200 [series-21] DEBUG: Crawled (200) <GET http://www.series21.com/icarly/3x03-ispeed-date/> (referer: http://www.series21.com/icarly/)
2010-10-17 01:46:24+0200 [series-21] DEBUG: Scraped LiberBotItems(lang='English', temp=u'3', links=u'http://www.megavideo.com/?v=BK5PDZOB', serie=u'iCarly', epi=u'03', sublang='Spanish') in <http://www.series21.com/icarly/3x03-ispeed-date/>
2010-10-17 01:46:24+0200 [series-21] INFO: Passed LiberBotItems(lang='English', temp=u'3', links=u'http://www.megavideo.com/?v=BK5PDZOB', serie=u'iCarly', epi=u'03', sublang='Spanish')
2010-10-17 01:46:26+0200 [series-21] DEBUG: Crawled (200) <GET http://www.series21.com/icarly/3x02-icook/> (referer: http://www.series21.com/icarly/)
2010-10-17 01:46:26+0200 [series-21] DEBUG: Scraped LiberBotItems(lang='English', temp=u'3', links=u'http://www.megavideo.com/?v=KSFKPE33', serie=u'iCarly', epi=u'02', sublang='Spanish') in <http://www.series21.com/icarly/3x02-icook/>
2010-10-17 01:46:26+0200 [series-21] INFO: Passed LiberBotItems(lang='English', temp=u'3', links=u'http://www.megavideo.com/?v=KSFKPE33', serie=u'iCarly', epi=u'02', sublang='Spanish')
2010-10-17 01:46:26+0200 [series-21] DEBUG: Scraped LiberBotItems(lang='English', temp=u'3', links=u'http://www.megaupload.com/?d=EJT7YENI', serie=u'iCarly', epi=u'02', sublang='Spanish') in <http://www.series21.com/icarly/3x02-icook/>
2010-10-17 01:46:26+0200 [series-21] INFO: Passed LiberBotItems(lang='English', temp=u'3', links=u'http://www.megaupload.com/?d=EJT7YENI', serie=u'iCarly', epi=u'02', sublang='Spanish')
2010-10-17 01:46:30+0200 [series-21] DEBUG: Crawled (200) <GET http://www.series21.com/icarly/3x01-ithink-they-kissed/> (referer: http://www.series21.com/icarly/)
2010-10-17 01:46:30+0200 [series-21] ERROR: Spider error processing <http://www.series21.com/icarly/3x01-ithink-they-kissed/> (referer: <http://www.series21.com/icarly/>)
	Traceback (most recent call last):
	  File "/usr/local/lib/python2.6/dist-packages/Twisted-10.1.0-py2.6-linux-x86_64.egg/twisted/internet/base.py", line 796, in runUntilCurrent
	    call.func(*call.args, **call.kw)
	  File "/usr/local/lib/python2.6/dist-packages/Twisted-10.1.0-py2.6-linux-x86_64.egg/twisted/internet/task.py", line 577, in _tick
	    taskObj._oneWorkUnit()
	  File "/usr/local/lib/python2.6/dist-packages/Twisted-10.1.0-py2.6-linux-x86_64.egg/twisted/internet/task.py", line 458, in _oneWorkUnit
	    result = self._iterator.next()
	  File "/usr/local/lib/python2.6/dist-packages/Scrapy-0.10.2-py2.6.egg/scrapy/utils/defer.py", line 57, in <genexpr>
	    work = (callable(elem, *args, **named) for elem in iterable)
	--- <exception caught here> ---
	  File "/usr/local/lib/python2.6/dist-packages/Scrapy-0.10.2-py2.6.egg/scrapy/utils/defer.py", line 96, in iter_errback
	    yield it.next()
	  File "/usr/local/lib/python2.6/dist-packages/Scrapy-0.10.2-py2.6.egg/scrapy/contrib/spidermiddleware/offsite.py", line 24, in process_spider_output
	    for x in result:
	  File "/usr/local/lib/python2.6/dist-packages/Scrapy-0.10.2-py2.6.egg/scrapy/contrib/spidermiddleware/referer.py", line 14, in <genexpr>
	    return (_set_referer(r) for r in result or ())
	  File "/usr/local/lib/python2.6/dist-packages/Scrapy-0.10.2-py2.6.egg/scrapy/contrib/spidermiddleware/urllength.py", line 32, in <genexpr>
	    return (r for r in result or () if _filter(r))
	  File "/usr/local/lib/python2.6/dist-packages/Scrapy-0.10.2-py2.6.egg/scrapy/contrib/spidermiddleware/depth.py", line 48, in <genexpr>
	    return (r for r in result or () if _filter(r))
	  File "/home/anders/bots999/libercopy/liberbot/spiders/series_21.py", line 61, in parse_episode
	    serie['temp'], serie['epi'], epi_title = hxs.select('//h1/text()').re(r' (\d)x(\d*) - (.*)')
	exceptions.ValueError: need more than 0 values to unpack
	
2010-10-17 01:46:32+0200 [series-21] DEBUG: Crawled (200) <GET http://www.series21.com/icarly/2x20-yo-peleo-con-shelby-marx/> (referer: http://www.series21.com/icarly/)
2010-10-17 01:46:32+0200 [series-21] DEBUG: Scraped LiberBotItems(lang='English', temp=u'2', links=u'http://www.megavideo.com/?v=7NJU4JD3', serie=u'iCarly', epi=u'20', sublang='Spanish') in <http://www.series21.com/icarly/2x20-yo-peleo-con-shelby-marx/>
2010-10-17 01:46:32+0200 [series-21] INFO: Passed LiberBotItems(lang='English', temp=u'2', links=u'http://www.megavideo.com/?v=7NJU4JD3', serie=u'iCarly', epi=u'20', sublang='Spanish')
2010-10-17 01:46:32+0200 [series-21] DEBUG: Scraped LiberBotItems(lang='English', temp=u'2', links=u'http://www.megaupload.com/?d=RFRF956S', serie=u'iCarly', epi=u'20', sublang='Spanish') in <http://www.series21.com/icarly/2x20-yo-peleo-con-shelby-marx/>
2010-10-17 01:46:32+0200 [series-21] INFO: Passed LiberBotItems(lang='English', temp=u'2', links=u'http://www.megaupload.com/?d=RFRF956S', serie=u'iCarly', epi=u'20', sublang='Spanish')
2010-10-17 01:46:39+0200 [series-21] DEBUG: Crawled (200) <GET http://www.series21.com/icarly/2x19-itwins/> (referer: http://www.series21.com/icarly/)
2010-10-17 01:46:39+0200 [series-21] DEBUG: Scraped LiberBotItems(lang='English', temp=u'2', links=u'http://www.megavideo.com/?v=PQYMYN3B', serie=u'iCarly', epi=u'19', sublang='Spanish') in <http://www.series21.com/icarly/2x19-itwins/>
2010-10-17 01:46:39+0200 [series-21] INFO: Passed LiberBotItems(lang='English', temp=u'2', links=u'http://www.megavideo.com/?v=PQYMYN3B', serie=u'iCarly', epi=u'19', sublang='Spanish')
2010-10-17 01:46:41+0200 [series-21] DEBUG: Crawled (200) <GET http://www.series21.com/icarly/2x18-imust-have-locker-239/> (referer: http://www.series21.com/icarly/)
2010-10-17 01:46:41+0200 [series-21] DEBUG: Scraped LiberBotItems(lang='English', temp=u'2', links=u'http://www.megavideo.com/?v=0PLTVKRR', serie=u'iCarly', epi=u'18', sublang='Spanish') in <http://www.series21.com/icarly/2x18-imust-have-locker-239/>
2010-10-17 01:46:41+0200 [series-21] INFO: Passed LiberBotItems(lang='English', temp=u'2', links=u'http://www.megavideo.com/?v=0PLTVKRR', serie=u'iCarly', epi=u'18', sublang='Spanish')
2010-10-17 01:46:41+0200 [series-21] DEBUG: Crawled (200) <GET http://www.series21.com/icarly/2x17-itake-on-dingo/> (referer: http://www.series21.com/icarly/)
2010-10-17 01:46:41+0200 [series-21] DEBUG: Scraped LiberBotItems(lang='English', temp=u'2', links=u'http://www.megavideo.com/?v=9VAH63AO', serie=u'iCarly', epi=u'17', sublang='Spanish') in <http://www.series21.com/icarly/2x17-itake-on-dingo/>
2010-10-17 01:46:41+0200 [series-21] INFO: Passed LiberBotItems(lang='English', temp=u'2', links=u'http://www.megavideo.com/?v=9VAH63AO', serie=u'iCarly', epi=u'17', sublang='Spanish')
2010-10-17 01:46:42+0200 [series-21] DEBUG: Crawled (200) <GET http://www.series21.com/icarly/2x16-ireunite-with-missy/> (referer: http://www.series21.com/icarly/)
2010-10-17 01:46:42+0200 [series-21] DEBUG: Scraped LiberBotItems(lang='English', temp=u'2', links=u'http://www.megavideo.com/?v=IEG5V34M', serie=u'iCarly', epi=u'16', sublang='Spanish') in <http://www.series21.com/icarly/2x16-ireunite-with-missy/>
2010-10-17 01:46:42+0200 [series-21] INFO: Passed LiberBotItems(lang='English', temp=u'2', links=u'http://www.megavideo.com/?v=IEG5V34M', serie=u'iCarly', epi=u'16', sublang='Spanish')
2010-10-17 01:46:44+0200 [series-21] DEBUG: Crawled (200) <GET http://www.series21.com/icarly/2x15-idate-a-bad-boy/> (referer: http://www.series21.com/icarly/)
2010-10-17 01:46:44+0200 [series-21] DEBUG: Scraped LiberBotItems(lang='English', temp=u'2', links=u'http://www.megavideo.com/?v=Z8MZOG8D', serie=u'iCarly', epi=u'15', sublang='Spanish') in <http://www.series21.com/icarly/2x15-idate-a-bad-boy/>
2010-10-17 01:46:44+0200 [series-21] INFO: Passed LiberBotItems(lang='English', temp=u'2', links=u'http://www.megavideo.com/?v=Z8MZOG8D', serie=u'iCarly', epi=u'15', sublang='Spanish')
2010-10-17 01:46:45+0200 [series-21] DEBUG: Crawled (200) <GET http://www.series21.com/icarly/2x14-igo-nuclear/> (referer: http://www.series21.com/icarly/)
2010-10-17 01:46:45+0200 [series-21] DEBUG: Scraped LiberBotItems(lang='English', temp=u'2', links=u'http://www.megavideo.com/?v=QS6L010Q', serie=u'iCarly', epi=u'14', sublang='Spanish') in <http://www.series21.com/icarly/2x14-igo-nuclear/>
2010-10-17 01:46:45+0200 [series-21] INFO: Passed LiberBotItems(lang='English', temp=u'2', links=u'http://www.megavideo.com/?v=QS6L010Q', serie=u'iCarly', epi=u'14', sublang='Spanish')
2010-10-17 01:46:45+0200 [series-21] DEBUG: Crawled (200) <GET http://www.series21.com/icarly/2x13-imake-sam-girlier/> (referer: http://www.series21.com/icarly/)
2010-10-17 01:46:45+0200 [series-21] DEBUG: Scraped LiberBotItems(lang='English', temp=u'2', links=u'http://www.megavideo.com/?v=Z34OPSMM', serie=u'iCarly', epi=u'13', sublang='Spanish') in <http://www.series21.com/icarly/2x13-imake-sam-girlier/>
2010-10-17 01:46:45+0200 [series-21] INFO: Passed LiberBotItems(lang='English', temp=u'2', links=u'http://www.megavideo.com/?v=Z34OPSMM', serie=u'iCarly', epi=u'13', sublang='Spanish')
2010-10-17 01:46:46+0200 [series-21] DEBUG: Crawled (200) <GET http://www.series21.com/icarly/2x12-iwant-my-website-back/> (referer: http://www.series21.com/icarly/)
2010-10-17 01:46:46+0200 [series-21] DEBUG: Scraped LiberBotItems(lang='English', temp=u'2', links=u'http://www.megavideo.com/?v=PP9QAOPQ', serie=u'iCarly', epi=u'12', sublang='Spanish') in <http://www.series21.com/icarly/2x12-iwant-my-website-back/>
2010-10-17 01:46:46+0200 [series-21] INFO: Passed LiberBotItems(lang='English', temp=u'2', links=u'http://www.megavideo.com/?v=PP9QAOPQ', serie=u'iCarly', epi=u'12', sublang='Spanish')
2010-10-17 01:46:46+0200 [series-21] DEBUG: Crawled (200) <GET http://www.series21.com/icarly/2x11-ilook-alike/> (referer: http://www.series21.com/icarly/)
2010-10-17 01:46:46+0200 [series-21] DEBUG: Scraped LiberBotItems(lang='English', temp=u'2', links=u'http://www.megavideo.com/?v=HJ23IQH5', serie=u'iCarly', epi=u'11', sublang='Spanish') in <http://www.series21.com/icarly/2x11-ilook-alike/>
2010-10-17 01:46:46+0200 [series-21] INFO: Passed LiberBotItems(lang='English', temp=u'2', links=u'http://www.megavideo.com/?v=HJ23IQH5', serie=u'iCarly', epi=u'11', sublang='Spanish')
2010-10-17 01:46:47+0200 [series-21] DEBUG: Crawled (200) <GET http://www.series21.com/icarly/2x10-fred-esta-muerto-fred-esta-muerto/> (referer: http://www.series21.com/icarly/)
2010-10-17 01:46:47+0200 [series-21] DEBUG: Scraped LiberBotItems(lang='English', temp=u'2', links=u'http://www.megavideo.com/?v=950FHKMH', serie=u'iCarly', epi=u'10', sublang='Spanish') in <http://www.series21.com/icarly/2x10-fred-esta-muerto-fred-esta-muerto/>
2010-10-17 01:46:47+0200 [series-21] INFO: Passed LiberBotItems(lang='English', temp=u'2', links=u'http://www.megavideo.com/?v=950FHKMH', serie=u'iCarly', epi=u'10', sublang='Spanish')
2010-10-17 01:46:47+0200 [series-21] DEBUG: Scraped LiberBotItems(lang='English', temp=u'2', links=u'http://www.megaupload.com/?d=KPKJRLHP', serie=u'iCarly', epi=u'10', sublang='Spanish') in <http://www.series21.com/icarly/2x10-fred-esta-muerto-fred-esta-muerto/>
2010-10-17 01:46:47+0200 [series-21] INFO: Passed LiberBotItems(lang='English', temp=u'2', links=u'http://www.megaupload.com/?d=KPKJRLHP', serie=u'iCarly', epi=u'10', sublang='Spanish')
2010-10-17 01:46:48+0200 [series-21] DEBUG: Crawled (200) <GET http://www.series21.com/icarly/2x09-afecte-la-votacion-irocked-the-vote/> (referer: http://www.series21.com/icarly/)
2010-10-17 01:46:48+0200 [series-21] DEBUG: Scraped LiberBotItems(lang='English', temp=u'2', links=u'http://www.megavideo.com/?v=D8MMOQFQ', serie=u'iCarly', epi=u'09', sublang='Spanish') in <http://www.series21.com/icarly/2x09-afecte-la-votacion-irocked-the-vote/>
2010-10-17 01:46:48+0200 [series-21] INFO: Passed LiberBotItems(lang='English', temp=u'2', links=u'http://www.megavideo.com/?v=D8MMOQFQ', serie=u'iCarly', epi=u'09', sublang='Spanish')
2010-10-17 01:46:48+0200 [series-21] DEBUG: Scraped LiberBotItems(lang='English', temp=u'2', links=u'http://www.megaupload.com/?d=835DCNWI', serie=u'iCarly', epi=u'09', sublang='Spanish') in <http://www.series21.com/icarly/2x09-afecte-la-votacion-irocked-the-vote/>
2010-10-17 01:46:48+0200 [series-21] INFO: Passed LiberBotItems(lang='English', temp=u'2', links=u'http://www.megaupload.com/?d=835DCNWI', serie=u'iCarly', epi=u'09', sublang='Spanish')
2010-10-17 01:46:52+0200 [series-21] DEBUG: Crawled (200) <GET http://www.series21.com/icarly/2x08-regalo-un-auto-igive-away-a-car/> (referer: http://www.series21.com/icarly/)
2010-10-17 01:46:52+0200 [series-21] DEBUG: Scraped LiberBotItems(lang='English', temp=u'2', links=u'http://www.megavideo.com/?v=KANJDNGR', serie=u'iCarly', epi=u'08', sublang='Spanish') in <http://www.series21.com/icarly/2x08-regalo-un-auto-igive-away-a-car/>
2010-10-17 01:46:52+0200 [series-21] INFO: Passed LiberBotItems(lang='English', temp=u'2', links=u'http://www.megavideo.com/?v=KANJDNGR', serie=u'iCarly', epi=u'08', sublang='Spanish')
2010-10-17 01:46:52+0200 [series-21] DEBUG: Scraped LiberBotItems(lang='English', temp=u'2', links=u'http://www.megaupload.com/?d=JG3ZCFCD', serie=u'iCarly', epi=u'08', sublang='Spanish') in <http://www.series21.com/icarly/2x08-regalo-un-auto-igive-away-a-car/>
2010-10-17 01:46:52+0200 [series-21] INFO: Passed LiberBotItems(lang='English', temp=u'2', links=u'http://www.megaupload.com/?d=JG3ZCFCD', serie=u'iCarly', epi=u'08', sublang='Spanish')
2010-10-17 01:46:54+0200 [series-21] DEBUG: Crawled (200) <GET http://www.series21.com/icarly/2x07-el-primer-beso-locos-por-las-tartas/> (referer: http://www.series21.com/icarly/)
2010-10-17 01:46:54+0200 [series-21] DEBUG: Scraped LiberBotItems(lang='Spanish', serie=u'iCarly', links=u'http://www.megavideo.com/?v=5EQLSNQ5', temp=u'2', epi=u'07') in <http://www.series21.com/icarly/2x07-el-primer-beso-locos-por-las-tartas/>
2010-10-17 01:46:54+0200 [series-21] INFO: Passed LiberBotItems(lang='Spanish', serie=u'iCarly', links=u'http://www.megavideo.com/?v=5EQLSNQ5', temp=u'2', epi=u'07')
2010-10-17 01:46:54+0200 [series-21] DEBUG: Scraped LiberBotItems(lang='Spanish', serie=u'iCarly', links=u'http://www.megaupload.com/?d=O3LYZ3VK', temp=u'2', epi=u'07') in <http://www.series21.com/icarly/2x07-el-primer-beso-locos-por-las-tartas/>
2010-10-17 01:46:54+0200 [series-21] INFO: Passed LiberBotItems(lang='Spanish', serie=u'iCarly', links=u'http://www.megaupload.com/?d=O3LYZ3VK', temp=u'2', epi=u'07')
2010-10-17 01:46:55+0200 [series-21] DEBUG: Crawled (200) <GET http://www.series21.com/icarly/2x04-lastimamos-a-lewbert-ihurt-lewbert/> (referer: http://www.series21.com/icarly/)
2010-10-17 01:46:55+0200 [series-21] DEBUG: Scraped LiberBotItems(lang='English', temp=u'2', links=u'http://www.megavideo.com/?v=J4A68HND', serie=u'iCarly', epi=u'04', sublang='Spanish') in <http://www.series21.com/icarly/2x04-lastimamos-a-lewbert-ihurt-lewbert/>
2010-10-17 01:46:55+0200 [series-21] INFO: Passed LiberBotItems(lang='English', temp=u'2', links=u'http://www.megavideo.com/?v=J4A68HND', serie=u'iCarly', epi=u'04', sublang='Spanish')
2010-10-17 01:46:55+0200 [series-21] DEBUG: Scraped LiberBotItems(lang='English', temp=u'2', links=u'http://www.megaupload.com/?d=CX1DCCUX', serie=u'iCarly', epi=u'04', sublang='Spanish') in <http://www.series21.com/icarly/2x04-lastimamos-a-lewbert-ihurt-lewbert/>
2010-10-17 01:46:55+0200 [series-21] INFO: Passed LiberBotItems(lang='English', temp=u'2', links=u'http://www.megaupload.com/?d=CX1DCCUX', serie=u'iCarly', epi=u'04', sublang='Spanish')
2010-10-17 01:46:57+0200 [series-21] DEBUG: Crawled (200) <GET http://www.series21.com/icarly/2x02-la-intervencion-la-intervencion/> (referer: http://www.series21.com/icarly/)
2010-10-17 01:46:57+0200 [series-21] DEBUG: Scraped LiberBotItems(lang='English', temp=u'2', links=u'http://www.megavideo.com/?v=TJG6WX9L', serie=u'iCarly', epi=u'02', sublang='Spanish') in <http://www.series21.com/icarly/2x02-la-intervencion-la-intervencion/>
2010-10-17 01:46:57+0200 [series-21] INFO: Passed LiberBotItems(lang='English', temp=u'2', links=u'http://www.megavideo.com/?v=TJG6WX9L', serie=u'iCarly', epi=u'02', sublang='Spanish')
2010-10-17 01:46:57+0200 [series-21] DEBUG: Scraped LiberBotItems(lang='English', temp=u'2', links=u'http://www.megaupload.com/?d=DAYPEFCP', serie=u'iCarly', epi=u'02', sublang='Spanish') in <http://www.series21.com/icarly/2x02-la-intervencion-la-intervencion/>
2010-10-17 01:46:57+0200 [series-21] INFO: Passed LiberBotItems(lang='English', temp=u'2', links=u'http://www.megaupload.com/?d=DAYPEFCP', serie=u'iCarly', epi=u'02', sublang='Spanish')
2010-10-17 01:46:58+0200 [series-21] DEBUG: Crawled (200) <GET http://www.series21.com/icarly/2x01-yo-lo-vi-primero-isaw-him-first/> (referer: http://www.series21.com/icarly/)
2010-10-17 01:46:58+0200 [series-21] DEBUG: Scraped LiberBotItems(lang='English', temp=u'2', links=u'http://www.megavideo.com/?v=S4WBW37P', serie=u'iCarly', epi=u'01', sublang='Spanish') in <http://www.series21.com/icarly/2x01-yo-lo-vi-primero-isaw-him-first/>
2010-10-17 01:46:58+0200 [series-21] INFO: Passed LiberBotItems(lang='English', temp=u'2', links=u'http://www.megavideo.com/?v=S4WBW37P', serie=u'iCarly', epi=u'01', sublang='Spanish')
2010-10-17 01:46:58+0200 [series-21] DEBUG: Scraped LiberBotItems(lang='English', temp=u'2', links=u'http://www.megaupload.com/?d=UMXXJFCH', serie=u'iCarly', epi=u'01', sublang='Spanish') in <http://www.series21.com/icarly/2x01-yo-lo-vi-primero-isaw-him-first/>
2010-10-17 01:46:58+0200 [series-21] INFO: Passed LiberBotItems(lang='English', temp=u'2', links=u'http://www.megaupload.com/?d=UMXXJFCH', serie=u'iCarly', epi=u'01', sublang='Spanish')
2010-10-17 01:47:00+0200 [series-21] DEBUG: Crawled (200) <GET http://www.series21.com/icarly/1x25-mi-maestra-esta-enferma-de-amor-ihave-a-lovesick-teacher/> (referer: http://www.series21.com/icarly/)
2010-10-17 01:47:00+0200 [series-21] DEBUG: Scraped LiberBotItems(lang='English', temp=u'1', links=u'http://www.megavideo.com/?v=SJDZG1WW', serie=u'iCarly', epi=u'25', sublang='Spanish') in <http://www.series21.com/icarly/1x25-mi-maestra-esta-enferma-de-amor-ihave-a-lovesick-teacher/>
2010-10-17 01:47:00+0200 [series-21] INFO: Passed LiberBotItems(lang='English', temp=u'1', links=u'http://www.megavideo.com/?v=SJDZG1WW', serie=u'iCarly', epi=u'25', sublang='Spanish')
2010-10-17 01:47:02+0200 [series-21] DEBUG: Crawled (200) <GET http://www.series21.com/icarly/1x24-gane-una-cita/> (referer: http://www.series21.com/icarly/)
2010-10-17 01:47:02+0200 [series-21] ERROR: Spider error processing <http://www.series21.com/icarly/1x24-gane-una-cita/> (referer: <http://www.series21.com/icarly/>)
	Traceback (most recent call last):
	  File "/usr/local/lib/python2.6/dist-packages/Twisted-10.1.0-py2.6-linux-x86_64.egg/twisted/internet/base.py", line 796, in runUntilCurrent
	    call.func(*call.args, **call.kw)
	  File "/usr/local/lib/python2.6/dist-packages/Twisted-10.1.0-py2.6-linux-x86_64.egg/twisted/internet/task.py", line 577, in _tick
	    taskObj._oneWorkUnit()
	  File "/usr/local/lib/python2.6/dist-packages/Twisted-10.1.0-py2.6-linux-x86_64.egg/twisted/internet/task.py", line 458, in _oneWorkUnit
	    result = self._iterator.next()
	  File "/usr/local/lib/python2.6/dist-packages/Scrapy-0.10.2-py2.6.egg/scrapy/utils/defer.py", line 57, in <genexpr>
	    work = (callable(elem, *args, **named) for elem in iterable)
	--- <exception caught here> ---
	  File "/usr/local/lib/python2.6/dist-packages/Scrapy-0.10.2-py2.6.egg/scrapy/utils/defer.py", line 96, in iter_errback
	    yield it.next()
	  File "/usr/local/lib/python2.6/dist-packages/Scrapy-0.10.2-py2.6.egg/scrapy/contrib/spidermiddleware/offsite.py", line 24, in process_spider_output
	    for x in result:
	  File "/usr/local/lib/python2.6/dist-packages/Scrapy-0.10.2-py2.6.egg/scrapy/contrib/spidermiddleware/referer.py", line 14, in <genexpr>
	    return (_set_referer(r) for r in result or ())
	  File "/usr/local/lib/python2.6/dist-packages/Scrapy-0.10.2-py2.6.egg/scrapy/contrib/spidermiddleware/urllength.py", line 32, in <genexpr>
	    return (r for r in result or () if _filter(r))
	  File "/usr/local/lib/python2.6/dist-packages/Scrapy-0.10.2-py2.6.egg/scrapy/contrib/spidermiddleware/depth.py", line 48, in <genexpr>
	    return (r for r in result or () if _filter(r))
	  File "/home/anders/bots999/libercopy/liberbot/spiders/series_21.py", line 61, in parse_episode
	    serie['temp'], serie['epi'], epi_title = hxs.select('//h1/text()').re(r' (\d)x(\d*) - (.*)')
	exceptions.ValueError: need more than 0 values to unpack
	
2010-10-17 01:47:04+0200 [series-21] DEBUG: Crawled (200) <GET http://www.series21.com/icarly/1x23-esgrima/> (referer: http://www.series21.com/icarly/)
2010-10-17 01:47:04+0200 [series-21] ERROR: Spider error processing <http://www.series21.com/icarly/1x23-esgrima/> (referer: <http://www.series21.com/icarly/>)
	Traceback (most recent call last):
	  File "/usr/local/lib/python2.6/dist-packages/Twisted-10.1.0-py2.6-linux-x86_64.egg/twisted/internet/base.py", line 796, in runUntilCurrent
	    call.func(*call.args, **call.kw)
	  File "/usr/local/lib/python2.6/dist-packages/Twisted-10.1.0-py2.6-linux-x86_64.egg/twisted/internet/task.py", line 577, in _tick
	    taskObj._oneWorkUnit()
	  File "/usr/local/lib/python2.6/dist-packages/Twisted-10.1.0-py2.6-linux-x86_64.egg/twisted/internet/task.py", line 458, in _oneWorkUnit
	    result = self._iterator.next()
	  File "/usr/local/lib/python2.6/dist-packages/Scrapy-0.10.2-py2.6.egg/scrapy/utils/defer.py", line 57, in <genexpr>
	    work = (callable(elem, *args, **named) for elem in iterable)
	--- <exception caught here> ---
	  File "/usr/local/lib/python2.6/dist-packages/Scrapy-0.10.2-py2.6.egg/scrapy/utils/defer.py", line 96, in iter_errback
	    yield it.next()
	  File "/usr/local/lib/python2.6/dist-packages/Scrapy-0.10.2-py2.6.egg/scrapy/contrib/spidermiddleware/offsite.py", line 24, in process_spider_output
	    for x in result:
	  File "/usr/local/lib/python2.6/dist-packages/Scrapy-0.10.2-py2.6.egg/scrapy/contrib/spidermiddleware/referer.py", line 14, in <genexpr>
	    return (_set_referer(r) for r in result or ())
	  File "/usr/local/lib/python2.6/dist-packages/Scrapy-0.10.2-py2.6.egg/scrapy/contrib/spidermiddleware/urllength.py", line 32, in <genexpr>
	    return (r for r in result or () if _filter(r))
	  File "/usr/local/lib/python2.6/dist-packages/Scrapy-0.10.2-py2.6.egg/scrapy/contrib/spidermiddleware/depth.py", line 48, in <genexpr>
	    return (r for r in result or () if _filter(r))
	  File "/home/anders/bots999/libercopy/liberbot/spiders/series_21.py", line 61, in parse_episode
	    serie['temp'], serie['epi'], epi_title = hxs.select('//h1/text()').re(r' (\d)x(\d*) - (.*)')
	exceptions.ValueError: need more than 0 values to unpack
	
2010-10-17 01:47:05+0200 [series-21] DEBUG: Crawled (200) <GET http://www.series21.com/icarly/1x22-cambiare-de-escuela/> (referer: http://www.series21.com/icarly/)
2010-10-17 01:47:05+0200 [series-21] ERROR: Spider error processing <http://www.series21.com/icarly/1x22-cambiare-de-escuela/> (referer: <http://www.series21.com/icarly/>)
	Traceback (most recent call last):
	  File "/usr/local/lib/python2.6/dist-packages/Twisted-10.1.0-py2.6-linux-x86_64.egg/twisted/internet/base.py", line 796, in runUntilCurrent
	    call.func(*call.args, **call.kw)
	  File "/usr/local/lib/python2.6/dist-packages/Twisted-10.1.0-py2.6-linux-x86_64.egg/twisted/internet/task.py", line 577, in _tick
	    taskObj._oneWorkUnit()
	  File "/usr/local/lib/python2.6/dist-packages/Twisted-10.1.0-py2.6-linux-x86_64.egg/twisted/internet/task.py", line 458, in _oneWorkUnit
	    result = self._iterator.next()
	  File "/usr/local/lib/python2.6/dist-packages/Scrapy-0.10.2-py2.6.egg/scrapy/utils/defer.py", line 57, in <genexpr>
	    work = (callable(elem, *args, **named) for elem in iterable)
	--- <exception caught here> ---
	  File "/usr/local/lib/python2.6/dist-packages/Scrapy-0.10.2-py2.6.egg/scrapy/utils/defer.py", line 96, in iter_errback
	    yield it.next()
	  File "/usr/local/lib/python2.6/dist-packages/Scrapy-0.10.2-py2.6.egg/scrapy/contrib/spidermiddleware/offsite.py", line 24, in process_spider_output
	    for x in result:
	  File "/usr/local/lib/python2.6/dist-packages/Scrapy-0.10.2-py2.6.egg/scrapy/contrib/spidermiddleware/referer.py", line 14, in <genexpr>
	    return (_set_referer(r) for r in result or ())
	  File "/usr/local/lib/python2.6/dist-packages/Scrapy-0.10.2-py2.6.egg/scrapy/contrib/spidermiddleware/urllength.py", line 32, in <genexpr>
	    return (r for r in result or () if _filter(r))
	  File "/usr/local/lib/python2.6/dist-packages/Scrapy-0.10.2-py2.6.egg/scrapy/contrib/spidermiddleware/depth.py", line 48, in <genexpr>
	    return (r for r in result or () if _filter(r))
	  File "/home/anders/bots999/libercopy/liberbot/spiders/series_21.py", line 61, in parse_episode
	    serie['temp'], serie['epi'], epi_title = hxs.select('//h1/text()').re(r' (\d)x(\d*) - (.*)')
	exceptions.ValueError: need more than 0 values to unpack
	
2010-10-17 01:47:06+0200 [series-21] DEBUG: Crawled (200) <GET http://www.series21.com/icarly/1x21-la-emboscada/> (referer: http://www.series21.com/icarly/)
2010-10-17 01:47:06+0200 [series-21] ERROR: Spider error processing <http://www.series21.com/icarly/1x21-la-emboscada/> (referer: <http://www.series21.com/icarly/>)
	Traceback (most recent call last):
	  File "/usr/local/lib/python2.6/dist-packages/Twisted-10.1.0-py2.6-linux-x86_64.egg/twisted/internet/base.py", line 796, in runUntilCurrent
	    call.func(*call.args, **call.kw)
	  File "/usr/local/lib/python2.6/dist-packages/Twisted-10.1.0-py2.6-linux-x86_64.egg/twisted/internet/task.py", line 577, in _tick
	    taskObj._oneWorkUnit()
	  File "/usr/local/lib/python2.6/dist-packages/Twisted-10.1.0-py2.6-linux-x86_64.egg/twisted/internet/task.py", line 458, in _oneWorkUnit
	    result = self._iterator.next()
	  File "/usr/local/lib/python2.6/dist-packages/Scrapy-0.10.2-py2.6.egg/scrapy/utils/defer.py", line 57, in <genexpr>
	    work = (callable(elem, *args, **named) for elem in iterable)
	--- <exception caught here> ---
	  File "/usr/local/lib/python2.6/dist-packages/Scrapy-0.10.2-py2.6.egg/scrapy/utils/defer.py", line 96, in iter_errback
	    yield it.next()
	  File "/usr/local/lib/python2.6/dist-packages/Scrapy-0.10.2-py2.6.egg/scrapy/contrib/spidermiddleware/offsite.py", line 24, in process_spider_output
	    for x in result:
	  File "/usr/local/lib/python2.6/dist-packages/Scrapy-0.10.2-py2.6.egg/scrapy/contrib/spidermiddleware/referer.py", line 14, in <genexpr>
	    return (_set_referer(r) for r in result or ())
	  File "/usr/local/lib/python2.6/dist-packages/Scrapy-0.10.2-py2.6.egg/scrapy/contrib/spidermiddleware/urllength.py", line 32, in <genexpr>
	    return (r for r in result or () if _filter(r))
	  File "/usr/local/lib/python2.6/dist-packages/Scrapy-0.10.2-py2.6.egg/scrapy/contrib/spidermiddleware/depth.py", line 48, in <genexpr>
	    return (r for r in result or () if _filter(r))
	  File "/home/anders/bots999/libercopy/liberbot/spiders/series_21.py", line 61, in parse_episode
	    serie['temp'], serie['epi'], epi_title = hxs.select('//h1/text()').re(r' (\d)x(\d*) - (.*)')
	exceptions.ValueError: need more than 0 values to unpack
	
2010-10-17 01:47:07+0200 [series-21] DEBUG: Crawled (200) <GET http://www.series21.com/icarly/1x20-icarly-salva-la-television/> (referer: http://www.series21.com/icarly/)
2010-10-17 01:47:07+0200 [series-21] ERROR: Spider error processing <http://www.series21.com/icarly/1x20-icarly-salva-la-television/> (referer: <http://www.series21.com/icarly/>)
	Traceback (most recent call last):
	  File "/usr/local/lib/python2.6/dist-packages/Twisted-10.1.0-py2.6-linux-x86_64.egg/twisted/internet/base.py", line 796, in runUntilCurrent
	    call.func(*call.args, **call.kw)
	  File "/usr/local/lib/python2.6/dist-packages/Twisted-10.1.0-py2.6-linux-x86_64.egg/twisted/internet/task.py", line 577, in _tick
	    taskObj._oneWorkUnit()
	  File "/usr/local/lib/python2.6/dist-packages/Twisted-10.1.0-py2.6-linux-x86_64.egg/twisted/internet/task.py", line 458, in _oneWorkUnit
	    result = self._iterator.next()
	  File "/usr/local/lib/python2.6/dist-packages/Scrapy-0.10.2-py2.6.egg/scrapy/utils/defer.py", line 57, in <genexpr>
	    work = (callable(elem, *args, **named) for elem in iterable)
	--- <exception caught here> ---
	  File "/usr/local/lib/python2.6/dist-packages/Scrapy-0.10.2-py2.6.egg/scrapy/utils/defer.py", line 96, in iter_errback
	    yield it.next()
	  File "/usr/local/lib/python2.6/dist-packages/Scrapy-0.10.2-py2.6.egg/scrapy/contrib/spidermiddleware/offsite.py", line 24, in process_spider_output
	    for x in result:
	  File "/usr/local/lib/python2.6/dist-packages/Scrapy-0.10.2-py2.6.egg/scrapy/contrib/spidermiddleware/referer.py", line 14, in <genexpr>
	    return (_set_referer(r) for r in result or ())
	  File "/usr/local/lib/python2.6/dist-packages/Scrapy-0.10.2-py2.6.egg/scrapy/contrib/spidermiddleware/urllength.py", line 32, in <genexpr>
	    return (r for r in result or () if _filter(r))
	  File "/usr/local/lib/python2.6/dist-packages/Scrapy-0.10.2-py2.6.egg/scrapy/contrib/spidermiddleware/depth.py", line 48, in <genexpr>
	    return (r for r in result or () if _filter(r))
	  File "/home/anders/bots999/libercopy/liberbot/spiders/series_21.py", line 61, in parse_episode
	    serie['temp'], serie['epi'], epi_title = hxs.select('//h1/text()').re(r' (\d)x(\d*) - (.*)')
	exceptions.ValueError: need more than 0 values to unpack
	
2010-10-17 01:47:08+0200 [series-21] DEBUG: Crawled (200) <GET http://www.series21.com/icarly/1x18-todos-a-detencion/> (referer: http://www.series21.com/icarly/)
2010-10-17 01:47:08+0200 [series-21] ERROR: Spider error processing <http://www.series21.com/icarly/1x18-todos-a-detencion/> (referer: <http://www.series21.com/icarly/>)
	Traceback (most recent call last):
	  File "/usr/local/lib/python2.6/dist-packages/Twisted-10.1.0-py2.6-linux-x86_64.egg/twisted/internet/base.py", line 796, in runUntilCurrent
	    call.func(*call.args, **call.kw)
	  File "/usr/local/lib/python2.6/dist-packages/Twisted-10.1.0-py2.6-linux-x86_64.egg/twisted/internet/task.py", line 577, in _tick
	    taskObj._oneWorkUnit()
	  File "/usr/local/lib/python2.6/dist-packages/Twisted-10.1.0-py2.6-linux-x86_64.egg/twisted/internet/task.py", line 458, in _oneWorkUnit
	    result = self._iterator.next()
	  File "/usr/local/lib/python2.6/dist-packages/Scrapy-0.10.2-py2.6.egg/scrapy/utils/defer.py", line 57, in <genexpr>
	    work = (callable(elem, *args, **named) for elem in iterable)
	--- <exception caught here> ---
	  File "/usr/local/lib/python2.6/dist-packages/Scrapy-0.10.2-py2.6.egg/scrapy/utils/defer.py", line 96, in iter_errback
	    yield it.next()
	  File "/usr/local/lib/python2.6/dist-packages/Scrapy-0.10.2-py2.6.egg/scrapy/contrib/spidermiddleware/offsite.py", line 24, in process_spider_output
	    for x in result:
	  File "/usr/local/lib/python2.6/dist-packages/Scrapy-0.10.2-py2.6.egg/scrapy/contrib/spidermiddleware/referer.py", line 14, in <genexpr>
	    return (_set_referer(r) for r in result or ())
	  File "/usr/local/lib/python2.6/dist-packages/Scrapy-0.10.2-py2.6.egg/scrapy/contrib/spidermiddleware/urllength.py", line 32, in <genexpr>
	    return (r for r in result or () if _filter(r))
	  File "/usr/local/lib/python2.6/dist-packages/Scrapy-0.10.2-py2.6.egg/scrapy/contrib/spidermiddleware/depth.py", line 48, in <genexpr>
	    return (r for r in result or () if _filter(r))
	  File "/home/anders/bots999/libercopy/liberbot/spiders/series_21.py", line 61, in parse_episode
	    serie['temp'], serie['epi'], epi_title = hxs.select('//h1/text()').re(r' (\d)x(\d*) - (.*)')
	exceptions.ValueError: need more than 0 values to unpack
	
2010-10-17 01:47:09+0200 [series-21] DEBUG: Crawled (200) <GET http://www.series21.com/icarly/1x17-anunciando-techfoots/> (referer: http://www.series21.com/icarly/)
2010-10-17 01:47:09+0200 [series-21] ERROR: Spider error processing <http://www.series21.com/icarly/1x17-anunciando-techfoots/> (referer: <http://www.series21.com/icarly/>)
	Traceback (most recent call last):
	  File "/usr/local/lib/python2.6/dist-packages/Twisted-10.1.0-py2.6-linux-x86_64.egg/twisted/internet/base.py", line 796, in runUntilCurrent
	    call.func(*call.args, **call.kw)
	  File "/usr/local/lib/python2.6/dist-packages/Twisted-10.1.0-py2.6-linux-x86_64.egg/twisted/internet/task.py", line 577, in _tick
	    taskObj._oneWorkUnit()
	  File "/usr/local/lib/python2.6/dist-packages/Twisted-10.1.0-py2.6-linux-x86_64.egg/twisted/internet/task.py", line 458, in _oneWorkUnit
	    result = self._iterator.next()
	  File "/usr/local/lib/python2.6/dist-packages/Scrapy-0.10.2-py2.6.egg/scrapy/utils/defer.py", line 57, in <genexpr>
	    work = (callable(elem, *args, **named) for elem in iterable)
	--- <exception caught here> ---
	  File "/usr/local/lib/python2.6/dist-packages/Scrapy-0.10.2-py2.6.egg/scrapy/utils/defer.py", line 96, in iter_errback
	    yield it.next()
	  File "/usr/local/lib/python2.6/dist-packages/Scrapy-0.10.2-py2.6.egg/scrapy/contrib/spidermiddleware/offsite.py", line 24, in process_spider_output
	    for x in result:
	  File "/usr/local/lib/python2.6/dist-packages/Scrapy-0.10.2-py2.6.egg/scrapy/contrib/spidermiddleware/referer.py", line 14, in <genexpr>
	    return (_set_referer(r) for r in result or ())
	  File "/usr/local/lib/python2.6/dist-packages/Scrapy-0.10.2-py2.6.egg/scrapy/contrib/spidermiddleware/urllength.py", line 32, in <genexpr>
	    return (r for r in result or () if _filter(r))
	  File "/usr/local/lib/python2.6/dist-packages/Scrapy-0.10.2-py2.6.egg/scrapy/contrib/spidermiddleware/depth.py", line 48, in <genexpr>
	    return (r for r in result or () if _filter(r))
	  File "/home/anders/bots999/libercopy/liberbot/spiders/series_21.py", line 61, in parse_episode
	    serie['temp'], serie['epi'], epi_title = hxs.select('//h1/text()').re(r' (\d)x(\d*) - (.*)')
	exceptions.ValueError: need more than 0 values to unpack
	
2010-10-17 01:47:10+0200 [series-21] DEBUG: Crawled (200) <GET http://www.series21.com/icarly/1x15-prometo-guardar-el-secreto/> (referer: http://www.series21.com/icarly/)
2010-10-17 01:47:10+0200 [series-21] ERROR: Spider error processing <http://www.series21.com/icarly/1x15-prometo-guardar-el-secreto/> (referer: <http://www.series21.com/icarly/>)
	Traceback (most recent call last):
	  File "/usr/local/lib/python2.6/dist-packages/Twisted-10.1.0-py2.6-linux-x86_64.egg/twisted/internet/base.py", line 796, in runUntilCurrent
	    call.func(*call.args, **call.kw)
	  File "/usr/local/lib/python2.6/dist-packages/Twisted-10.1.0-py2.6-linux-x86_64.egg/twisted/internet/task.py", line 577, in _tick
	    taskObj._oneWorkUnit()
	  File "/usr/local/lib/python2.6/dist-packages/Twisted-10.1.0-py2.6-linux-x86_64.egg/twisted/internet/task.py", line 458, in _oneWorkUnit
	    result = self._iterator.next()
	  File "/usr/local/lib/python2.6/dist-packages/Scrapy-0.10.2-py2.6.egg/scrapy/utils/defer.py", line 57, in <genexpr>
	    work = (callable(elem, *args, **named) for elem in iterable)
	--- <exception caught here> ---
	  File "/usr/local/lib/python2.6/dist-packages/Scrapy-0.10.2-py2.6.egg/scrapy/utils/defer.py", line 96, in iter_errback
	    yield it.next()
	  File "/usr/local/lib/python2.6/dist-packages/Scrapy-0.10.2-py2.6.egg/scrapy/contrib/spidermiddleware/offsite.py", line 24, in process_spider_output
	    for x in result:
	  File "/usr/local/lib/python2.6/dist-packages/Scrapy-0.10.2-py2.6.egg/scrapy/contrib/spidermiddleware/referer.py", line 14, in <genexpr>
	    return (_set_referer(r) for r in result or ())
	  File "/usr/local/lib/python2.6/dist-packages/Scrapy-0.10.2-py2.6.egg/scrapy/contrib/spidermiddleware/urllength.py", line 32, in <genexpr>
	    return (r for r in result or () if _filter(r))
	  File "/usr/local/lib/python2.6/dist-packages/Scrapy-0.10.2-py2.6.egg/scrapy/contrib/spidermiddleware/depth.py", line 48, in <genexpr>
	    return (r for r in result or () if _filter(r))
	  File "/home/anders/bots999/libercopy/liberbot/spiders/series_21.py", line 61, in parse_episode
	    serie['temp'], serie['epi'], epi_title = hxs.select('//h1/text()').re(r' (\d)x(\d*) - (.*)')
	exceptions.ValueError: need more than 0 values to unpack
	
2010-10-17 01:47:11+0200 [series-21] DEBUG: Crawled (200) <GET http://www.series21.com/icarly/1x14-planire-el-dia/> (referer: http://www.series21.com/icarly/)
2010-10-17 01:47:11+0200 [series-21] ERROR: Spider error processing <http://www.series21.com/icarly/1x14-planire-el-dia/> (referer: <http://www.series21.com/icarly/>)
	Traceback (most recent call last):
	  File "/usr/local/lib/python2.6/dist-packages/Twisted-10.1.0-py2.6-linux-x86_64.egg/twisted/internet/base.py", line 796, in runUntilCurrent
	    call.func(*call.args, **call.kw)
	  File "/usr/local/lib/python2.6/dist-packages/Twisted-10.1.0-py2.6-linux-x86_64.egg/twisted/internet/task.py", line 577, in _tick
	    taskObj._oneWorkUnit()
	  File "/usr/local/lib/python2.6/dist-packages/Twisted-10.1.0-py2.6-linux-x86_64.egg/twisted/internet/task.py", line 458, in _oneWorkUnit
	    result = self._iterator.next()
	  File "/usr/local/lib/python2.6/dist-packages/Scrapy-0.10.2-py2.6.egg/scrapy/utils/defer.py", line 57, in <genexpr>
	    work = (callable(elem, *args, **named) for elem in iterable)
	--- <exception caught here> ---
	  File "/usr/local/lib/python2.6/dist-packages/Scrapy-0.10.2-py2.6.egg/scrapy/utils/defer.py", line 96, in iter_errback
	    yield it.next()
	  File "/usr/local/lib/python2.6/dist-packages/Scrapy-0.10.2-py2.6.egg/scrapy/contrib/spidermiddleware/offsite.py", line 24, in process_spider_output
	    for x in result:
	  File "/usr/local/lib/python2.6/dist-packages/Scrapy-0.10.2-py2.6.egg/scrapy/contrib/spidermiddleware/referer.py", line 14, in <genexpr>
	    return (_set_referer(r) for r in result or ())
	  File "/usr/local/lib/python2.6/dist-packages/Scrapy-0.10.2-py2.6.egg/scrapy/contrib/spidermiddleware/urllength.py", line 32, in <genexpr>
	    return (r for r in result or () if _filter(r))
	  File "/usr/local/lib/python2.6/dist-packages/Scrapy-0.10.2-py2.6.egg/scrapy/contrib/spidermiddleware/depth.py", line 48, in <genexpr>
	    return (r for r in result or () if _filter(r))
	  File "/home/anders/bots999/libercopy/liberbot/spiders/series_21.py", line 61, in parse_episode
	    serie['temp'], serie['epi'], epi_title = hxs.select('//h1/text()').re(r' (\d)x(\d*) - (.*)')
	exceptions.ValueError: need more than 0 values to unpack
	
2010-10-17 01:47:13+0200 [series-21] DEBUG: Crawled (200) <GET http://www.series21.com/icarly/1x13-gritando-en-halloween/> (referer: http://www.series21.com/icarly/)
2010-10-17 01:47:13+0200 [series-21] ERROR: Spider error processing <http://www.series21.com/icarly/1x13-gritando-en-halloween/> (referer: <http://www.series21.com/icarly/>)
	Traceback (most recent call last):
	  File "/usr/local/lib/python2.6/dist-packages/Twisted-10.1.0-py2.6-linux-x86_64.egg/twisted/internet/base.py", line 796, in runUntilCurrent
	    call.func(*call.args, **call.kw)
	  File "/usr/local/lib/python2.6/dist-packages/Twisted-10.1.0-py2.6-linux-x86_64.egg/twisted/internet/task.py", line 577, in _tick
	    taskObj._oneWorkUnit()
	  File "/usr/local/lib/python2.6/dist-packages/Twisted-10.1.0-py2.6-linux-x86_64.egg/twisted/internet/task.py", line 458, in _oneWorkUnit
	    result = self._iterator.next()
	  File "/usr/local/lib/python2.6/dist-packages/Scrapy-0.10.2-py2.6.egg/scrapy/utils/defer.py", line 57, in <genexpr>
	    work = (callable(elem, *args, **named) for elem in iterable)
	--- <exception caught here> ---
	  File "/usr/local/lib/python2.6/dist-packages/Scrapy-0.10.2-py2.6.egg/scrapy/utils/defer.py", line 96, in iter_errback
	    yield it.next()
	  File "/usr/local/lib/python2.6/dist-packages/Scrapy-0.10.2-py2.6.egg/scrapy/contrib/spidermiddleware/offsite.py", line 24, in process_spider_output
	    for x in result:
	  File "/usr/local/lib/python2.6/dist-packages/Scrapy-0.10.2-py2.6.egg/scrapy/contrib/spidermiddleware/referer.py", line 14, in <genexpr>
	    return (_set_referer(r) for r in result or ())
	  File "/usr/local/lib/python2.6/dist-packages/Scrapy-0.10.2-py2.6.egg/scrapy/contrib/spidermiddleware/urllength.py", line 32, in <genexpr>
	    return (r for r in result or () if _filter(r))
	  File "/usr/local/lib/python2.6/dist-packages/Scrapy-0.10.2-py2.6.egg/scrapy/contrib/spidermiddleware/depth.py", line 48, in <genexpr>
	    return (r for r in result or () if _filter(r))
	  File "/home/anders/bots999/libercopy/liberbot/spiders/series_21.py", line 61, in parse_episode
	    serie['temp'], serie['epi'], epi_title = hxs.select('//h1/text()').re(r' (\d)x(\d*) - (.*)')
	exceptions.ValueError: need more than 0 values to unpack
	
2010-10-17 01:47:14+0200 [series-21] DEBUG: Crawled (200) <GET http://www.series21.com/icarly/1x12-sueno-con-bailar/> (referer: http://www.series21.com/icarly/)
2010-10-17 01:47:14+0200 [series-21] ERROR: Spider error processing <http://www.series21.com/icarly/1x12-sueno-con-bailar/> (referer: <http://www.series21.com/icarly/>)
	Traceback (most recent call last):
	  File "/usr/local/lib/python2.6/dist-packages/Twisted-10.1.0-py2.6-linux-x86_64.egg/twisted/internet/base.py", line 796, in runUntilCurrent
	    call.func(*call.args, **call.kw)
	  File "/usr/local/lib/python2.6/dist-packages/Twisted-10.1.0-py2.6-linux-x86_64.egg/twisted/internet/task.py", line 577, in _tick
	    taskObj._oneWorkUnit()
	  File "/usr/local/lib/python2.6/dist-packages/Twisted-10.1.0-py2.6-linux-x86_64.egg/twisted/internet/task.py", line 458, in _oneWorkUnit
	    result = self._iterator.next()
	  File "/usr/local/lib/python2.6/dist-packages/Scrapy-0.10.2-py2.6.egg/scrapy/utils/defer.py", line 57, in <genexpr>
	    work = (callable(elem, *args, **named) for elem in iterable)
	--- <exception caught here> ---
	  File "/usr/local/lib/python2.6/dist-packages/Scrapy-0.10.2-py2.6.egg/scrapy/utils/defer.py", line 96, in iter_errback
	    yield it.next()
	  File "/usr/local/lib/python2.6/dist-packages/Scrapy-0.10.2-py2.6.egg/scrapy/contrib/spidermiddleware/offsite.py", line 24, in process_spider_output
	    for x in result:
	  File "/usr/local/lib/python2.6/dist-packages/Scrapy-0.10.2-py2.6.egg/scrapy/contrib/spidermiddleware/referer.py", line 14, in <genexpr>
	    return (_set_referer(r) for r in result or ())
	  File "/usr/local/lib/python2.6/dist-packages/Scrapy-0.10.2-py2.6.egg/scrapy/contrib/spidermiddleware/urllength.py", line 32, in <genexpr>
	    return (r for r in result or () if _filter(r))
	  File "/usr/local/lib/python2.6/dist-packages/Scrapy-0.10.2-py2.6.egg/scrapy/contrib/spidermiddleware/depth.py", line 48, in <genexpr>
	    return (r for r in result or () if _filter(r))
	  File "/home/anders/bots999/libercopy/liberbot/spiders/series_21.py", line 61, in parse_episode
	    serie['temp'], serie['epi'], epi_title = hxs.select('//h1/text()').re(r' (\d)x(\d*) - (.*)')
	exceptions.ValueError: need more than 0 values to unpack
	
2010-10-17 01:47:16+0200 [series-21] DEBUG: Crawled (200) <GET http://www.series21.com/icarly/1x11-cazando-pollos/> (referer: http://www.series21.com/icarly/)
2010-10-17 01:47:16+0200 [series-21] DEBUG: Scraped LiberBotItems(lang='English', temp=u'1', links=u'http://www.megavideo.com/?v=KJGS2HBT', serie=u'iCarly', epi=u'11', sublang='Spanish') in <http://www.series21.com/icarly/1x11-cazando-pollos/>
2010-10-17 01:47:16+0200 [series-21] INFO: Passed LiberBotItems(lang='English', temp=u'1', links=u'http://www.megavideo.com/?v=KJGS2HBT', serie=u'iCarly', epi=u'11', sublang='Spanish')
2010-10-17 01:47:16+0200 [series-21] DEBUG: Scraped LiberBotItems(lang='English', temp=u'1', links=u'http://www.megaupload.com/?d=79J0XNKG', serie=u'iCarly', epi=u'11', sublang='Spanish') in <http://www.series21.com/icarly/1x11-cazando-pollos/>
2010-10-17 01:47:16+0200 [series-21] INFO: Passed LiberBotItems(lang='English', temp=u'1', links=u'http://www.megaupload.com/?d=79J0XNKG', serie=u'iCarly', epi=u'11', sublang='Spanish')
2010-10-17 01:47:17+0200 [series-21] DEBUG: Crawled (200) <GET http://www.series21.com/icarly/1x10-la-fan-mas-grande/> (referer: http://www.series21.com/icarly/)
2010-10-17 01:47:17+0200 [series-21] DEBUG: Scraped LiberBotItems(lang='English', temp=u'1', links=u'http://www.megavideo.com/?v=2HHWBEPL', serie=u'iCarly', epi=u'10', sublang='Spanish') in <http://www.series21.com/icarly/1x10-la-fan-mas-grande/>
2010-10-17 01:47:17+0200 [series-21] INFO: Passed LiberBotItems(lang='English', temp=u'1', links=u'http://www.megavideo.com/?v=2HHWBEPL', serie=u'iCarly', epi=u'10', sublang='Spanish')
2010-10-17 01:47:17+0200 [series-21] DEBUG: Scraped LiberBotItems(lang='English', temp=u'1', links=u'http://www.megaupload.com/?d=L0SGZR3R', serie=u'iCarly', epi=u'10', sublang='Spanish') in <http://www.series21.com/icarly/1x10-la-fan-mas-grande/>
2010-10-17 01:47:17+0200 [series-21] INFO: Passed LiberBotItems(lang='English', temp=u'1', links=u'http://www.megaupload.com/?d=L0SGZR3R', serie=u'iCarly', epi=u'10', sublang='Spanish')
2010-10-17 01:47:20+0200 [series-21] DEBUG: Crawled (200) <GET http://www.series21.com/icarly/1x09-amo-el-arte/> (referer: http://www.series21.com/icarly/)
2010-10-17 01:47:20+0200 [series-21] DEBUG: Scraped LiberBotItems(lang='English', temp=u'1', links=u'http://www.megavideo.com/?v=NUNHUMGT', serie=u'iCarly', epi=u'09', sublang='Spanish') in <http://www.series21.com/icarly/1x09-amo-el-arte/>
2010-10-17 01:47:20+0200 [series-21] INFO: Passed LiberBotItems(lang='English', temp=u'1', links=u'http://www.megavideo.com/?v=NUNHUMGT', serie=u'iCarly', epi=u'09', sublang='Spanish')
2010-10-17 01:47:20+0200 [series-21] DEBUG: Scraped LiberBotItems(lang='English', temp=u'1', links=u'http://www.megaupload.com/?d=NTUT22VE', serie=u'iCarly', epi=u'09', sublang='Spanish') in <http://www.series21.com/icarly/1x09-amo-el-arte/>
2010-10-17 01:47:20+0200 [series-21] INFO: Passed LiberBotItems(lang='English', temp=u'1', links=u'http://www.megaupload.com/?d=NTUT22VE', serie=u'iCarly', epi=u'09', sublang='Spanish')
2010-10-17 01:47:50+0200 [series-21] DEBUG: Crawled (200) <GET http://www.series21.com/icarly/1x08-quiero-salir-con-freddie/> (referer: http://www.series21.com/icarly/)
2010-10-17 01:47:50+0200 [series-21] DEBUG: Scraped LiberBotItems(lang='English', temp=u'1', links=u'http://www.megavideo.com/?v=TJRTF4KU', serie=u'iCarly', epi=u'08', sublang='Spanish') in <http://www.series21.com/icarly/1x08-quiero-salir-con-freddie/>
2010-10-17 01:47:50+0200 [series-21] INFO: Passed LiberBotItems(lang='English', temp=u'1', links=u'http://www.megavideo.com/?v=TJRTF4KU', serie=u'iCarly', epi=u'08', sublang='Spanish')
2010-10-17 01:47:50+0200 [series-21] DEBUG: Scraped LiberBotItems(lang='English', temp=u'1', links=u'http://www.megaupload.com/?d=TM44MAL2', serie=u'iCarly', epi=u'08', sublang='Spanish') in <http://www.series21.com/icarly/1x08-quiero-salir-con-freddie/>
2010-10-17 01:47:50+0200 [series-21] INFO: Passed LiberBotItems(lang='English', temp=u'1', links=u'http://www.megaupload.com/?d=TM44MAL2', serie=u'iCarly', epi=u'08', sublang='Spanish')
2010-10-17 01:48:23+0200 [series-21] DEBUG: Crawled (200) <GET http://www.series21.com/icarly/1x07-quiero-romper-un-record-mundial/> (referer: http://www.series21.com/icarly/)
2010-10-17 01:48:23+0200 [series-21] DEBUG: Scraped LiberBotItems(lang='English', temp=u'1', links=u'http://www.megavideo.com/?v=FA20A8Y1', serie=u'iCarly', epi=u'07', sublang='Spanish') in <http://www.series21.com/icarly/1x07-quiero-romper-un-record-mundial/>
2010-10-17 01:48:23+0200 [series-21] INFO: Passed LiberBotItems(lang='English', temp=u'1', links=u'http://www.megavideo.com/?v=FA20A8Y1', serie=u'iCarly', epi=u'07', sublang='Spanish')
2010-10-17 01:48:23+0200 [series-21] DEBUG: Scraped LiberBotItems(lang='English', temp=u'1', links=u'http://www.megaupload.com/?d=5J9Y939X', serie=u'iCarly', epi=u'07', sublang='Spanish') in <http://www.series21.com/icarly/1x07-quiero-romper-un-record-mundial/>
2010-10-17 01:48:23+0200 [series-21] INFO: Passed LiberBotItems(lang='English', temp=u'1', links=u'http://www.megaupload.com/?d=5J9Y939X', serie=u'iCarly', epi=u'07', sublang='Spanish')
2010-10-17 01:48:48+0200 [series-21] DEBUG: Retrying <GET http://www.series21.com/icarly/1x06-espiando-a-la-maestra-malvada/> (failed 1 times): Connection was closed cleanly.
2010-10-17 01:48:49+0200 [series-21] DEBUG: Crawled (200) <GET http://www.series21.com/icarly/1x05-me-quiero-quedar-con-spencer/> (referer: http://www.series21.com/icarly/)
2010-10-17 01:48:49+0200 [series-21] DEBUG: Scraped LiberBotItems(lang='English', temp=u'1', links=u'http://www.megavideo.com/?v=ZBVDILP7', serie=u'iCarly', epi=u'05', sublang='Spanish') in <http://www.series21.com/icarly/1x05-me-quiero-quedar-con-spencer/>
2010-10-17 01:48:49+0200 [series-21] INFO: Passed LiberBotItems(lang='English', temp=u'1', links=u'http://www.megavideo.com/?v=ZBVDILP7', serie=u'iCarly', epi=u'05', sublang='Spanish')
2010-10-17 01:48:49+0200 [series-21] DEBUG: Scraped LiberBotItems(lang='English', temp=u'1', links=u'http://www.megaupload.com/?d=BY80O5I2', serie=u'iCarly', epi=u'05', sublang='Spanish') in <http://www.series21.com/icarly/1x05-me-quiero-quedar-con-spencer/>
2010-10-17 01:48:49+0200 [series-21] INFO: Passed LiberBotItems(lang='English', temp=u'1', links=u'http://www.megaupload.com/?d=BY80O5I2', serie=u'iCarly', epi=u'05', sublang='Spanish')
2010-10-17 01:48:55+0200 [series-21] DEBUG: Crawled (200) <GET http://www.series21.com/icarly/1x04-inevel/> (referer: http://www.series21.com/icarly/)
2010-10-17 01:48:55+0200 [series-21] DEBUG: Scraped LiberBotItems(lang='English', temp=u'1', links=u'http://www.megavideo.com/?v=QX7KDZ3W', serie=u'iCarly', epi=u'04', sublang='Spanish') in <http://www.series21.com/icarly/1x04-inevel/>
2010-10-17 01:48:55+0200 [series-21] INFO: Passed LiberBotItems(lang='English', temp=u'1', links=u'http://www.megavideo.com/?v=QX7KDZ3W', serie=u'iCarly', epi=u'04', sublang='Spanish')
2010-10-17 01:48:55+0200 [series-21] DEBUG: Scraped LiberBotItems(lang='English', temp=u'1', links=u'http://www.megaupload.com/?d=4LPBIL39', serie=u'iCarly', epi=u'04', sublang='Spanish') in <http://www.series21.com/icarly/1x04-inevel/>
2010-10-17 01:48:55+0200 [series-21] INFO: Passed LiberBotItems(lang='English', temp=u'1', links=u'http://www.megaupload.com/?d=4LPBIL39', serie=u'iCarly', epi=u'04', sublang='Spanish')
2010-10-17 01:49:26+0200 [series-21] DEBUG: Crawled (200) <GET http://www.series21.com/icarly/1x03-quiero-mas-publico/> (referer: http://www.series21.com/icarly/)
2010-10-17 01:49:26+0200 [series-21] DEBUG: Scraped LiberBotItems(lang='English', temp=u'1', links=u'http://www.megavideo.com/?v=EMT1V217', serie=u'iCarly', epi=u'03', sublang='Spanish') in <http://www.series21.com/icarly/1x03-quiero-mas-publico/>
2010-10-17 01:49:26+0200 [series-21] INFO: Passed LiberBotItems(lang='English', temp=u'1', links=u'http://www.megavideo.com/?v=EMT1V217', serie=u'iCarly', epi=u'03', sublang='Spanish')
2010-10-17 01:49:26+0200 [series-21] DEBUG: Scraped LiberBotItems(lang='English', temp=u'1', links=u'http://www.megaupload.com/?d=T1FDFILC', serie=u'iCarly', epi=u'03', sublang='Spanish') in <http://www.series21.com/icarly/1x03-quiero-mas-publico/>
2010-10-17 01:49:26+0200 [series-21] INFO: Passed LiberBotItems(lang='English', temp=u'1', links=u'http://www.megaupload.com/?d=T1FDFILC', serie=u'iCarly', epi=u'03', sublang='Spanish')
2010-10-17 01:49:34+0200 [series-21] DEBUG: Crawled (200) <GET http://www.series21.com/icarly/1x02-me-gusta-jake/> (referer: http://www.series21.com/icarly/)
2010-10-17 01:49:34+0200 [series-21] DEBUG: Scraped LiberBotItems(lang='English', temp=u'1', links=u'http://www.megavideo.com/?v=EMT1V217', serie=u'iCarly', epi=u'02', sublang='Spanish') in <http://www.series21.com/icarly/1x02-me-gusta-jake/>
2010-10-17 01:49:34+0200 [series-21] INFO: Passed LiberBotItems(lang='English', temp=u'1', links=u'http://www.megavideo.com/?v=EMT1V217', serie=u'iCarly', epi=u'02', sublang='Spanish')
2010-10-17 01:49:34+0200 [series-21] DEBUG: Scraped LiberBotItems(lang='English', temp=u'1', links=u'http://www.megaupload.com/?d=9PN4ZQ8E', serie=u'iCarly', epi=u'02', sublang='Spanish') in <http://www.series21.com/icarly/1x02-me-gusta-jake/>
2010-10-17 01:49:34+0200 [series-21] INFO: Passed LiberBotItems(lang='English', temp=u'1', links=u'http://www.megaupload.com/?d=9PN4ZQ8E', serie=u'iCarly', epi=u'02', sublang='Spanish')
2010-10-17 01:49:50+0200 [series-21] DEBUG: Retrying <GET http://www.series21.com/icarly/1x01-ipilot/> (failed 1 times): Connection was closed cleanly.
2010-10-17 01:49:54+0200 [series-21] DEBUG: Crawled (200) <GET http://www.series21.com/inocentes/1x01-capitulo-01/> (referer: http://www.series21.com/inocentes/)
2010-10-17 01:49:54+0200 [series-21] DEBUG: Scraped LiberBotItems(lang='Spanish', serie=u'Inocentes', links=u'http://www.megavideo.com/?v=7VLIJTCM', temp=u'1', epi=u'01') in <http://www.series21.com/inocentes/1x01-capitulo-01/>
2010-10-17 01:49:54+0200 [series-21] INFO: Passed LiberBotItems(lang='Spanish', serie=u'Inocentes', links=u'http://www.megavideo.com/?v=7VLIJTCM', temp=u'1', epi=u'01')
2010-10-17 01:49:54+0200 [series-21] DEBUG: Scraped LiberBotItems(lang='Spanish', serie=u'Inocentes', links=u'http://www.megaupload.com/?d=263GAPCZ ', temp=u'1', epi=u'01') in <http://www.series21.com/inocentes/1x01-capitulo-01/>
2010-10-17 01:49:54+0200 [series-21] INFO: Passed LiberBotItems(lang='Spanish', serie=u'Inocentes', links=u'http://www.megaupload.com/?d=263GAPCZ ', temp=u'1', epi=u'01')
2010-10-17 01:49:56+0200 [series-21] DEBUG: Crawled (200) <GET http://www.series21.com/instant-star/4x12-sympathy-for-the-devil/> (referer: http://www.series21.com/instant-star/)
2010-10-17 01:49:56+0200 [series-21] DEBUG: Scraped LiberBotItems(lang='Spanish', serie=u'Instant Star', links=u'http://www.megavideo.com/?v=E822QBZ1', temp=u'4', epi=u'12') in <http://www.series21.com/instant-star/4x12-sympathy-for-the-devil/>
2010-10-17 01:49:56+0200 [series-21] INFO: Passed LiberBotItems(lang='Spanish', serie=u'Instant Star', links=u'http://www.megavideo.com/?v=E822QBZ1', temp=u'4', epi=u'12')
2010-10-17 01:49:56+0200 [series-21] DEBUG: Scraped LiberBotItems(lang='Spanish', serie=u'Instant Star', links=u'http://www.megaupload.com/?d=U3JQQDFF', temp=u'4', epi=u'12') in <http://www.series21.com/instant-star/4x12-sympathy-for-the-devil/>
2010-10-17 01:49:56+0200 [series-21] INFO: Passed LiberBotItems(lang='Spanish', serie=u'Instant Star', links=u'http://www.megaupload.com/?d=U3JQQDFF', temp=u'4', epi=u'12')
2010-10-17 01:50:06+0200 [series-21] DEBUG: Crawled (200) <GET http://www.series21.com/instant-star/2x11-celebrity-skin/> (referer: http://www.series21.com/instant-star/)
2010-10-17 01:50:06+0200 [series-21] DEBUG: Scraped LiberBotItems(lang='Spanish', serie=u'Instant Star', links=u'http://www.megavideo.com/?v=XX44M3BP', temp=u'4', epi=u'11') in <http://www.series21.com/instant-star/2x11-celebrity-skin/>
2010-10-17 01:50:06+0200 [series-21] INFO: Passed LiberBotItems(lang='Spanish', serie=u'Instant Star', links=u'http://www.megavideo.com/?v=XX44M3BP', temp=u'4', epi=u'11')
2010-10-17 01:50:06+0200 [series-21] DEBUG: Scraped LiberBotItems(lang='Spanish', serie=u'Instant Star', links=u'http://www.megaupload.com/?d=KOPMOFQT', temp=u'4', epi=u'11') in <http://www.series21.com/instant-star/2x11-celebrity-skin/>
2010-10-17 01:50:06+0200 [series-21] INFO: Passed LiberBotItems(lang='Spanish', serie=u'Instant Star', links=u'http://www.megaupload.com/?d=KOPMOFQT', temp=u'4', epi=u'11')
2010-10-17 01:50:12+0200 [series-21] DEBUG: Crawled (200) <GET http://www.series21.com/instant-star/4x10-every-breath-you-take/> (referer: http://www.series21.com/instant-star/)
2010-10-17 01:50:12+0200 [series-21] DEBUG: Scraped LiberBotItems(lang='Spanish', serie=u'Instant Star', links=u'http://www.megavideo.com/?v=CHKX4EXY', temp=u'4', epi=u'10') in <http://www.series21.com/instant-star/4x10-every-breath-you-take/>
2010-10-17 01:50:12+0200 [series-21] INFO: Passed LiberBotItems(lang='Spanish', serie=u'Instant Star', links=u'http://www.megavideo.com/?v=CHKX4EXY', temp=u'4', epi=u'10')
2010-10-17 01:50:12+0200 [series-21] DEBUG: Scraped LiberBotItems(lang='Spanish', serie=u'Instant Star', links=u'http://www.megaupload.com/?d=7VJD9BT8', temp=u'4', epi=u'10') in <http://www.series21.com/instant-star/4x10-every-breath-you-take/>
2010-10-17 01:50:12+0200 [series-21] INFO: Passed LiberBotItems(lang='Spanish', serie=u'Instant Star', links=u'http://www.megaupload.com/?d=7VJD9BT8', temp=u'4', epi=u'10')
2010-10-17 01:50:42+0200 [series-21] DEBUG: Retrying <GET http://www.series21.com/instant-star/4x09-possession/> (failed 1 times): User timeout caused connection failure.
2010-10-17 01:50:46+0200 [series-21] DEBUG: Crawled (200) <GET http://www.series21.com/instant-star/4x08-brilliant-mistake/> (referer: http://www.series21.com/instant-star/)
2010-10-17 01:50:46+0200 [series-21] DEBUG: Scraped LiberBotItems(lang='Spanish', serie=u'Instant Star', links=u'http://www.megavideo.com/?v=M5O9AJFE', temp=u'4', epi=u'08') in <http://www.series21.com/instant-star/4x08-brilliant-mistake/>
2010-10-17 01:50:46+0200 [series-21] INFO: Passed LiberBotItems(lang='Spanish', serie=u'Instant Star', links=u'http://www.megavideo.com/?v=M5O9AJFE', temp=u'4', epi=u'08')
2010-10-17 01:50:46+0200 [series-21] DEBUG: Scraped LiberBotItems(lang='Spanish', serie=u'Instant Star', links=u'http://www.megaupload.com/?d=BXQ0OWQE', temp=u'4', epi=u'08') in <http://www.series21.com/instant-star/4x08-brilliant-mistake/>
2010-10-17 01:50:46+0200 [series-21] INFO: Passed LiberBotItems(lang='Spanish', serie=u'Instant Star', links=u'http://www.megaupload.com/?d=BXQ0OWQE', temp=u'4', epi=u'08')
2010-10-17 01:50:48+0200 [series-21] DEBUG: Crawled (200) <GET http://www.series21.com/instant-star/4x07-not-an-addict/> (referer: http://www.series21.com/instant-star/)
2010-10-17 01:50:48+0200 [series-21] DEBUG: Scraped LiberBotItems(lang='Spanish', serie=u'Instant Star', links=u'http://www.megavideo.com/?v=L4SAS02B', temp=u'4', epi=u'07') in <http://www.series21.com/instant-star/4x07-not-an-addict/>
2010-10-17 01:50:48+0200 [series-21] INFO: Passed LiberBotItems(lang='Spanish', serie=u'Instant Star', links=u'http://www.megavideo.com/?v=L4SAS02B', temp=u'4', epi=u'07')
2010-10-17 01:50:48+0200 [series-21] DEBUG: Scraped LiberBotItems(lang='Spanish', serie=u'Instant Star', links=u'http://www.megaupload.com/?d=UNCGHWE9', temp=u'4', epi=u'07') in <http://www.series21.com/instant-star/4x07-not-an-addict/>
2010-10-17 01:50:48+0200 [series-21] INFO: Passed LiberBotItems(lang='Spanish', serie=u'Instant Star', links=u'http://www.megaupload.com/?d=UNCGHWE9', temp=u'4', epi=u'07')
2010-10-17 01:50:49+0200 [series-21] DEBUG: Crawled (200) <GET http://www.series21.com/instant-star/4x06-my-hometown/> (referer: http://www.series21.com/instant-star/)
2010-10-17 01:50:49+0200 [series-21] DEBUG: Scraped LiberBotItems(lang='Spanish', serie=u'Instant Star', links=u'http://www.megavideo.com/?v=PGGIYGV5', temp=u'4', epi=u'06') in <http://www.series21.com/instant-star/4x06-my-hometown/>
2010-10-17 01:50:49+0200 [series-21] INFO: Passed LiberBotItems(lang='Spanish', serie=u'Instant Star', links=u'http://www.megavideo.com/?v=PGGIYGV5', temp=u'4', epi=u'06')
2010-10-17 01:50:49+0200 [series-21] DEBUG: Scraped LiberBotItems(lang='Spanish', serie=u'Instant Star', links=u'http://www.megaupload.com/?d=19E51PKJ', temp=u'4', epi=u'06') in <http://www.series21.com/instant-star/4x06-my-hometown/>
2010-10-17 01:50:49+0200 [series-21] INFO: Passed LiberBotItems(lang='Spanish', serie=u'Instant Star', links=u'http://www.megaupload.com/?d=19E51PKJ', temp=u'4', epi=u'06')
2010-10-17 01:50:51+0200 [series-21] DEBUG: Crawled (200) <GET http://www.series21.com/instant-star/4x05-we-belong/> (referer: http://www.series21.com/instant-star/)
2010-10-17 01:50:51+0200 [series-21] DEBUG: Scraped LiberBotItems(lang='Spanish', serie=u'Instant Star', links=u'http://www.megavideo.com/?v=U4R4FPJM', temp=u'4', epi=u'05') in <http://www.series21.com/instant-star/4x05-we-belong/>
2010-10-17 01:50:51+0200 [series-21] INFO: Passed LiberBotItems(lang='Spanish', serie=u'Instant Star', links=u'http://www.megavideo.com/?v=U4R4FPJM', temp=u'4', epi=u'05')
2010-10-17 01:50:51+0200 [series-21] DEBUG: Scraped LiberBotItems(lang='Spanish', serie=u'Instant Star', links=u'http://www.megaupload.com/?d=U6E8U5HS', temp=u'4', epi=u'05') in <http://www.series21.com/instant-star/4x05-we-belong/>
2010-10-17 01:50:51+0200 [series-21] INFO: Passed LiberBotItems(lang='Spanish', serie=u'Instant Star', links=u'http://www.megaupload.com/?d=U6E8U5HS', temp=u'4', epi=u'05')
2010-10-17 01:50:52+0200 [series-21] DEBUG: Crawled (200) <GET http://www.series21.com/instant-star/4x04-us-and-them/> (referer: http://www.series21.com/instant-star/)
2010-10-17 01:50:52+0200 [series-21] DEBUG: Scraped LiberBotItems(lang='Spanish', serie=u'Instant Star', links=u'http://www.megavideo.com/?v=I0PICMN6', temp=u'4', epi=u'04') in <http://www.series21.com/instant-star/4x04-us-and-them/>
2010-10-17 01:50:52+0200 [series-21] INFO: Passed LiberBotItems(lang='Spanish', serie=u'Instant Star', links=u'http://www.megavideo.com/?v=I0PICMN6', temp=u'4', epi=u'04')
2010-10-17 01:50:52+0200 [series-21] DEBUG: Scraped LiberBotItems(lang='Spanish', serie=u'Instant Star', links=u'http://www.megaupload.com/?d=82GLSUKE', temp=u'4', epi=u'04') in <http://www.series21.com/instant-star/4x04-us-and-them/>
2010-10-17 01:50:52+0200 [series-21] INFO: Passed LiberBotItems(lang='Spanish', serie=u'Instant Star', links=u'http://www.megaupload.com/?d=82GLSUKE', temp=u'4', epi=u'04')
2010-10-17 01:51:03+0200 [series-21] DEBUG: Crawled (200) <GET http://www.series21.com/instant-star/4x03-changes/> (referer: http://www.series21.com/instant-star/)
2010-10-17 01:51:03+0200 [series-21] DEBUG: Scraped LiberBotItems(lang='Spanish', serie=u'Instant Star', links=u'http://www.megavideo.com/?v=NH0GV9V8', temp=u'4', epi=u'03') in <http://www.series21.com/instant-star/4x03-changes/>
2010-10-17 01:51:03+0200 [series-21] INFO: Passed LiberBotItems(lang='Spanish', serie=u'Instant Star', links=u'http://www.megavideo.com/?v=NH0GV9V8', temp=u'4', epi=u'03')
2010-10-17 01:51:03+0200 [series-21] DEBUG: Scraped LiberBotItems(lang='Spanish', serie=u'Instant Star', links=u'http://www.megaupload.com/?d=VKKJMNTB', temp=u'4', epi=u'03') in <http://www.series21.com/instant-star/4x03-changes/>
2010-10-17 01:51:03+0200 [series-21] INFO: Passed LiberBotItems(lang='Spanish', serie=u'Instant Star', links=u'http://www.megaupload.com/?d=VKKJMNTB', temp=u'4', epi=u'03')
2010-10-17 01:51:14+0200 [series-21] DEBUG: Crawled (200) <GET http://www.series21.com/instant-star/4x02-she-drives-me-crazy/> (referer: http://www.series21.com/instant-star/)
2010-10-17 01:51:14+0200 [series-21] DEBUG: Scraped LiberBotItems(lang='Spanish', serie=u'Instant Star', links=u'http://www.megavideo.com/?v=6ITZDUIB', temp=u'4', epi=u'02') in <http://www.series21.com/instant-star/4x02-she-drives-me-crazy/>
2010-10-17 01:51:14+0200 [series-21] INFO: Passed LiberBotItems(lang='Spanish', serie=u'Instant Star', links=u'http://www.megavideo.com/?v=6ITZDUIB', temp=u'4', epi=u'02')
2010-10-17 01:51:14+0200 [series-21] DEBUG: Scraped LiberBotItems(lang='Spanish', serie=u'Instant Star', links=u'http://www.megaupload.com/?d=EZQQFWI7', temp=u'4', epi=u'02') in <http://www.series21.com/instant-star/4x02-she-drives-me-crazy/>
2010-10-17 01:51:14+0200 [series-21] INFO: Passed LiberBotItems(lang='Spanish', serie=u'Instant Star', links=u'http://www.megaupload.com/?d=EZQQFWI7', temp=u'4', epi=u'02')
2010-10-17 01:51:15+0200 [series-21] DEBUG: Crawled (200) <GET http://www.series21.com/instant-star/4x01-your-time-is-gonna-come/> (referer: http://www.series21.com/instant-star/)
2010-10-17 01:51:15+0200 [series-21] DEBUG: Scraped LiberBotItems(lang='Spanish', serie=u'Instant Star', links=u'http://www.megavideo.com/?v=5I8NY3BI', temp=u'4', epi=u'01') in <http://www.series21.com/instant-star/4x01-your-time-is-gonna-come/>
2010-10-17 01:51:15+0200 [series-21] INFO: Passed LiberBotItems(lang='Spanish', serie=u'Instant Star', links=u'http://www.megavideo.com/?v=5I8NY3BI', temp=u'4', epi=u'01')
2010-10-17 01:51:15+0200 [series-21] DEBUG: Scraped LiberBotItems(lang='Spanish', serie=u'Instant Star', links=u'http://www.megaupload.com/?d=IUAS09KI', temp=u'4', epi=u'01') in <http://www.series21.com/instant-star/4x01-your-time-is-gonna-come/>
2010-10-17 01:51:15+0200 [series-21] INFO: Passed LiberBotItems(lang='Spanish', serie=u'Instant Star', links=u'http://www.megaupload.com/?d=IUAS09KI', temp=u'4', epi=u'01')
2010-10-17 01:51:21+0200 [series-21] DEBUG: Crawled (200) <GET http://www.series21.com/instant-star/2x01-no-sleep-til-brooklyn-part-1/> (referer: http://www.series21.com/instant-star/)
2010-10-17 01:51:21+0200 [series-21] DEBUG: Scraped LiberBotItems(lang='Spanish', serie=u'Instant Star', links=u'http://www.megavideo.com/?v=Y7N26S4G', temp=u'2', epi=u'01') in <http://www.series21.com/instant-star/2x01-no-sleep-til-brooklyn-part-1/>
2010-10-17 01:51:21+0200 [series-21] INFO: Passed LiberBotItems(lang='Spanish', serie=u'Instant Star', links=u'http://www.megavideo.com/?v=Y7N26S4G', temp=u'2', epi=u'01')
2010-10-17 01:51:21+0200 [series-21] DEBUG: Scraped LiberBotItems(lang='Spanish', serie=u'Instant Star', links=u'http://www.megaupload.com/?d=IBJLZNA8', temp=u'2', epi=u'01') in <http://www.series21.com/instant-star/2x01-no-sleep-til-brooklyn-part-1/>
2010-10-17 01:51:21+0200 [series-21] INFO: Passed LiberBotItems(lang='Spanish', serie=u'Instant Star', links=u'http://www.megaupload.com/?d=IBJLZNA8', temp=u'2', epi=u'01')
2010-10-17 01:51:47+0200 [series-21] DEBUG: Retrying <GET http://www.series21.com/instant-star/1x13-should-i-stay-or-should-i-go/> (failed 1 times): Connection was closed cleanly.
2010-10-17 01:51:56+0200 [series-21] DEBUG: Crawled (200) <GET http://www.series21.com/instant-star/1x12-train-in-vain/> (referer: http://www.series21.com/instant-star/)
2010-10-17 01:51:56+0200 [series-21] DEBUG: Scraped LiberBotItems(lang='Spanish', serie=u'Instant Star', links=u'http://www.megavideo.com/?v=1VP4OS4U', temp=u'1', epi=u'12') in <http://www.series21.com/instant-star/1x12-train-in-vain/>
2010-10-17 01:51:56+0200 [series-21] INFO: Passed LiberBotItems(lang='Spanish', serie=u'Instant Star', links=u'http://www.megavideo.com/?v=1VP4OS4U', temp=u'1', epi=u'12')
2010-10-17 01:51:56+0200 [series-21] DEBUG: Scraped LiberBotItems(lang='Spanish', serie=u'Instant Star', links=u'http://www.megaupload.com/?d=5PXHJ5UY', temp=u'1', epi=u'12') in <http://www.series21.com/instant-star/1x12-train-in-vain/>
2010-10-17 01:51:56+0200 [series-21] INFO: Passed LiberBotItems(lang='Spanish', serie=u'Instant Star', links=u'http://www.megaupload.com/?d=5PXHJ5UY', temp=u'1', epi=u'12')
2010-10-17 01:51:58+0200 [series-21] DEBUG: Crawled (200) <GET http://www.series21.com/instant-star/1x11-all-apologies/> (referer: http://www.series21.com/instant-star/)
2010-10-17 01:51:58+0200 [series-21] DEBUG: Scraped LiberBotItems(lang='Spanish', serie=u'Instant Star', links=u'http://www.megavideo.com/?v=OYLP2P3Q', temp=u'1', epi=u'11') in <http://www.series21.com/instant-star/1x11-all-apologies/>
2010-10-17 01:51:58+0200 [series-21] INFO: Passed LiberBotItems(lang='Spanish', serie=u'Instant Star', links=u'http://www.megavideo.com/?v=OYLP2P3Q', temp=u'1', epi=u'11')
2010-10-17 01:51:58+0200 [series-21] DEBUG: Scraped LiberBotItems(lang='Spanish', serie=u'Instant Star', links=u'http://www.megaupload.com/?d=8J9N77EL', temp=u'1', epi=u'11') in <http://www.series21.com/instant-star/1x11-all-apologies/>
2010-10-17 01:51:58+0200 [series-21] INFO: Passed LiberBotItems(lang='Spanish', serie=u'Instant Star', links=u'http://www.megaupload.com/?d=8J9N77EL', temp=u'1', epi=u'11')
2010-10-17 01:52:01+0200 [series-21] DEBUG: Crawled (200) <GET http://www.series21.com/instant-star/1x10-lose-this-skin/> (referer: http://www.series21.com/instant-star/)
2010-10-17 01:52:01+0200 [series-21] DEBUG: Scraped LiberBotItems(lang='Spanish', serie=u'Instant Star', links=u'http://www.megavideo.com/?v=37EGHQK8', temp=u'1', epi=u'10') in <http://www.series21.com/instant-star/1x10-lose-this-skin/>
2010-10-17 01:52:01+0200 [series-21] INFO: Passed LiberBotItems(lang='Spanish', serie=u'Instant Star', links=u'http://www.megavideo.com/?v=37EGHQK8', temp=u'1', epi=u'10')
2010-10-17 01:52:01+0200 [series-21] DEBUG: Scraped LiberBotItems(lang='Spanish', serie=u'Instant Star', links=u'http://www.megaupload.com/?d=97FP15IG', temp=u'1', epi=u'10') in <http://www.series21.com/instant-star/1x10-lose-this-skin/>
2010-10-17 01:52:01+0200 [series-21] INFO: Passed LiberBotItems(lang='Spanish', serie=u'Instant Star', links=u'http://www.megaupload.com/?d=97FP15IG', temp=u'1', epi=u'10')
2010-10-17 01:52:02+0200 [series-21] DEBUG: Crawled (200) <GET http://www.series21.com/instant-star/1x09-wont-get-fooled-again/> (referer: http://www.series21.com/instant-star/)
2010-10-17 01:52:02+0200 [series-21] DEBUG: Scraped LiberBotItems(lang='Spanish', serie=u'Instant Star', links=u'http://www.megavideo.com/?v=Q4XWO903', temp=u'1', epi=u'09') in <http://www.series21.com/instant-star/1x09-wont-get-fooled-again/>
2010-10-17 01:52:02+0200 [series-21] INFO: Passed LiberBotItems(lang='Spanish', serie=u'Instant Star', links=u'http://www.megavideo.com/?v=Q4XWO903', temp=u'1', epi=u'09')
2010-10-17 01:52:02+0200 [series-21] DEBUG: Scraped LiberBotItems(lang='Spanish', serie=u'Instant Star', links=u'http://www.megaupload.com/?d=4RDYL8CY', temp=u'1', epi=u'09') in <http://www.series21.com/instant-star/1x09-wont-get-fooled-again/>
2010-10-17 01:52:02+0200 [series-21] INFO: Passed LiberBotItems(lang='Spanish', serie=u'Instant Star', links=u'http://www.megaupload.com/?d=4RDYL8CY', temp=u'1', epi=u'09')
2010-10-17 01:52:04+0200 [series-21] DEBUG: Crawled (200) <GET http://www.series21.com/instant-star/1x08-unsweet-sixteen/> (referer: http://www.series21.com/instant-star/)
2010-10-17 01:52:04+0200 [series-21] DEBUG: Scraped LiberBotItems(lang='Spanish', serie=u'Instant Star', links=u'http://www.megavideo.com/?v=MNL69VKX', temp=u'1', epi=u'08') in <http://www.series21.com/instant-star/1x08-unsweet-sixteen/>
2010-10-17 01:52:04+0200 [series-21] INFO: Passed LiberBotItems(lang='Spanish', serie=u'Instant Star', links=u'http://www.megavideo.com/?v=MNL69VKX', temp=u'1', epi=u'08')
2010-10-17 01:52:04+0200 [series-21] DEBUG: Scraped LiberBotItems(lang='Spanish', serie=u'Instant Star', links=u'http://www.megaupload.com/?d=QBR0DP1R', temp=u'1', epi=u'08') in <http://www.series21.com/instant-star/1x08-unsweet-sixteen/>
2010-10-17 01:52:04+0200 [series-21] INFO: Passed LiberBotItems(lang='Spanish', serie=u'Instant Star', links=u'http://www.megaupload.com/?d=QBR0DP1R', temp=u'1', epi=u'08')
2010-10-17 01:52:20+0200 [series-21] DEBUG: Crawled (200) <GET http://www.series21.com/instant-star/1x07-i-wanna-be-your-boyfriend/> (referer: http://www.series21.com/instant-star/)
2010-10-17 01:52:20+0200 [series-21] DEBUG: Scraped LiberBotItems(lang='Spanish', serie=u'Instant Star', links=u'http://www.megavideo.com/?v=A9GEI5BL', temp=u'1', epi=u'07') in <http://www.series21.com/instant-star/1x07-i-wanna-be-your-boyfriend/>
2010-10-17 01:52:20+0200 [series-21] INFO: Passed LiberBotItems(lang='Spanish', serie=u'Instant Star', links=u'http://www.megavideo.com/?v=A9GEI5BL', temp=u'1', epi=u'07')
2010-10-17 01:52:20+0200 [series-21] DEBUG: Scraped LiberBotItems(lang='Spanish', serie=u'Instant Star', links=u'http://www.megaupload.com/?d=BALY7S0X', temp=u'1', epi=u'07') in <http://www.series21.com/instant-star/1x07-i-wanna-be-your-boyfriend/>
2010-10-17 01:52:20+0200 [series-21] INFO: Passed LiberBotItems(lang='Spanish', serie=u'Instant Star', links=u'http://www.megaupload.com/?d=BALY7S0X', temp=u'1', epi=u'07')
2010-10-17 01:52:45+0200 [series-21] DEBUG: Crawled (200) <GET http://www.series21.com/instant-star/1x06-besame-mortalmente-kiss-me-deadly/> (referer: http://www.series21.com/instant-star/)
2010-10-17 01:52:45+0200 [series-21] DEBUG: Scraped LiberBotItems(lang='Spanish', serie=u'Instant Star', links=u'http://www.megavideo.com/?v=M9HX7V5I', temp=u'1', epi=u'06') in <http://www.series21.com/instant-star/1x06-besame-mortalmente-kiss-me-deadly/>
2010-10-17 01:52:45+0200 [series-21] INFO: Passed LiberBotItems(lang='Spanish', serie=u'Instant Star', links=u'http://www.megavideo.com/?v=M9HX7V5I', temp=u'1', epi=u'06')
2010-10-17 01:52:45+0200 [series-21] DEBUG: Scraped LiberBotItems(lang='Spanish', serie=u'Instant Star', links=u'http://www.megaupload.com/?d=HZZF0RLM', temp=u'1', epi=u'06') in <http://www.series21.com/instant-star/1x06-besame-mortalmente-kiss-me-deadly/>
2010-10-17 01:52:45+0200 [series-21] INFO: Passed LiberBotItems(lang='Spanish', serie=u'Instant Star', links=u'http://www.megaupload.com/?d=HZZF0RLM', temp=u'1', epi=u'06')
2010-10-17 01:52:48+0200 [series-21] DEBUG: Crawled (200) <GET http://www.series21.com/instant-star/1x05-nunca-puedes-tener-lo-que-quieres-you-cant-always-get-what-you-want/> (referer: http://www.series21.com/instant-star/)
2010-10-17 01:52:48+0200 [series-21] DEBUG: Scraped LiberBotItems(lang='Spanish', serie=u'Instant Star', links=u'http://www.megavideo.com/?v=7LI1DJ9Y', temp=u'1', epi=u'05') in <http://www.series21.com/instant-star/1x05-nunca-puedes-tener-lo-que-quieres-you-cant-always-get-what-you-want/>
2010-10-17 01:52:48+0200 [series-21] INFO: Passed LiberBotItems(lang='Spanish', serie=u'Instant Star', links=u'http://www.megavideo.com/?v=7LI1DJ9Y', temp=u'1', epi=u'05')
2010-10-17 01:52:48+0200 [series-21] DEBUG: Scraped LiberBotItems(lang='Spanish', serie=u'Instant Star', links=u'http://www.megaupload.com/?d=AZ9MX827', temp=u'1', epi=u'05') in <http://www.series21.com/instant-star/1x05-nunca-puedes-tener-lo-que-quieres-you-cant-always-get-what-you-want/>
2010-10-17 01:52:48+0200 [series-21] INFO: Passed LiberBotItems(lang='Spanish', serie=u'Instant Star', links=u'http://www.megaupload.com/?d=AZ9MX827', temp=u'1', epi=u'05')
2010-10-17 01:52:56+0200 [series-21] DEBUG: Crawled (200) <GET http://www.series21.com/instant-star/1x04-hey-hermana-hey-sister/> (referer: http://www.series21.com/instant-star/)
2010-10-17 01:52:56+0200 [series-21] DEBUG: Scraped LiberBotItems(lang='Spanish', serie=u'Instant Star', links=u'http://www.megavideo.com/?v=BGYBRT1B', temp=u'1', epi=u'04') in <http://www.series21.com/instant-star/1x04-hey-hermana-hey-sister/>
2010-10-17 01:52:56+0200 [series-21] INFO: Passed LiberBotItems(lang='Spanish', serie=u'Instant Star', links=u'http://www.megavideo.com/?v=BGYBRT1B', temp=u'1', epi=u'04')
2010-10-17 01:52:56+0200 [series-21] DEBUG: Scraped LiberBotItems(lang='Spanish', serie=u'Instant Star', links=u'http://www.megaupload.com/?d=D0LYPQV2', temp=u'1', epi=u'04') in <http://www.series21.com/instant-star/1x04-hey-hermana-hey-sister/>
2010-10-17 01:52:56+0200 [series-21] INFO: Passed LiberBotItems(lang='Spanish', serie=u'Instant Star', links=u'http://www.megaupload.com/?d=D0LYPQV2', temp=u'1', epi=u'04')
2010-10-17 01:53:00+0200 [series-21] DEBUG: Crawled (200) <GET http://www.series21.com/instant-star/1x03-oh-bien-vale-como-sea-oh-well-whatever-nevermind/> (referer: http://www.series21.com/instant-star/)
2010-10-17 01:53:00+0200 [series-21] DEBUG: Scraped LiberBotItems(lang='Spanish', serie=u'Instant Star', links=u'http://www.megavideo.com/?v=KDZFLDVW', temp=u'1', epi=u'03') in <http://www.series21.com/instant-star/1x03-oh-bien-vale-como-sea-oh-well-whatever-nevermind/>
2010-10-17 01:53:00+0200 [series-21] INFO: Passed LiberBotItems(lang='Spanish', serie=u'Instant Star', links=u'http://www.megavideo.com/?v=KDZFLDVW', temp=u'1', epi=u'03')
2010-10-17 01:53:00+0200 [series-21] DEBUG: Scraped LiberBotItems(lang='Spanish', serie=u'Instant Star', links=u'http://www.megaupload.com/?d=A189ULTH', temp=u'1', epi=u'03') in <http://www.series21.com/instant-star/1x03-oh-bien-vale-como-sea-oh-well-whatever-nevermind/>
2010-10-17 01:53:00+0200 [series-21] INFO: Passed LiberBotItems(lang='Spanish', serie=u'Instant Star', links=u'http://www.megaupload.com/?d=A189ULTH', temp=u'1', epi=u'03')
2010-10-17 01:53:08+0200 [series-21] DEBUG: Crawled (200) <GET http://www.series21.com/instant-star/1x02-ven-como-eres-come-as-you-are/> (referer: http://www.series21.com/instant-star/)
2010-10-17 01:53:08+0200 [series-21] DEBUG: Scraped LiberBotItems(lang='Spanish', serie=u'Instant Star', links=u'http://www.megavideo.com/?v=U2MUJEMZ', temp=u'1', epi=u'02') in <http://www.series21.com/instant-star/1x02-ven-como-eres-come-as-you-are/>
2010-10-17 01:53:08+0200 [series-21] INFO: Passed LiberBotItems(lang='Spanish', serie=u'Instant Star', links=u'http://www.megavideo.com/?v=U2MUJEMZ', temp=u'1', epi=u'02')
2010-10-17 01:53:08+0200 [series-21] DEBUG: Scraped LiberBotItems(lang='Spanish', serie=u'Instant Star', links=u'http://www.megaupload.com/?d=JNNKQFGS', temp=u'1', epi=u'02') in <http://www.series21.com/instant-star/1x02-ven-como-eres-come-as-you-are/>
2010-10-17 01:53:08+0200 [series-21] INFO: Passed LiberBotItems(lang='Spanish', serie=u'Instant Star', links=u'http://www.megaupload.com/?d=JNNKQFGS', temp=u'1', epi=u'02')
2010-10-17 01:53:09+0200 [series-21] DEBUG: Crawled (200) <GET http://www.series21.com/instant-star/1x13-should-i-stay-or-should-i-go/> (referer: http://www.series21.com/instant-star/)
2010-10-17 01:53:09+0200 [series-21] DEBUG: Scraped LiberBotItems(lang='Spanish', serie=u'Instant Star', links=u'http://www.megavideo.com/?v=A1A3RVXE', temp=u'1', epi=u'13') in <http://www.series21.com/instant-star/1x13-should-i-stay-or-should-i-go/>
2010-10-17 01:53:09+0200 [series-21] INFO: Passed LiberBotItems(lang='Spanish', serie=u'Instant Star', links=u'http://www.megavideo.com/?v=A1A3RVXE', temp=u'1', epi=u'13')
2010-10-17 01:53:09+0200 [series-21] DEBUG: Scraped LiberBotItems(lang='Spanish', serie=u'Instant Star', links=u'http://www.megaupload.com/?d=MK22O3CY', temp=u'1', epi=u'13') in <http://www.series21.com/instant-star/1x13-should-i-stay-or-should-i-go/>
2010-10-17 01:53:09+0200 [series-21] INFO: Passed LiberBotItems(lang='Spanish', serie=u'Instant Star', links=u'http://www.megaupload.com/?d=MK22O3CY', temp=u'1', epi=u'13')
2010-10-17 01:53:34+0200 [series-21] DEBUG: Retrying <GET http://www.series21.com/instant-star/4x09-possession/> (failed 2 times): Connection was closed cleanly.
2010-10-17 01:53:36+0200 [series-21] DEBUG: Crawled (200) <GET http://www.series21.com/icarly/1x01-ipilot/> (referer: http://www.series21.com/icarly/)
2010-10-17 01:53:36+0200 [series-21] DEBUG: Scraped LiberBotItems(lang='English', temp=u'1', links=u'http://www.megavideo.com/?v=7F1LN6K8', serie=u'iCarly', epi=u'01', sublang='Spanish') in <http://www.series21.com/icarly/1x01-ipilot/>
2010-10-17 01:53:36+0200 [series-21] INFO: Passed LiberBotItems(lang='English', temp=u'1', links=u'http://www.megavideo.com/?v=7F1LN6K8', serie=u'iCarly', epi=u'01', sublang='Spanish')
2010-10-17 01:53:36+0200 [series-21] DEBUG: Scraped LiberBotItems(lang='English', temp=u'1', links=u'http://www.megaupload.com/?d=42D3C8LM', serie=u'iCarly', epi=u'01', sublang='Spanish') in <http://www.series21.com/icarly/1x01-ipilot/>
2010-10-17 01:53:36+0200 [series-21] INFO: Passed LiberBotItems(lang='English', temp=u'1', links=u'http://www.megaupload.com/?d=42D3C8LM', serie=u'iCarly', epi=u'01', sublang='Spanish')
2010-10-17 01:53:39+0200 [series-21] DEBUG: Crawled (200) <GET http://www.series21.com/icarly/1x06-espiando-a-la-maestra-malvada/> (referer: http://www.series21.com/icarly/)
2010-10-17 01:53:39+0200 [series-21] DEBUG: Scraped LiberBotItems(lang='English', temp=u'1', links=u'http://www.megavideo.com/?v=C3V5WOJD', serie=u'iCarly', epi=u'06', sublang='Spanish') in <http://www.series21.com/icarly/1x06-espiando-a-la-maestra-malvada/>
2010-10-17 01:53:39+0200 [series-21] INFO: Passed LiberBotItems(lang='English', temp=u'1', links=u'http://www.megavideo.com/?v=C3V5WOJD', serie=u'iCarly', epi=u'06', sublang='Spanish')
2010-10-17 01:53:39+0200 [series-21] DEBUG: Scraped LiberBotItems(lang='English', temp=u'1', links=u'http://www.megaupload.com/?d=1KS8O2CG', serie=u'iCarly', epi=u'06', sublang='Spanish') in <http://www.series21.com/icarly/1x06-espiando-a-la-maestra-malvada/>
2010-10-17 01:53:39+0200 [series-21] INFO: Passed LiberBotItems(lang='English', temp=u'1', links=u'http://www.megaupload.com/?d=1KS8O2CG', serie=u'iCarly', epi=u'06', sublang='Spanish')
2010-10-17 01:53:47+0200 [series-21] DEBUG: Discarding <GET http://www.series21.com/instant-star/4x09-possession/> (failed 3 times): Connection was closed cleanly.
2010-10-17 01:53:47+0200 [series-21] ERROR: Error downloading <http://www.series21.com/instant-star/4x09-possession/>: [Failure instance: Traceback (failure with no frames): <class 'twisted.internet.error.ConnectionDone'>: Connection was closed cleanly.
	]
2010-10-17 01:53:47+0200 [series-21] INFO: Closing spider (finished)
2010-10-17 01:53:47+0200 [series-21] INFO: Stored json feed (115 items, 14867 bytes) in: sites/series-21/dump/I.json
2010-10-17 01:53:47+0200 [series-21] INFO: Spider closed (finished)
