2010-10-16 11:37:25+0200 [scrapy] INFO: Scrapy 0.10.2 started (bot: liberbot)
2010-10-16 11:37:25+0200 [scrapy] DEBUG: Enabled extensions: FeedExporter, TelnetConsole, SpiderContext, WebService, CoreStats, MemoryUsage, CloseSpider
2010-10-16 11:37:25+0200 [scrapy] DEBUG: Enabled scheduler middlewares: DuplicatesFilterMiddleware
2010-10-16 11:37:25+0200 [scrapy] DEBUG: Enabled downloader middlewares: HttpAuthMiddleware, DownloadTimeoutMiddleware, UserAgentMiddleware, RetryMiddleware, DefaultHeadersMiddleware, RedirectMiddleware, CookiesMiddleware, HttpCompressionMiddleware, DownloaderStats, HttpCacheMiddleware
2010-10-16 11:37:25+0200 [scrapy] DEBUG: Enabled spider middlewares: HttpErrorMiddleware, OffsiteMiddleware, RefererMiddleware, UrlLengthMiddleware, DepthMiddleware
2010-10-16 11:37:25+0200 [scrapy] DEBUG: Enabled item pipelines: 
2010-10-16 11:37:25+0200 [scrapy] DEBUG: Telnet console listening on port 6023
2010-10-16 11:37:25+0200 [scrapy] DEBUG: Web service listening on port 6080
2010-10-16 11:37:25+0200 [eztv] INFO: Spider opened
2010-10-16 11:37:25+0200 [eztv] DEBUG: Crawled (200) <GET http://eztv.it/shows/307/you-have-been-watching/> (referer: None)
2010-10-16 11:37:25+0200 [eztv] DEBUG: Scraped LiberBotItems(lang='English', temp='02', links='http://torrent.zoink.it/You.Have.Been.Watching.S02E07.RERIP.WS.PDTV.XviD-aAF.[eztv].torrent', serie='You Have Been Watching', epi='07', type='Torrent') in <http://eztv.it/shows/307/you-have-been-watching/>
2010-10-16 11:37:25+0200 [eztv] INFO: Passed LiberBotItems(lang='English', temp='02', links='http://torrent.zoink.it/You.Have.Been.Watching.S02E07.RERIP.WS.PDTV.XviD-aAF.[eztv].torrent', serie='You Have Been Watching', epi='07', type='Torrent')
2010-10-16 11:37:25+0200 [eztv] DEBUG: Scraped LiberBotItems(lang='English', temp='02', links='http://www.bt-chat.com/download1.php?id=93296', serie='You Have Been Watching', epi='07', type='Torrent') in <http://eztv.it/shows/307/you-have-been-watching/>
2010-10-16 11:37:25+0200 [eztv] INFO: Passed LiberBotItems(lang='English', temp='02', links='http://www.bt-chat.com/download1.php?id=93296', serie='You Have Been Watching', epi='07', type='Torrent')
2010-10-16 11:37:25+0200 [eztv] DEBUG: Scraped LiberBotItems(lang='English', temp='02', links='http://zoink.it/torrent/AE17B59196C217CC9327BF3B2C47DD670EA3B8B3.torrent', serie='You Have Been Watching', epi='07', type='Torrent') in <http://eztv.it/shows/307/you-have-been-watching/>
2010-10-16 11:37:25+0200 [eztv] INFO: Passed LiberBotItems(lang='English', temp='02', links='http://zoink.it/torrent/AE17B59196C217CC9327BF3B2C47DD670EA3B8B3.torrent', serie='You Have Been Watching', epi='07', type='Torrent')
2010-10-16 11:37:25+0200 [eztv] DEBUG: Scraped LiberBotItems(lang='English', temp='02', links='http://torrent.zoink.it/You.Have.Been.Watching.S02E06.REAL.WS.PDTV.XviD-aAF.[eztv].torrent', serie='You Have Been Watching', epi='06', type='Torrent') in <http://eztv.it/shows/307/you-have-been-watching/>
2010-10-16 11:37:25+0200 [eztv] INFO: Passed LiberBotItems(lang='English', temp='02', links='http://torrent.zoink.it/You.Have.Been.Watching.S02E06.REAL.WS.PDTV.XviD-aAF.[eztv].torrent', serie='You Have Been Watching', epi='06', type='Torrent')
2010-10-16 11:37:25+0200 [eztv] DEBUG: Scraped LiberBotItems(lang='English', temp='02', links='http://www.bt-chat.com/download.php?info_hash=0d8cde8db87ccadbd62dea98f07e99a486e48385', serie='You Have Been Watching', epi='06', type='Torrent') in <http://eztv.it/shows/307/you-have-been-watching/>
2010-10-16 11:37:25+0200 [eztv] INFO: Passed LiberBotItems(lang='English', temp='02', links='http://www.bt-chat.com/download.php?info_hash=0d8cde8db87ccadbd62dea98f07e99a486e48385', serie='You Have Been Watching', epi='06', type='Torrent')
2010-10-16 11:37:25+0200 [eztv] DEBUG: Scraped LiberBotItems(lang='English', temp='02', links='http://torrage.com/torrent/0D8CDE8DB87CCADBD62DEA98F07E99A486E48385.torrent', serie='You Have Been Watching', epi='06', type='Torrent') in <http://eztv.it/shows/307/you-have-been-watching/>
2010-10-16 11:37:25+0200 [eztv] INFO: Passed LiberBotItems(lang='English', temp='02', links='http://torrage.com/torrent/0D8CDE8DB87CCADBD62DEA98F07E99A486E48385.torrent', serie='You Have Been Watching', epi='06', type='Torrent')
2010-10-16 11:37:25+0200 [eztv] DEBUG: Scraped LiberBotItems(lang='English', temp='02', links='http://zoink.it/torrent/0D8CDE8DB87CCADBD62DEA98F07E99A486E48385.torrent', serie='You Have Been Watching', epi='06', type='Torrent') in <http://eztv.it/shows/307/you-have-been-watching/>
2010-10-16 11:37:25+0200 [eztv] INFO: Passed LiberBotItems(lang='English', temp='02', links='http://zoink.it/torrent/0D8CDE8DB87CCADBD62DEA98F07E99A486E48385.torrent', serie='You Have Been Watching', epi='06', type='Torrent')
2010-10-16 11:37:25+0200 [eztv] DEBUG: Scraped LiberBotItems(lang='English', temp='02', links='http://torrent.zoink.it/You.Have.Been.Watching.S02E06.WS.PDTV.XViD-C4TV.[eztv].torrent', serie='You Have Been Watching', epi='06', type='Torrent') in <http://eztv.it/shows/307/you-have-been-watching/>
2010-10-16 11:37:25+0200 [eztv] INFO: Passed LiberBotItems(lang='English', temp='02', links='http://torrent.zoink.it/You.Have.Been.Watching.S02E06.WS.PDTV.XViD-C4TV.[eztv].torrent', serie='You Have Been Watching', epi='06', type='Torrent')
2010-10-16 11:37:25+0200 [eztv] DEBUG: Scraped LiberBotItems(lang='English', temp='02', links='http://www.bt-chat.com/download.php?info_hash=5401de998e347bff2d7f5343798d79b0d230be2c', serie='You Have Been Watching', epi='06', type='Torrent') in <http://eztv.it/shows/307/you-have-been-watching/>
2010-10-16 11:37:25+0200 [eztv] INFO: Passed LiberBotItems(lang='English', temp='02', links='http://www.bt-chat.com/download.php?info_hash=5401de998e347bff2d7f5343798d79b0d230be2c', serie='You Have Been Watching', epi='06', type='Torrent')
2010-10-16 11:37:25+0200 [eztv] DEBUG: Scraped LiberBotItems(lang='English', temp='02', links='http://torrage.com/torrent/5401DE998E347BFF2D7F5343798D79B0D230BE2C.torrent', serie='You Have Been Watching', epi='06', type='Torrent') in <http://eztv.it/shows/307/you-have-been-watching/>
2010-10-16 11:37:25+0200 [eztv] INFO: Passed LiberBotItems(lang='English', temp='02', links='http://torrage.com/torrent/5401DE998E347BFF2D7F5343798D79B0D230BE2C.torrent', serie='You Have Been Watching', epi='06', type='Torrent')
2010-10-16 11:37:25+0200 [eztv] DEBUG: Scraped LiberBotItems(lang='English', temp='02', links='http://zoink.it/torrent/5401DE998E347BFF2D7F5343798D79B0D230BE2C.torrent', serie='You Have Been Watching', epi='06', type='Torrent') in <http://eztv.it/shows/307/you-have-been-watching/>
2010-10-16 11:37:25+0200 [eztv] INFO: Passed LiberBotItems(lang='English', temp='02', links='http://zoink.it/torrent/5401DE998E347BFF2D7F5343798D79B0D230BE2C.torrent', serie='You Have Been Watching', epi='06', type='Torrent')
2010-10-16 11:37:25+0200 [eztv] DEBUG: Scraped LiberBotItems(lang='English', temp='02', links='http://torrent.zoink.it/You.Have.Been.Watching.S02E05.WS.PDTV.XviD-PVR.[eztv].torrent', serie='You Have Been Watching', epi='05', type='Torrent') in <http://eztv.it/shows/307/you-have-been-watching/>
2010-10-16 11:37:25+0200 [eztv] INFO: Passed LiberBotItems(lang='English', temp='02', links='http://torrent.zoink.it/You.Have.Been.Watching.S02E05.WS.PDTV.XviD-PVR.[eztv].torrent', serie='You Have Been Watching', epi='05', type='Torrent')
2010-10-16 11:37:25+0200 [eztv] DEBUG: Scraped LiberBotItems(lang='English', temp='02', links='http://www.bt-chat.com/download.php?info_hash=e99840255afc3375cdec55674bed0f7b1ed47dc5', serie='You Have Been Watching', epi='05', type='Torrent') in <http://eztv.it/shows/307/you-have-been-watching/>
2010-10-16 11:37:25+0200 [eztv] INFO: Passed LiberBotItems(lang='English', temp='02', links='http://www.bt-chat.com/download.php?info_hash=e99840255afc3375cdec55674bed0f7b1ed47dc5', serie='You Have Been Watching', epi='05', type='Torrent')
2010-10-16 11:37:25+0200 [eztv] DEBUG: Scraped LiberBotItems(lang='English', temp='02', links='http://torrage.com/torrent/E99840255AFC3375CDEC55674BED0F7B1ED47DC5.torrent', serie='You Have Been Watching', epi='05', type='Torrent') in <http://eztv.it/shows/307/you-have-been-watching/>
2010-10-16 11:37:25+0200 [eztv] INFO: Passed LiberBotItems(lang='English', temp='02', links='http://torrage.com/torrent/E99840255AFC3375CDEC55674BED0F7B1ED47DC5.torrent', serie='You Have Been Watching', epi='05', type='Torrent')
2010-10-16 11:37:25+0200 [eztv] DEBUG: Scraped LiberBotItems(lang='English', temp='02', links='http://zoink.it/torrent/E99840255AFC3375CDEC55674BED0F7B1ED47DC5.torrent', serie='You Have Been Watching', epi='05', type='Torrent') in <http://eztv.it/shows/307/you-have-been-watching/>
2010-10-16 11:37:25+0200 [eztv] INFO: Passed LiberBotItems(lang='English', temp='02', links='http://zoink.it/torrent/E99840255AFC3375CDEC55674BED0F7B1ED47DC5.torrent', serie='You Have Been Watching', epi='05', type='Torrent')
2010-10-16 11:37:25+0200 [eztv] DEBUG: Scraped LiberBotItems(lang='English', temp='02', links='http://torrent.zoink.it/You.Have.Been.Watching.S02E03.WS.PDTV.XviD-WATERS.[eztv].torrent', serie='You Have Been Watching', epi='03', type='Torrent') in <http://eztv.it/shows/307/you-have-been-watching/>
2010-10-16 11:37:25+0200 [eztv] INFO: Passed LiberBotItems(lang='English', temp='02', links='http://torrent.zoink.it/You.Have.Been.Watching.S02E03.WS.PDTV.XviD-WATERS.[eztv].torrent', serie='You Have Been Watching', epi='03', type='Torrent')
2010-10-16 11:37:25+0200 [eztv] DEBUG: Scraped LiberBotItems(lang='English', temp='02', links='http://www.bt-chat.com/download.php?info_hash=a81b64f60e412a4d40f3692f3bdb1cec162c0874', serie='You Have Been Watching', epi='03', type='Torrent') in <http://eztv.it/shows/307/you-have-been-watching/>
2010-10-16 11:37:25+0200 [eztv] INFO: Passed LiberBotItems(lang='English', temp='02', links='http://www.bt-chat.com/download.php?info_hash=a81b64f60e412a4d40f3692f3bdb1cec162c0874', serie='You Have Been Watching', epi='03', type='Torrent')
2010-10-16 11:37:25+0200 [eztv] DEBUG: Scraped LiberBotItems(lang='English', temp='02', links='http://torrage.com/torrent/A81B64F60E412A4D40F3692F3BDB1CEC162C0874.torrent', serie='You Have Been Watching', epi='03', type='Torrent') in <http://eztv.it/shows/307/you-have-been-watching/>
2010-10-16 11:37:25+0200 [eztv] INFO: Passed LiberBotItems(lang='English', temp='02', links='http://torrage.com/torrent/A81B64F60E412A4D40F3692F3BDB1CEC162C0874.torrent', serie='You Have Been Watching', epi='03', type='Torrent')
2010-10-16 11:37:25+0200 [eztv] DEBUG: Scraped LiberBotItems(lang='English', temp='02', links='http://torrent.zoink.it/You.Have.Been.Watching.S02E02.PROPER.WS.PDTV.XviD-WATERS.[eztv].torrent', serie='You Have Been Watching', epi='02', type='Torrent') in <http://eztv.it/shows/307/you-have-been-watching/>
2010-10-16 11:37:25+0200 [eztv] INFO: Passed LiberBotItems(lang='English', temp='02', links='http://torrent.zoink.it/You.Have.Been.Watching.S02E02.PROPER.WS.PDTV.XviD-WATERS.[eztv].torrent', serie='You Have Been Watching', epi='02', type='Torrent')
2010-10-16 11:37:25+0200 [eztv] DEBUG: Scraped LiberBotItems(lang='English', temp='02', links='http://www.bt-chat.com/download.php?info_hash=fe8f7f42c36069d0070949e15c2701d4a6452844', serie='You Have Been Watching', epi='02', type='Torrent') in <http://eztv.it/shows/307/you-have-been-watching/>
2010-10-16 11:37:25+0200 [eztv] INFO: Passed LiberBotItems(lang='English', temp='02', links='http://www.bt-chat.com/download.php?info_hash=fe8f7f42c36069d0070949e15c2701d4a6452844', serie='You Have Been Watching', epi='02', type='Torrent')
2010-10-16 11:37:25+0200 [eztv] DEBUG: Scraped LiberBotItems(lang='English', temp='02', links='http://torrage.com/torrent/FE8F7F42C36069D0070949E15C2701D4A6452844.torrent', serie='You Have Been Watching', epi='02', type='Torrent') in <http://eztv.it/shows/307/you-have-been-watching/>
2010-10-16 11:37:25+0200 [eztv] INFO: Passed LiberBotItems(lang='English', temp='02', links='http://torrage.com/torrent/FE8F7F42C36069D0070949E15C2701D4A6452844.torrent', serie='You Have Been Watching', epi='02', type='Torrent')
2010-10-16 11:37:25+0200 [eztv] DEBUG: Scraped LiberBotItems(lang='English', temp='02', links='http://torrent.zoink.it/You.Have.Been.Watching.S02E02.WS.PDTV.XviD-C4TV.[eztv].torrent', serie='You Have Been Watching', epi='02', type='Torrent') in <http://eztv.it/shows/307/you-have-been-watching/>
2010-10-16 11:37:25+0200 [eztv] INFO: Passed LiberBotItems(lang='English', temp='02', links='http://torrent.zoink.it/You.Have.Been.Watching.S02E02.WS.PDTV.XviD-C4TV.[eztv].torrent', serie='You Have Been Watching', epi='02', type='Torrent')
2010-10-16 11:37:25+0200 [eztv] DEBUG: Scraped LiberBotItems(lang='English', temp='02', links='http://www.bt-chat.com/download.php?info_hash=86cbe1653632209a33a73eacfb3108aaae5bf06a', serie='You Have Been Watching', epi='02', type='Torrent') in <http://eztv.it/shows/307/you-have-been-watching/>
2010-10-16 11:37:25+0200 [eztv] INFO: Passed LiberBotItems(lang='English', temp='02', links='http://www.bt-chat.com/download.php?info_hash=86cbe1653632209a33a73eacfb3108aaae5bf06a', serie='You Have Been Watching', epi='02', type='Torrent')
2010-10-16 11:37:25+0200 [eztv] DEBUG: Scraped LiberBotItems(lang='English', temp='02', links='http://torrage.com/torrent/86CBE1653632209A33A73EACFB3108AAAE5BF06A.torrent', serie='You Have Been Watching', epi='02', type='Torrent') in <http://eztv.it/shows/307/you-have-been-watching/>
2010-10-16 11:37:25+0200 [eztv] INFO: Passed LiberBotItems(lang='English', temp='02', links='http://torrage.com/torrent/86CBE1653632209A33A73EACFB3108AAAE5BF06A.torrent', serie='You Have Been Watching', epi='02', type='Torrent')
2010-10-16 11:37:25+0200 [eztv] DEBUG: Scraped LiberBotItems(lang='English', temp='02', links='http://zoink.it/torrent/86CBE1653632209A33A73EACFB3108AAAE5BF06A.torrent', serie='You Have Been Watching', epi='02', type='Torrent') in <http://eztv.it/shows/307/you-have-been-watching/>
2010-10-16 11:37:25+0200 [eztv] INFO: Passed LiberBotItems(lang='English', temp='02', links='http://zoink.it/torrent/86CBE1653632209A33A73EACFB3108AAAE5BF06A.torrent', serie='You Have Been Watching', epi='02', type='Torrent')
2010-10-16 11:37:25+0200 [eztv] DEBUG: Scraped LiberBotItems(lang='English', temp='02', links='http://torrent.zoink.it/You.Have.Been.Watching.S02E01.WS.PDTV.XviD-WATERS.[eztv].torrent', serie='You Have Been Watching', epi='01', type='Torrent') in <http://eztv.it/shows/307/you-have-been-watching/>
2010-10-16 11:37:25+0200 [eztv] INFO: Passed LiberBotItems(lang='English', temp='02', links='http://torrent.zoink.it/You.Have.Been.Watching.S02E01.WS.PDTV.XviD-WATERS.[eztv].torrent', serie='You Have Been Watching', epi='01', type='Torrent')
2010-10-16 11:37:25+0200 [eztv] DEBUG: Scraped LiberBotItems(lang='English', temp='02', links='http://www.bt-chat.com/download.php?info_hash=a0218aadcb81f3059b9f616828839188098adc04', serie='You Have Been Watching', epi='01', type='Torrent') in <http://eztv.it/shows/307/you-have-been-watching/>
2010-10-16 11:37:25+0200 [eztv] INFO: Passed LiberBotItems(lang='English', temp='02', links='http://www.bt-chat.com/download.php?info_hash=a0218aadcb81f3059b9f616828839188098adc04', serie='You Have Been Watching', epi='01', type='Torrent')
2010-10-16 11:37:25+0200 [eztv] DEBUG: Scraped LiberBotItems(lang='English', temp='02', links='http://torrage.com/torrent/A0218AADCB81F3059B9F616828839188098ADC04.torrent', serie='You Have Been Watching', epi='01', type='Torrent') in <http://eztv.it/shows/307/you-have-been-watching/>
2010-10-16 11:37:25+0200 [eztv] INFO: Passed LiberBotItems(lang='English', temp='02', links='http://torrage.com/torrent/A0218AADCB81F3059B9F616828839188098ADC04.torrent', serie='You Have Been Watching', epi='01', type='Torrent')
2010-10-16 11:37:25+0200 [eztv] DEBUG: Scraped LiberBotItems(lang='English', temp='01', links='http://torrent.zoink.it/You.Have.Been.Watching.S01E08.WS.PDTV.XviD-FTP.[eztv].torrent', serie='You Have Been Watching', epi='08', type='Torrent') in <http://eztv.it/shows/307/you-have-been-watching/>
2010-10-16 11:37:25+0200 [eztv] INFO: Passed LiberBotItems(lang='English', temp='01', links='http://torrent.zoink.it/You.Have.Been.Watching.S01E08.WS.PDTV.XviD-FTP.[eztv].torrent', serie='You Have Been Watching', epi='08', type='Torrent')
2010-10-16 11:37:25+0200 [eztv] DEBUG: Scraped LiberBotItems(lang='English', temp='01', links='http://www.bt-chat.com/download.php?info_hash=92130163f797c569cddd93f9d147a50dfbb3c50b', serie='You Have Been Watching', epi='08', type='Torrent') in <http://eztv.it/shows/307/you-have-been-watching/>
2010-10-16 11:37:25+0200 [eztv] INFO: Passed LiberBotItems(lang='English', temp='01', links='http://www.bt-chat.com/download.php?info_hash=92130163f797c569cddd93f9d147a50dfbb3c50b', serie='You Have Been Watching', epi='08', type='Torrent')
2010-10-16 11:37:25+0200 [eztv] DEBUG: Scraped LiberBotItems(lang='English', temp='01', links='http://www.mininova.org/tor/2885146', serie='You Have Been Watching', epi='08', type='Torrent') in <http://eztv.it/shows/307/you-have-been-watching/>
2010-10-16 11:37:25+0200 [eztv] INFO: Passed LiberBotItems(lang='English', temp='01', links='http://www.mininova.org/tor/2885146', serie='You Have Been Watching', epi='08', type='Torrent')
2010-10-16 11:37:25+0200 [eztv] DEBUG: Scraped LiberBotItems(lang='English', temp='01', links='http://torrage.com/torrent/92130163F797C569CDDD93F9D147A50DFBB3C50B.torrent', serie='You Have Been Watching', epi='08', type='Torrent') in <http://eztv.it/shows/307/you-have-been-watching/>
2010-10-16 11:37:25+0200 [eztv] INFO: Passed LiberBotItems(lang='English', temp='01', links='http://torrage.com/torrent/92130163F797C569CDDD93F9D147A50DFBB3C50B.torrent', serie='You Have Been Watching', epi='08', type='Torrent')
2010-10-16 11:37:25+0200 [eztv] DEBUG: Scraped LiberBotItems(lang='English', temp='01', links='http://torrent.zoink.it/You.Have.Been.Watching.S01E07.WS.PDTV.XviD-FTP.[eztv].torrent', serie='You Have Been Watching', epi='07', type='Torrent') in <http://eztv.it/shows/307/you-have-been-watching/>
2010-10-16 11:37:25+0200 [eztv] INFO: Passed LiberBotItems(lang='English', temp='01', links='http://torrent.zoink.it/You.Have.Been.Watching.S01E07.WS.PDTV.XviD-FTP.[eztv].torrent', serie='You Have Been Watching', epi='07', type='Torrent')
2010-10-16 11:37:25+0200 [eztv] DEBUG: Scraped LiberBotItems(lang='English', temp='01', links='http://www.bt-chat.com/download.php?info_hash=925aff969390e703c0bca7a52e67cef94e8db8a2', serie='You Have Been Watching', epi='07', type='Torrent') in <http://eztv.it/shows/307/you-have-been-watching/>
2010-10-16 11:37:25+0200 [eztv] INFO: Passed LiberBotItems(lang='English', temp='01', links='http://www.bt-chat.com/download.php?info_hash=925aff969390e703c0bca7a52e67cef94e8db8a2', serie='You Have Been Watching', epi='07', type='Torrent')
2010-10-16 11:37:25+0200 [eztv] DEBUG: Scraped LiberBotItems(lang='English', temp='01', links='http://www.mininova.org/tor/2864098', serie='You Have Been Watching', epi='07', type='Torrent') in <http://eztv.it/shows/307/you-have-been-watching/>
2010-10-16 11:37:25+0200 [eztv] INFO: Passed LiberBotItems(lang='English', temp='01', links='http://www.mininova.org/tor/2864098', serie='You Have Been Watching', epi='07', type='Torrent')
2010-10-16 11:37:25+0200 [eztv] DEBUG: Scraped LiberBotItems(lang='English', temp='01', links='http://torrage.com/torrent/925AFF969390E703C0BCA7A52E67CEF94E8DB8A2.torrent', serie='You Have Been Watching', epi='07', type='Torrent') in <http://eztv.it/shows/307/you-have-been-watching/>
2010-10-16 11:37:25+0200 [eztv] INFO: Passed LiberBotItems(lang='English', temp='01', links='http://torrage.com/torrent/925AFF969390E703C0BCA7A52E67CEF94E8DB8A2.torrent', serie='You Have Been Watching', epi='07', type='Torrent')
2010-10-16 11:37:25+0200 [eztv] DEBUG: Scraped LiberBotItems(lang='English', temp='01', links='http://torrent.zoink.it/You.Have.Been.Watching.S01E06.WS.PDTV.XviD-FTP.[eztv].torrent', serie='You Have Been Watching', epi='06', type='Torrent') in <http://eztv.it/shows/307/you-have-been-watching/>
2010-10-16 11:37:25+0200 [eztv] INFO: Passed LiberBotItems(lang='English', temp='01', links='http://torrent.zoink.it/You.Have.Been.Watching.S01E06.WS.PDTV.XviD-FTP.[eztv].torrent', serie='You Have Been Watching', epi='06', type='Torrent')
2010-10-16 11:37:25+0200 [eztv] DEBUG: Scraped LiberBotItems(lang='English', temp='01', links='http://www.bt-chat.com/download.php?info_hash=5f6911a09a4749c972dfb8e4583df341af798441', serie='You Have Been Watching', epi='06', type='Torrent') in <http://eztv.it/shows/307/you-have-been-watching/>
2010-10-16 11:37:25+0200 [eztv] INFO: Passed LiberBotItems(lang='English', temp='01', links='http://www.bt-chat.com/download.php?info_hash=5f6911a09a4749c972dfb8e4583df341af798441', serie='You Have Been Watching', epi='06', type='Torrent')
2010-10-16 11:37:25+0200 [eztv] DEBUG: Scraped LiberBotItems(lang='English', temp='01', links='http://www.mininova.org/tor/2843050', serie='You Have Been Watching', epi='06', type='Torrent') in <http://eztv.it/shows/307/you-have-been-watching/>
2010-10-16 11:37:25+0200 [eztv] INFO: Passed LiberBotItems(lang='English', temp='01', links='http://www.mininova.org/tor/2843050', serie='You Have Been Watching', epi='06', type='Torrent')
2010-10-16 11:37:25+0200 [eztv] DEBUG: Scraped LiberBotItems(lang='English', temp='01', links='http://torrage.com/torrent/5F6911A09A4749C972DFB8E4583DF341AF798441.torrent', serie='You Have Been Watching', epi='06', type='Torrent') in <http://eztv.it/shows/307/you-have-been-watching/>
2010-10-16 11:37:25+0200 [eztv] INFO: Passed LiberBotItems(lang='English', temp='01', links='http://torrage.com/torrent/5F6911A09A4749C972DFB8E4583DF341AF798441.torrent', serie='You Have Been Watching', epi='06', type='Torrent')
2010-10-16 11:37:25+0200 [eztv] DEBUG: Scraped LiberBotItems(lang='English', temp='01', links='http://torrent.zoink.it/You.Have.Been.Watching.S01E05.WS.PDTV.XviD-FTP.[eztv].torrent', serie='You Have Been Watching', epi='05', type='Torrent') in <http://eztv.it/shows/307/you-have-been-watching/>
2010-10-16 11:37:25+0200 [eztv] INFO: Passed LiberBotItems(lang='English', temp='01', links='http://torrent.zoink.it/You.Have.Been.Watching.S01E05.WS.PDTV.XviD-FTP.[eztv].torrent', serie='You Have Been Watching', epi='05', type='Torrent')
2010-10-16 11:37:25+0200 [eztv] DEBUG: Scraped LiberBotItems(lang='English', temp='01', links='http://www.bt-chat.com/download.php?info_hash=6a2a12fa5540b89413017db5c76d7b11c507471d', serie='You Have Been Watching', epi='05', type='Torrent') in <http://eztv.it/shows/307/you-have-been-watching/>
2010-10-16 11:37:25+0200 [eztv] INFO: Passed LiberBotItems(lang='English', temp='01', links='http://www.bt-chat.com/download.php?info_hash=6a2a12fa5540b89413017db5c76d7b11c507471d', serie='You Have Been Watching', epi='05', type='Torrent')
2010-10-16 11:37:25+0200 [eztv] DEBUG: Scraped LiberBotItems(lang='English', temp='01', links='http://www.mininova.org/tor/2822729', serie='You Have Been Watching', epi='05', type='Torrent') in <http://eztv.it/shows/307/you-have-been-watching/>
2010-10-16 11:37:25+0200 [eztv] INFO: Passed LiberBotItems(lang='English', temp='01', links='http://www.mininova.org/tor/2822729', serie='You Have Been Watching', epi='05', type='Torrent')
2010-10-16 11:37:25+0200 [eztv] DEBUG: Scraped LiberBotItems(lang='English', temp='01', links='http://torrage.com/torrent/6A2A12FA5540B89413017DB5C76D7B11C507471D.torrent', serie='You Have Been Watching', epi='05', type='Torrent') in <http://eztv.it/shows/307/you-have-been-watching/>
2010-10-16 11:37:25+0200 [eztv] INFO: Passed LiberBotItems(lang='English', temp='01', links='http://torrage.com/torrent/6A2A12FA5540B89413017DB5C76D7B11C507471D.torrent', serie='You Have Been Watching', epi='05', type='Torrent')
2010-10-16 11:37:25+0200 [eztv] DEBUG: Scraped LiberBotItems(lang='English', temp='01', links='http://torrent.zoink.it/You.Have.Been.Watching.S01E04.WS.PDTV.XviD-aAF.[eztv].torrent', serie='You Have Been Watching', epi='04', type='Torrent') in <http://eztv.it/shows/307/you-have-been-watching/>
2010-10-16 11:37:25+0200 [eztv] INFO: Passed LiberBotItems(lang='English', temp='01', links='http://torrent.zoink.it/You.Have.Been.Watching.S01E04.WS.PDTV.XviD-aAF.[eztv].torrent', serie='You Have Been Watching', epi='04', type='Torrent')
2010-10-16 11:37:25+0200 [eztv] DEBUG: Scraped LiberBotItems(lang='English', temp='01', links='http://www.bt-chat.com/download.php?info_hash=6fe9e59b7f5fcbadf59dc49d23848be4359002b3', serie='You Have Been Watching', epi='04', type='Torrent') in <http://eztv.it/shows/307/you-have-been-watching/>
2010-10-16 11:37:25+0200 [eztv] INFO: Passed LiberBotItems(lang='English', temp='01', links='http://www.bt-chat.com/download.php?info_hash=6fe9e59b7f5fcbadf59dc49d23848be4359002b3', serie='You Have Been Watching', epi='04', type='Torrent')
2010-10-16 11:37:25+0200 [eztv] DEBUG: Scraped LiberBotItems(lang='English', temp='01', links='http://www.mininova.org/tor/2804671', serie='You Have Been Watching', epi='04', type='Torrent') in <http://eztv.it/shows/307/you-have-been-watching/>
2010-10-16 11:37:25+0200 [eztv] INFO: Passed LiberBotItems(lang='English', temp='01', links='http://www.mininova.org/tor/2804671', serie='You Have Been Watching', epi='04', type='Torrent')
2010-10-16 11:37:25+0200 [eztv] DEBUG: Scraped LiberBotItems(lang='English', temp='01', links='http://torrage.com/torrent/6FE9E59B7F5FCBADF59DC49D23848BE4359002B3.torrent', serie='You Have Been Watching', epi='04', type='Torrent') in <http://eztv.it/shows/307/you-have-been-watching/>
2010-10-16 11:37:25+0200 [eztv] INFO: Passed LiberBotItems(lang='English', temp='01', links='http://torrage.com/torrent/6FE9E59B7F5FCBADF59DC49D23848BE4359002B3.torrent', serie='You Have Been Watching', epi='04', type='Torrent')
2010-10-16 11:37:25+0200 [eztv] DEBUG: Scraped LiberBotItems(lang='English', temp='01', links='http://torrent.zoink.it/You.Have.Been.Watching.S01E03.WS.PDTV.XviD-FTP.torrent', serie='You Have Been Watching', epi='03', type='Torrent') in <http://eztv.it/shows/307/you-have-been-watching/>
2010-10-16 11:37:25+0200 [eztv] INFO: Passed LiberBotItems(lang='English', temp='01', links='http://torrent.zoink.it/You.Have.Been.Watching.S01E03.WS.PDTV.XviD-FTP.torrent', serie='You Have Been Watching', epi='03', type='Torrent')
2010-10-16 11:37:25+0200 [eztv] DEBUG: Scraped LiberBotItems(lang='English', temp='01', links='http://www.bt-chat.com/download.php?info_hash=bc208e1761eb20d3391791a9f7d8f2f60fcff96c', serie='You Have Been Watching', epi='03', type='Torrent') in <http://eztv.it/shows/307/you-have-been-watching/>
2010-10-16 11:37:25+0200 [eztv] INFO: Passed LiberBotItems(lang='English', temp='01', links='http://www.bt-chat.com/download.php?info_hash=bc208e1761eb20d3391791a9f7d8f2f60fcff96c', serie='You Have Been Watching', epi='03', type='Torrent')
2010-10-16 11:37:25+0200 [eztv] DEBUG: Scraped LiberBotItems(lang='English', temp='01', links='http://torrent.zoink.it/You.Have.Been.Watching.S01E03.WS.PDTV.XviD-FTP.[eztv].torrent', serie='You Have Been Watching', epi='03', type='Torrent') in <http://eztv.it/shows/307/you-have-been-watching/>
2010-10-16 11:37:25+0200 [eztv] INFO: Passed LiberBotItems(lang='English', temp='01', links='http://torrent.zoink.it/You.Have.Been.Watching.S01E03.WS.PDTV.XviD-FTP.[eztv].torrent', serie='You Have Been Watching', epi='03', type='Torrent')
2010-10-16 11:37:25+0200 [eztv] DEBUG: Scraped LiberBotItems(lang='English', temp='01', links='http://www.bt-chat.com/download.php?info_hash=bc208e1761eb20d3391791a9f7d8f2f60fcff96c', serie='You Have Been Watching', epi='03', type='Torrent') in <http://eztv.it/shows/307/you-have-been-watching/>
2010-10-16 11:37:25+0200 [eztv] INFO: Passed LiberBotItems(lang='English', temp='01', links='http://www.bt-chat.com/download.php?info_hash=bc208e1761eb20d3391791a9f7d8f2f60fcff96c', serie='You Have Been Watching', epi='03', type='Torrent')
2010-10-16 11:37:25+0200 [eztv] DEBUG: Scraped LiberBotItems(lang='English', temp='01', links='http://torrent.zoink.it/You.Have.Been.Watching.S01E02.REPACK.WS.PDTV.XviD-WATERS.torrent', serie='You Have Been Watching', epi='02', type='Torrent') in <http://eztv.it/shows/307/you-have-been-watching/>
2010-10-16 11:37:25+0200 [eztv] INFO: Passed LiberBotItems(lang='English', temp='01', links='http://torrent.zoink.it/You.Have.Been.Watching.S01E02.REPACK.WS.PDTV.XviD-WATERS.torrent', serie='You Have Been Watching', epi='02', type='Torrent')
2010-10-16 11:37:25+0200 [eztv] DEBUG: Scraped LiberBotItems(lang='English', temp='01', links='http://www.bt-chat.com/download.php?info_hash=eed57216b57f166989bb48c3df1e7fd966dc3da4', serie='You Have Been Watching', epi='02', type='Torrent') in <http://eztv.it/shows/307/you-have-been-watching/>
2010-10-16 11:37:25+0200 [eztv] INFO: Passed LiberBotItems(lang='English', temp='01', links='http://www.bt-chat.com/download.php?info_hash=eed57216b57f166989bb48c3df1e7fd966dc3da4', serie='You Have Been Watching', epi='02', type='Torrent')
2010-10-16 11:37:25+0200 [eztv] DEBUG: Scraped LiberBotItems(lang='English', temp='01', links='http://torrent.zoink.it/You.Have.Been.Watching.S01E02.WS.PDTV.XviD-WATERS.torrent', serie='You Have Been Watching', epi='02', type='Torrent') in <http://eztv.it/shows/307/you-have-been-watching/>
2010-10-16 11:37:25+0200 [eztv] INFO: Passed LiberBotItems(lang='English', temp='01', links='http://torrent.zoink.it/You.Have.Been.Watching.S01E02.WS.PDTV.XviD-WATERS.torrent', serie='You Have Been Watching', epi='02', type='Torrent')
2010-10-16 11:37:25+0200 [eztv] DEBUG: Scraped LiberBotItems(lang='English', temp='01', links='http://www.bt-chat.com/download.php?info_hash=afb4ba0c0b3a8854cb0c54516d9c69e966c07b08', serie='You Have Been Watching', epi='02', type='Torrent') in <http://eztv.it/shows/307/you-have-been-watching/>
2010-10-16 11:37:25+0200 [eztv] INFO: Passed LiberBotItems(lang='English', temp='01', links='http://www.bt-chat.com/download.php?info_hash=afb4ba0c0b3a8854cb0c54516d9c69e966c07b08', serie='You Have Been Watching', epi='02', type='Torrent')
2010-10-16 11:37:25+0200 [eztv] DEBUG: Scraped LiberBotItems(lang='English', temp='01', links='http://torrent.zoink.it/You.Have.Been.Watching.S01E01.WS.PDTV.XviD-WATERS.torrent', serie='You Have Been Watching', epi='01', type='Torrent') in <http://eztv.it/shows/307/you-have-been-watching/>
2010-10-16 11:37:25+0200 [eztv] INFO: Passed LiberBotItems(lang='English', temp='01', links='http://torrent.zoink.it/You.Have.Been.Watching.S01E01.WS.PDTV.XviD-WATERS.torrent', serie='You Have Been Watching', epi='01', type='Torrent')
2010-10-16 11:37:25+0200 [eztv] DEBUG: Scraped LiberBotItems(lang='English', temp='01', links='http://www.bt-chat.com/download.php?info_hash=cca92b8ddcd1d4c94bd9b8b5762296a668cade21', serie='You Have Been Watching', epi='01', type='Torrent') in <http://eztv.it/shows/307/you-have-been-watching/>
2010-10-16 11:37:25+0200 [eztv] INFO: Passed LiberBotItems(lang='English', temp='01', links='http://www.bt-chat.com/download.php?info_hash=cca92b8ddcd1d4c94bd9b8b5762296a668cade21', serie='You Have Been Watching', epi='01', type='Torrent')
2010-10-16 11:37:25+0200 [eztv] DEBUG: Crawled (200) <GET http://eztv.it/shows/373/the-yes-men-fix-the-world/> (referer: None)
2010-10-16 11:37:26+0200 [eztv] ERROR: Spider error processing <http://eztv.it/shows/373/the-yes-men-fix-the-world/> (referer: <None>)
	Traceback (most recent call last):
	  File "/usr/local/lib/python2.6/dist-packages/Twisted-10.1.0-py2.6-linux-x86_64.egg/twisted/internet/base.py", line 796, in runUntilCurrent
	    call.func(*call.args, **call.kw)
	  File "/usr/local/lib/python2.6/dist-packages/Twisted-10.1.0-py2.6-linux-x86_64.egg/twisted/internet/task.py", line 577, in _tick
	    taskObj._oneWorkUnit()
	  File "/usr/local/lib/python2.6/dist-packages/Twisted-10.1.0-py2.6-linux-x86_64.egg/twisted/internet/task.py", line 458, in _oneWorkUnit
	    result = self._iterator.next()
	  File "/usr/local/lib/python2.6/dist-packages/Scrapy-0.10.2-py2.6.egg/scrapy/utils/defer.py", line 57, in <genexpr>
	    work = (callable(elem, *args, **named) for elem in iterable)
	--- <exception caught here> ---
	  File "/usr/local/lib/python2.6/dist-packages/Scrapy-0.10.2-py2.6.egg/scrapy/utils/defer.py", line 96, in iter_errback
	    yield it.next()
	  File "/usr/local/lib/python2.6/dist-packages/Scrapy-0.10.2-py2.6.egg/scrapy/contrib/spidermiddleware/offsite.py", line 24, in process_spider_output
	    for x in result:
	  File "/usr/local/lib/python2.6/dist-packages/Scrapy-0.10.2-py2.6.egg/scrapy/contrib/spidermiddleware/referer.py", line 14, in <genexpr>
	    return (_set_referer(r) for r in result or ())
	  File "/usr/local/lib/python2.6/dist-packages/Scrapy-0.10.2-py2.6.egg/scrapy/contrib/spidermiddleware/urllength.py", line 32, in <genexpr>
	    return (r for r in result or () if _filter(r))
	  File "/usr/local/lib/python2.6/dist-packages/Scrapy-0.10.2-py2.6.egg/scrapy/contrib/spidermiddleware/depth.py", line 48, in <genexpr>
	    return (r for r in result or () if _filter(r))
	  File "/home/anders/bots/libercopy/liberbot/spiders/eztv.py", line 63, in parse
	    season, episode = link.select('.//a[contains(@class, "epinfo")]/text()').re(r'(\d*)x(\d*)')
	exceptions.ValueError: too many values to unpack
	
2010-10-16 11:37:26+0200 [eztv] INFO: Closing spider (finished)
2010-10-16 11:37:26+0200 [eztv] INFO: Stored json feed (58 items, 11159 bytes) in: sites/eztv/dump/Y.json
2010-10-16 11:37:26+0200 [eztv] INFO: Spider closed (finished)
