2010-10-18 17:54:31+0200 [scrapy] INFO: Scrapy 0.10.2 started (bot: liberbot)
2010-10-18 17:54:31+0200 [scrapy] DEBUG: Enabled extensions: FeedExporter, TelnetConsole, SpiderContext, WebService, CoreStats, MemoryUsage, CloseSpider
2010-10-18 17:54:31+0200 [scrapy] DEBUG: Enabled scheduler middlewares: DuplicatesFilterMiddleware
2010-10-18 17:54:32+0200 [scrapy] DEBUG: Enabled downloader middlewares: HttpAuthMiddleware, DownloadTimeoutMiddleware, UserAgentMiddleware, RetryMiddleware, DefaultHeadersMiddleware, RedirectMiddleware, CookiesMiddleware, HttpCompressionMiddleware, DownloaderStats, HttpCacheMiddleware
2010-10-18 17:54:32+0200 [scrapy] DEBUG: Enabled spider middlewares: HttpErrorMiddleware, OffsiteMiddleware, RefererMiddleware, UrlLengthMiddleware, DepthMiddleware
2010-10-18 17:54:32+0200 [scrapy] DEBUG: Enabled item pipelines: 
2010-10-18 17:54:32+0200 [scrapy] DEBUG: Telnet console listening on port 6023
2010-10-18 17:54:32+0200 [scrapy] DEBUG: Web service listening on port 6080
2010-10-18 17:54:32+0200 [series-pepito] INFO: Spider opened
2010-10-18 17:54:32+0200 [series-pepito] DEBUG: Crawled (200) <GET http://ay-senor-senor.seriespepito.com> (referer: None)
2010-10-18 17:54:32+0200 [series-pepito] DEBUG: Crawled (200) <GET http://avatar-la-leyenda-de-aang.seriespepito.com> (referer: None)
2010-10-18 17:54:33+0200 [series-pepito] DEBUG: Crawled (200) <GET http://autopista-hacia-el-cielo.seriespepito.com> (referer: None)
2010-10-18 17:54:33+0200 [series-pepito] DEBUG: Crawled (200) <GET http://assassin-s-creed-lineage.seriespepito.com> (referer: None)
2010-10-18 17:54:33+0200 [series-pepito] DEBUG: Crawled (200) <GET http://ay-senor-senor.seriespepito.com/capitulos-primera-temporada-1/capitulo-28-donde-esta-el-cura/> (referer: http://ay-senor-senor.seriespepito.com)
2010-10-18 17:54:33+0200 [series-pepito] DEBUG: Scraped LiberBotItems(serie=u' Ay Se\xf1or Se\xf1or', title=u'Donde esta el cura', links=[u'http://www.megavideo.com/?d=2SOSYWNY'], temp=u'1', epi=u'28') in <http://ay-senor-senor.seriespepito.com/capitulos-primera-temporada-1/capitulo-28-donde-esta-el-cura/>
2010-10-18 17:54:33+0200 [series-pepito] INFO: Passed LiberBotItems(serie=u' Ay Se\xf1or Se\xf1or', title=u'Donde esta el cura', links=[u'http://www.megavideo.com/?d=2SOSYWNY'], temp=u'1', epi=u'28')
2010-10-18 17:54:33+0200 [series-pepito] DEBUG: Scraped LiberBotItems(serie=u' Ay Se\xf1or Se\xf1or', title=u'Donde esta el cura', links=[u'http://www.megaupload.com/?d=2SOSYWNY'], temp=u'1', epi=u'28') in <http://ay-senor-senor.seriespepito.com/capitulos-primera-temporada-1/capitulo-28-donde-esta-el-cura/>
2010-10-18 17:54:33+0200 [series-pepito] INFO: Passed LiberBotItems(serie=u' Ay Se\xf1or Se\xf1or', title=u'Donde esta el cura', links=[u'http://www.megaupload.com/?d=2SOSYWNY'], temp=u'1', epi=u'28')
2010-10-18 17:54:34+0200 [series-pepito] DEBUG: Crawled (200) <GET http://avatar-la-leyenda-de-aang.seriespepito.com/capitulos-tercera-temporada-3/capitulo-4/> (referer: http://avatar-la-leyenda-de-aang.seriespepito.com)
2010-10-18 17:54:34+0200 [series-pepito] DEBUG: Scraped LiberBotItems(serie=u' Avatar la leyenda de Aang', title=u'Capitulo 4', links=[u'http://www.megavideo.com/?v=ZFEQC397'], temp=u'3', epi=u'04') in <http://avatar-la-leyenda-de-aang.seriespepito.com/capitulos-tercera-temporada-3/capitulo-4/>
2010-10-18 17:54:34+0200 [series-pepito] INFO: Passed LiberBotItems(serie=u' Avatar la leyenda de Aang', title=u'Capitulo 4', links=[u'http://www.megavideo.com/?v=ZFEQC397'], temp=u'3', epi=u'04')
2010-10-18 17:54:34+0200 [series-pepito] DEBUG: Scraped LiberBotItems(serie=u' Avatar la leyenda de Aang', title=u'Capitulo 4', links=[], temp=u'3', epi=u'04') in <http://avatar-la-leyenda-de-aang.seriespepito.com/capitulos-tercera-temporada-3/capitulo-4/>
2010-10-18 17:54:34+0200 [series-pepito] INFO: Passed LiberBotItems(serie=u' Avatar la leyenda de Aang', title=u'Capitulo 4', links=[], temp=u'3', epi=u'04')
2010-10-18 17:54:34+0200 [series-pepito] DEBUG: Crawled (200) <GET http://autopista-hacia-el-cielo.seriespepito.com/capitulos-segunda-temporada-2/capitulo-24/> (referer: http://autopista-hacia-el-cielo.seriespepito.com)
2010-10-18 17:54:34+0200 [series-pepito] DEBUG: Scraped LiberBotItems(serie=u' Autopista hacia el cielo', title=u'Capitulo 24', links=[u'http://www.megavideo.com/?v=SRS5POLG'], temp=u'2', epi=u'24') in <http://autopista-hacia-el-cielo.seriespepito.com/capitulos-segunda-temporada-2/capitulo-24/>
2010-10-18 17:54:34+0200 [series-pepito] INFO: Passed LiberBotItems(serie=u' Autopista hacia el cielo', title=u'Capitulo 24', links=[u'http://www.megavideo.com/?v=SRS5POLG'], temp=u'2', epi=u'24')
2010-10-18 17:54:34+0200 [series-pepito] DEBUG: Scraped LiberBotItems(serie=u' Autopista hacia el cielo', title=u'Capitulo 24', links=[], temp=u'2', epi=u'24') in <http://autopista-hacia-el-cielo.seriespepito.com/capitulos-segunda-temporada-2/capitulo-24/>
2010-10-18 17:54:34+0200 [series-pepito] INFO: Passed LiberBotItems(serie=u' Autopista hacia el cielo', title=u'Capitulo 24', links=[], temp=u'2', epi=u'24')
2010-10-18 17:54:34+0200 [series-pepito] DEBUG: Crawled (200) <GET http://assassin-s-creed-lineage.seriespepito.com/capitulos-primera-temporada-1/capitulo-1/> (referer: http://assassin-s-creed-lineage.seriespepito.com)
2010-10-18 17:54:34+0200 [series-pepito] DEBUG: Scraped LiberBotItems(serie=u" Assassin's Creed: Lineage", title=u'Capitulo 1', links=[u'http://www.megavideo.com/?d=KFWJTKMF'], temp=u'1', epi=u'01') in <http://assassin-s-creed-lineage.seriespepito.com/capitulos-primera-temporada-1/capitulo-1/>
2010-10-18 17:54:34+0200 [series-pepito] INFO: Passed LiberBotItems(serie=u" Assassin's Creed: Lineage", title=u'Capitulo 1', links=[u'http://www.megavideo.com/?d=KFWJTKMF'], temp=u'1', epi=u'01')
2010-10-18 17:54:34+0200 [series-pepito] DEBUG: Scraped LiberBotItems(serie=u" Assassin's Creed: Lineage", title=u'Capitulo 1', links=[u'http://www.megaupload.com/?d=KFWJTKMF'], temp=u'1', epi=u'01') in <http://assassin-s-creed-lineage.seriespepito.com/capitulos-primera-temporada-1/capitulo-1/>
2010-10-18 17:54:34+0200 [series-pepito] INFO: Passed LiberBotItems(serie=u" Assassin's Creed: Lineage", title=u'Capitulo 1', links=[u'http://www.megaupload.com/?d=KFWJTKMF'], temp=u'1', epi=u'01')
2010-10-18 17:54:34+0200 [series-pepito] DEBUG: Crawled (200) <GET http://autopista-hacia-el-cielo.seriespepito.com/capitulos-segunda-temporada-2/capitulo-22/> (referer: http://autopista-hacia-el-cielo.seriespepito.com)
2010-10-18 17:54:34+0200 [series-pepito] DEBUG: Scraped LiberBotItems(serie=u' Autopista hacia el cielo', title=u'Capitulo 22', links=[u'http://www.megavideo.com/?v=0L6XSGU7'], temp=u'2', epi=u'22') in <http://autopista-hacia-el-cielo.seriespepito.com/capitulos-segunda-temporada-2/capitulo-22/>
2010-10-18 17:54:34+0200 [series-pepito] INFO: Passed LiberBotItems(serie=u' Autopista hacia el cielo', title=u'Capitulo 22', links=[u'http://www.megavideo.com/?v=0L6XSGU7'], temp=u'2', epi=u'22')
2010-10-18 17:54:34+0200 [series-pepito] DEBUG: Scraped LiberBotItems(serie=u' Autopista hacia el cielo', title=u'Capitulo 22', links=[], temp=u'2', epi=u'22') in <http://autopista-hacia-el-cielo.seriespepito.com/capitulos-segunda-temporada-2/capitulo-22/>
2010-10-18 17:54:34+0200 [series-pepito] INFO: Passed LiberBotItems(serie=u' Autopista hacia el cielo', title=u'Capitulo 22', links=[], temp=u'2', epi=u'22')
2010-10-18 17:54:35+0200 [series-pepito] DEBUG: Crawled (200) <GET http://autopista-hacia-el-cielo.seriespepito.com/capitulos-segunda-temporada-2/capitulo-21/> (referer: http://autopista-hacia-el-cielo.seriespepito.com)
2010-10-18 17:54:35+0200 [series-pepito] DEBUG: Scraped LiberBotItems(serie=u' Autopista hacia el cielo', title=u'Capitulo 21', links=[u'http://www.megavideo.com/?v=KFD4RYHI'], temp=u'2', epi=u'21') in <http://autopista-hacia-el-cielo.seriespepito.com/capitulos-segunda-temporada-2/capitulo-21/>
2010-10-18 17:54:35+0200 [series-pepito] INFO: Passed LiberBotItems(serie=u' Autopista hacia el cielo', title=u'Capitulo 21', links=[u'http://www.megavideo.com/?v=KFD4RYHI'], temp=u'2', epi=u'21')
2010-10-18 17:54:35+0200 [series-pepito] DEBUG: Scraped LiberBotItems(serie=u' Autopista hacia el cielo', title=u'Capitulo 21', links=[], temp=u'2', epi=u'21') in <http://autopista-hacia-el-cielo.seriespepito.com/capitulos-segunda-temporada-2/capitulo-21/>
2010-10-18 17:54:35+0200 [series-pepito] INFO: Passed LiberBotItems(serie=u' Autopista hacia el cielo', title=u'Capitulo 21', links=[], temp=u'2', epi=u'21')
2010-10-18 17:54:35+0200 [series-pepito] DEBUG: Crawled (200) <GET http://autopista-hacia-el-cielo.seriespepito.com/capitulos-segunda-temporada-2/capitulo-20/> (referer: http://autopista-hacia-el-cielo.seriespepito.com)
2010-10-18 17:54:35+0200 [series-pepito] DEBUG: Scraped LiberBotItems(serie=u' Autopista hacia el cielo', title=u'Capitulo 20', links=[u'http://www.megavideo.com/?v=LID65KKU'], temp=u'2', epi=u'20') in <http://autopista-hacia-el-cielo.seriespepito.com/capitulos-segunda-temporada-2/capitulo-20/>
2010-10-18 17:54:35+0200 [series-pepito] INFO: Passed LiberBotItems(serie=u' Autopista hacia el cielo', title=u'Capitulo 20', links=[u'http://www.megavideo.com/?v=LID65KKU'], temp=u'2', epi=u'20')
2010-10-18 17:54:35+0200 [series-pepito] DEBUG: Scraped LiberBotItems(serie=u' Autopista hacia el cielo', title=u'Capitulo 20', links=[], temp=u'2', epi=u'20') in <http://autopista-hacia-el-cielo.seriespepito.com/capitulos-segunda-temporada-2/capitulo-20/>
2010-10-18 17:54:35+0200 [series-pepito] INFO: Passed LiberBotItems(serie=u' Autopista hacia el cielo', title=u'Capitulo 20', links=[], temp=u'2', epi=u'20')
2010-10-18 17:54:36+0200 [series-pepito] DEBUG: Crawled (200) <GET http://autopista-hacia-el-cielo.seriespepito.com/capitulos-segunda-temporada-2/capitulo-19/> (referer: http://autopista-hacia-el-cielo.seriespepito.com)
2010-10-18 17:54:36+0200 [series-pepito] DEBUG: Scraped LiberBotItems(serie=u' Autopista hacia el cielo', title=u'Capitulo 19', links=[u'http://www.megavideo.com/?v=9ZETE1N0'], temp=u'2', epi=u'19') in <http://autopista-hacia-el-cielo.seriespepito.com/capitulos-segunda-temporada-2/capitulo-19/>
2010-10-18 17:54:36+0200 [series-pepito] INFO: Passed LiberBotItems(serie=u' Autopista hacia el cielo', title=u'Capitulo 19', links=[u'http://www.megavideo.com/?v=9ZETE1N0'], temp=u'2', epi=u'19')
2010-10-18 17:54:36+0200 [series-pepito] DEBUG: Scraped LiberBotItems(serie=u' Autopista hacia el cielo', title=u'Capitulo 19', links=[], temp=u'2', epi=u'19') in <http://autopista-hacia-el-cielo.seriespepito.com/capitulos-segunda-temporada-2/capitulo-19/>
2010-10-18 17:54:36+0200 [series-pepito] INFO: Passed LiberBotItems(serie=u' Autopista hacia el cielo', title=u'Capitulo 19', links=[], temp=u'2', epi=u'19')
2010-10-18 17:54:36+0200 [series-pepito] DEBUG: Crawled (200) <GET http://autopista-hacia-el-cielo.seriespepito.com/capitulos-segunda-temporada-2/capitulo-18/> (referer: http://autopista-hacia-el-cielo.seriespepito.com)
2010-10-18 17:54:36+0200 [series-pepito] DEBUG: Scraped LiberBotItems(serie=u' Autopista hacia el cielo', title=u'Capitulo 18', links=[u'http://www.megavideo.com/?v=427YC6Q1'], temp=u'2', epi=u'18') in <http://autopista-hacia-el-cielo.seriespepito.com/capitulos-segunda-temporada-2/capitulo-18/>
2010-10-18 17:54:36+0200 [series-pepito] INFO: Passed LiberBotItems(serie=u' Autopista hacia el cielo', title=u'Capitulo 18', links=[u'http://www.megavideo.com/?v=427YC6Q1'], temp=u'2', epi=u'18')
2010-10-18 17:54:36+0200 [series-pepito] DEBUG: Scraped LiberBotItems(serie=u' Autopista hacia el cielo', title=u'Capitulo 18', links=[], temp=u'2', epi=u'18') in <http://autopista-hacia-el-cielo.seriespepito.com/capitulos-segunda-temporada-2/capitulo-18/>
2010-10-18 17:54:36+0200 [series-pepito] INFO: Passed LiberBotItems(serie=u' Autopista hacia el cielo', title=u'Capitulo 18', links=[], temp=u'2', epi=u'18')
2010-10-18 17:54:37+0200 [series-pepito] DEBUG: Crawled (200) <GET http://autopista-hacia-el-cielo.seriespepito.com/capitulos-segunda-temporada-2/capitulo-17/> (referer: http://autopista-hacia-el-cielo.seriespepito.com)
2010-10-18 17:54:37+0200 [series-pepito] DEBUG: Scraped LiberBotItems(serie=u' Autopista hacia el cielo', title=u'Capitulo 17', links=[u'http://www.megavideo.com/?v=0YVUYPZ4'], temp=u'2', epi=u'17') in <http://autopista-hacia-el-cielo.seriespepito.com/capitulos-segunda-temporada-2/capitulo-17/>
2010-10-18 17:54:37+0200 [series-pepito] INFO: Passed LiberBotItems(serie=u' Autopista hacia el cielo', title=u'Capitulo 17', links=[u'http://www.megavideo.com/?v=0YVUYPZ4'], temp=u'2', epi=u'17')
2010-10-18 17:54:37+0200 [series-pepito] DEBUG: Scraped LiberBotItems(serie=u' Autopista hacia el cielo', title=u'Capitulo 17', links=[], temp=u'2', epi=u'17') in <http://autopista-hacia-el-cielo.seriespepito.com/capitulos-segunda-temporada-2/capitulo-17/>
2010-10-18 17:54:37+0200 [series-pepito] INFO: Passed LiberBotItems(serie=u' Autopista hacia el cielo', title=u'Capitulo 17', links=[], temp=u'2', epi=u'17')
2010-10-18 17:54:37+0200 [series-pepito] DEBUG: Crawled (200) <GET http://autopista-hacia-el-cielo.seriespepito.com/capitulos-segunda-temporada-2/capitulo-16/> (referer: http://autopista-hacia-el-cielo.seriespepito.com)
2010-10-18 17:54:37+0200 [series-pepito] DEBUG: Scraped LiberBotItems(serie=u' Autopista hacia el cielo', title=u'Capitulo 16', links=[u'http://www.megavideo.com/?v=4HQOKFUP'], temp=u'2', epi=u'16') in <http://autopista-hacia-el-cielo.seriespepito.com/capitulos-segunda-temporada-2/capitulo-16/>
2010-10-18 17:54:37+0200 [series-pepito] INFO: Passed LiberBotItems(serie=u' Autopista hacia el cielo', title=u'Capitulo 16', links=[u'http://www.megavideo.com/?v=4HQOKFUP'], temp=u'2', epi=u'16')
2010-10-18 17:54:37+0200 [series-pepito] DEBUG: Scraped LiberBotItems(serie=u' Autopista hacia el cielo', title=u'Capitulo 16', links=[], temp=u'2', epi=u'16') in <http://autopista-hacia-el-cielo.seriespepito.com/capitulos-segunda-temporada-2/capitulo-16/>
2010-10-18 17:54:37+0200 [series-pepito] INFO: Passed LiberBotItems(serie=u' Autopista hacia el cielo', title=u'Capitulo 16', links=[], temp=u'2', epi=u'16')
2010-10-18 17:54:37+0200 [series-pepito] DEBUG: Crawled (200) <GET http://autopista-hacia-el-cielo.seriespepito.com/capitulos-segunda-temporada-2/capitulo-15/> (referer: http://autopista-hacia-el-cielo.seriespepito.com)
2010-10-18 17:54:37+0200 [series-pepito] DEBUG: Scraped LiberBotItems(serie=u' Autopista hacia el cielo', title=u'Capitulo 15', links=[u'http://www.megavideo.com/?v=UDYM75H4'], temp=u'2', epi=u'15') in <http://autopista-hacia-el-cielo.seriespepito.com/capitulos-segunda-temporada-2/capitulo-15/>
2010-10-18 17:54:37+0200 [series-pepito] INFO: Passed LiberBotItems(serie=u' Autopista hacia el cielo', title=u'Capitulo 15', links=[u'http://www.megavideo.com/?v=UDYM75H4'], temp=u'2', epi=u'15')
2010-10-18 17:54:37+0200 [series-pepito] DEBUG: Scraped LiberBotItems(serie=u' Autopista hacia el cielo', title=u'Capitulo 15', links=[], temp=u'2', epi=u'15') in <http://autopista-hacia-el-cielo.seriespepito.com/capitulos-segunda-temporada-2/capitulo-15/>
2010-10-18 17:54:37+0200 [series-pepito] INFO: Passed LiberBotItems(serie=u' Autopista hacia el cielo', title=u'Capitulo 15', links=[], temp=u'2', epi=u'15')
2010-10-18 17:54:38+0200 [series-pepito] DEBUG: Crawled (200) <GET http://autopista-hacia-el-cielo.seriespepito.com/capitulos-segunda-temporada-2/capitulo-14/> (referer: http://autopista-hacia-el-cielo.seriespepito.com)
2010-10-18 17:54:38+0200 [series-pepito] DEBUG: Scraped LiberBotItems(serie=u' Autopista hacia el cielo', title=u'Capitulo 14', links=[], temp=u'2', epi=u'14') in <http://autopista-hacia-el-cielo.seriespepito.com/capitulos-segunda-temporada-2/capitulo-14/>
2010-10-18 17:54:38+0200 [series-pepito] INFO: Passed LiberBotItems(serie=u' Autopista hacia el cielo', title=u'Capitulo 14', links=[], temp=u'2', epi=u'14')
2010-10-18 17:54:38+0200 [series-pepito] DEBUG: Scraped LiberBotItems(serie=u' Autopista hacia el cielo', title=u'Capitulo 14', links=[], temp=u'2', epi=u'14') in <http://autopista-hacia-el-cielo.seriespepito.com/capitulos-segunda-temporada-2/capitulo-14/>
2010-10-18 17:54:38+0200 [series-pepito] INFO: Passed LiberBotItems(serie=u' Autopista hacia el cielo', title=u'Capitulo 14', links=[], temp=u'2', epi=u'14')
2010-10-18 17:54:38+0200 [series-pepito] DEBUG: Crawled (200) <GET http://autopista-hacia-el-cielo.seriespepito.com/capitulos-segunda-temporada-2/capitulo-13/> (referer: http://autopista-hacia-el-cielo.seriespepito.com)
2010-10-18 17:54:38+0200 [series-pepito] DEBUG: Scraped LiberBotItems(serie=u' Autopista hacia el cielo', title=u'Capitulo 13', links=[u'http://www.megavideo.com/?v=YHTGGNHL'], temp=u'2', epi=u'13') in <http://autopista-hacia-el-cielo.seriespepito.com/capitulos-segunda-temporada-2/capitulo-13/>
2010-10-18 17:54:38+0200 [series-pepito] INFO: Passed LiberBotItems(serie=u' Autopista hacia el cielo', title=u'Capitulo 13', links=[u'http://www.megavideo.com/?v=YHTGGNHL'], temp=u'2', epi=u'13')
2010-10-18 17:54:38+0200 [series-pepito] DEBUG: Scraped LiberBotItems(serie=u' Autopista hacia el cielo', title=u'Capitulo 13', links=[], temp=u'2', epi=u'13') in <http://autopista-hacia-el-cielo.seriespepito.com/capitulos-segunda-temporada-2/capitulo-13/>
2010-10-18 17:54:38+0200 [series-pepito] INFO: Passed LiberBotItems(serie=u' Autopista hacia el cielo', title=u'Capitulo 13', links=[], temp=u'2', epi=u'13')
2010-10-18 17:54:38+0200 [series-pepito] DEBUG: Crawled (200) <GET http://autopista-hacia-el-cielo.seriespepito.com/capitulos-segunda-temporada-2/capitulo-12/> (referer: http://autopista-hacia-el-cielo.seriespepito.com)
2010-10-18 17:54:38+0200 [series-pepito] DEBUG: Scraped LiberBotItems(serie=u' Autopista hacia el cielo', title=u'Capitulo 12', links=[u'http://www.megavideo.com/?v=3YPLFYLU'], temp=u'2', epi=u'12') in <http://autopista-hacia-el-cielo.seriespepito.com/capitulos-segunda-temporada-2/capitulo-12/>
2010-10-18 17:54:38+0200 [series-pepito] INFO: Passed LiberBotItems(serie=u' Autopista hacia el cielo', title=u'Capitulo 12', links=[u'http://www.megavideo.com/?v=3YPLFYLU'], temp=u'2', epi=u'12')
2010-10-18 17:54:38+0200 [series-pepito] DEBUG: Scraped LiberBotItems(serie=u' Autopista hacia el cielo', title=u'Capitulo 12', links=[], temp=u'2', epi=u'12') in <http://autopista-hacia-el-cielo.seriespepito.com/capitulos-segunda-temporada-2/capitulo-12/>
2010-10-18 17:54:38+0200 [series-pepito] INFO: Passed LiberBotItems(serie=u' Autopista hacia el cielo', title=u'Capitulo 12', links=[], temp=u'2', epi=u'12')
2010-10-18 17:54:39+0200 [series-pepito] DEBUG: Crawled (200) <GET http://autopista-hacia-el-cielo.seriespepito.com/capitulos-segunda-temporada-2/capitulo-11/> (referer: http://autopista-hacia-el-cielo.seriespepito.com)
2010-10-18 17:54:39+0200 [series-pepito] DEBUG: Scraped LiberBotItems(serie=u' Autopista hacia el cielo', title=u'Capitulo 11', links=[u'http://www.megavideo.com/?v=NKBZ69MR'], temp=u'2', epi=u'11') in <http://autopista-hacia-el-cielo.seriespepito.com/capitulos-segunda-temporada-2/capitulo-11/>
2010-10-18 17:54:39+0200 [series-pepito] INFO: Passed LiberBotItems(serie=u' Autopista hacia el cielo', title=u'Capitulo 11', links=[u'http://www.megavideo.com/?v=NKBZ69MR'], temp=u'2', epi=u'11')
2010-10-18 17:54:39+0200 [series-pepito] DEBUG: Scraped LiberBotItems(serie=u' Autopista hacia el cielo', title=u'Capitulo 11', links=[], temp=u'2', epi=u'11') in <http://autopista-hacia-el-cielo.seriespepito.com/capitulos-segunda-temporada-2/capitulo-11/>
2010-10-18 17:54:39+0200 [series-pepito] INFO: Passed LiberBotItems(serie=u' Autopista hacia el cielo', title=u'Capitulo 11', links=[], temp=u'2', epi=u'11')
2010-10-18 17:54:39+0200 [series-pepito] DEBUG: Crawled (200) <GET http://autopista-hacia-el-cielo.seriespepito.com/capitulos-segunda-temporada-2/capitulo-10/> (referer: http://autopista-hacia-el-cielo.seriespepito.com)
2010-10-18 17:54:39+0200 [series-pepito] DEBUG: Scraped LiberBotItems(serie=u' Autopista hacia el cielo', title=u'Capitulo 10', links=[u'http://www.megavideo.com/?v=K2XNZWEQ'], temp=u'2', epi=u'10') in <http://autopista-hacia-el-cielo.seriespepito.com/capitulos-segunda-temporada-2/capitulo-10/>
2010-10-18 17:54:39+0200 [series-pepito] INFO: Passed LiberBotItems(serie=u' Autopista hacia el cielo', title=u'Capitulo 10', links=[u'http://www.megavideo.com/?v=K2XNZWEQ'], temp=u'2', epi=u'10')
2010-10-18 17:54:39+0200 [series-pepito] DEBUG: Scraped LiberBotItems(serie=u' Autopista hacia el cielo', title=u'Capitulo 10', links=[], temp=u'2', epi=u'10') in <http://autopista-hacia-el-cielo.seriespepito.com/capitulos-segunda-temporada-2/capitulo-10/>
2010-10-18 17:54:39+0200 [series-pepito] INFO: Passed LiberBotItems(serie=u' Autopista hacia el cielo', title=u'Capitulo 10', links=[], temp=u'2', epi=u'10')
2010-10-18 17:54:40+0200 [series-pepito] DEBUG: Crawled (200) <GET http://autopista-hacia-el-cielo.seriespepito.com/capitulos-segunda-temporada-2/capitulo-9/> (referer: http://autopista-hacia-el-cielo.seriespepito.com)
2010-10-18 17:54:40+0200 [series-pepito] DEBUG: Scraped LiberBotItems(serie=u' Autopista hacia el cielo', title=u'Capitulo 9', links=[u'http://www.megavideo.com/?v=ZSQO57EK'], temp=u'2', epi=u'09') in <http://autopista-hacia-el-cielo.seriespepito.com/capitulos-segunda-temporada-2/capitulo-9/>
2010-10-18 17:54:40+0200 [series-pepito] INFO: Passed LiberBotItems(serie=u' Autopista hacia el cielo', title=u'Capitulo 9', links=[u'http://www.megavideo.com/?v=ZSQO57EK'], temp=u'2', epi=u'09')
2010-10-18 17:54:40+0200 [series-pepito] DEBUG: Scraped LiberBotItems(serie=u' Autopista hacia el cielo', title=u'Capitulo 9', links=[], temp=u'2', epi=u'09') in <http://autopista-hacia-el-cielo.seriespepito.com/capitulos-segunda-temporada-2/capitulo-9/>
2010-10-18 17:54:40+0200 [series-pepito] INFO: Passed LiberBotItems(serie=u' Autopista hacia el cielo', title=u'Capitulo 9', links=[], temp=u'2', epi=u'09')
2010-10-18 17:54:40+0200 [series-pepito] DEBUG: Crawled (200) <GET http://autopista-hacia-el-cielo.seriespepito.com/capitulos-segunda-temporada-2/capitulo-8/> (referer: http://autopista-hacia-el-cielo.seriespepito.com)
2010-10-18 17:54:40+0200 [series-pepito] DEBUG: Scraped LiberBotItems(serie=u' Autopista hacia el cielo', title=u'Capitulo 8', links=[u'http://www.megavideo.com/?v=W0JG26TO'], temp=u'2', epi=u'08') in <http://autopista-hacia-el-cielo.seriespepito.com/capitulos-segunda-temporada-2/capitulo-8/>
2010-10-18 17:54:40+0200 [series-pepito] INFO: Passed LiberBotItems(serie=u' Autopista hacia el cielo', title=u'Capitulo 8', links=[u'http://www.megavideo.com/?v=W0JG26TO'], temp=u'2', epi=u'08')
2010-10-18 17:54:40+0200 [series-pepito] DEBUG: Scraped LiberBotItems(serie=u' Autopista hacia el cielo', title=u'Capitulo 8', links=[], temp=u'2', epi=u'08') in <http://autopista-hacia-el-cielo.seriespepito.com/capitulos-segunda-temporada-2/capitulo-8/>
2010-10-18 17:54:40+0200 [series-pepito] INFO: Passed LiberBotItems(serie=u' Autopista hacia el cielo', title=u'Capitulo 8', links=[], temp=u'2', epi=u'08')
2010-10-18 17:54:40+0200 [series-pepito] DEBUG: Crawled (200) <GET http://autopista-hacia-el-cielo.seriespepito.com/capitulos-segunda-temporada-2/capitulo-7/> (referer: http://autopista-hacia-el-cielo.seriespepito.com)
2010-10-18 17:54:40+0200 [series-pepito] DEBUG: Scraped LiberBotItems(serie=u' Autopista hacia el cielo', title=u'Capitulo 7', links=[u'http://www.megavideo.com/?v=WYLIMKKN'], temp=u'2', epi=u'07') in <http://autopista-hacia-el-cielo.seriespepito.com/capitulos-segunda-temporada-2/capitulo-7/>
2010-10-18 17:54:40+0200 [series-pepito] INFO: Passed LiberBotItems(serie=u' Autopista hacia el cielo', title=u'Capitulo 7', links=[u'http://www.megavideo.com/?v=WYLIMKKN'], temp=u'2', epi=u'07')
2010-10-18 17:54:40+0200 [series-pepito] DEBUG: Scraped LiberBotItems(serie=u' Autopista hacia el cielo', title=u'Capitulo 7', links=[], temp=u'2', epi=u'07') in <http://autopista-hacia-el-cielo.seriespepito.com/capitulos-segunda-temporada-2/capitulo-7/>
2010-10-18 17:54:40+0200 [series-pepito] INFO: Passed LiberBotItems(serie=u' Autopista hacia el cielo', title=u'Capitulo 7', links=[], temp=u'2', epi=u'07')
2010-10-18 17:54:41+0200 [series-pepito] DEBUG: Crawled (200) <GET http://autopista-hacia-el-cielo.seriespepito.com/capitulos-segunda-temporada-2/capitulo-6/> (referer: http://autopista-hacia-el-cielo.seriespepito.com)
2010-10-18 17:54:41+0200 [series-pepito] DEBUG: Scraped LiberBotItems(serie=u' Autopista hacia el cielo', title=u'Capitulo 6', links=[u'http://www.megavideo.com/?v=CGOV28B7'], temp=u'2', epi=u'06') in <http://autopista-hacia-el-cielo.seriespepito.com/capitulos-segunda-temporada-2/capitulo-6/>
2010-10-18 17:54:41+0200 [series-pepito] INFO: Passed LiberBotItems(serie=u' Autopista hacia el cielo', title=u'Capitulo 6', links=[u'http://www.megavideo.com/?v=CGOV28B7'], temp=u'2', epi=u'06')
2010-10-18 17:54:41+0200 [series-pepito] DEBUG: Scraped LiberBotItems(serie=u' Autopista hacia el cielo', title=u'Capitulo 6', links=[], temp=u'2', epi=u'06') in <http://autopista-hacia-el-cielo.seriespepito.com/capitulos-segunda-temporada-2/capitulo-6/>
2010-10-18 17:54:41+0200 [series-pepito] INFO: Passed LiberBotItems(serie=u' Autopista hacia el cielo', title=u'Capitulo 6', links=[], temp=u'2', epi=u'06')
2010-10-18 17:54:41+0200 [series-pepito] DEBUG: Crawled (200) <GET http://autopista-hacia-el-cielo.seriespepito.com/capitulos-segunda-temporada-2/capitulo-5/> (referer: http://autopista-hacia-el-cielo.seriespepito.com)
2010-10-18 17:54:41+0200 [series-pepito] DEBUG: Scraped LiberBotItems(serie=u' Autopista hacia el cielo', title=u'Capitulo 5', links=[u'http://www.megavideo.com/?v=Y4ATM9QE', u'http://www.megavideo.com/?v=C49FFJVB'], temp=u'2', epi=u'05') in <http://autopista-hacia-el-cielo.seriespepito.com/capitulos-segunda-temporada-2/capitulo-5/>
2010-10-18 17:54:41+0200 [series-pepito] INFO: Passed LiberBotItems(serie=u' Autopista hacia el cielo', title=u'Capitulo 5', links=[u'http://www.megavideo.com/?v=Y4ATM9QE', u'http://www.megavideo.com/?v=C49FFJVB'], temp=u'2', epi=u'05')
2010-10-18 17:54:41+0200 [series-pepito] DEBUG: Scraped LiberBotItems(serie=u' Autopista hacia el cielo', title=u'Capitulo 5', links=[], temp=u'2', epi=u'05') in <http://autopista-hacia-el-cielo.seriespepito.com/capitulos-segunda-temporada-2/capitulo-5/>
2010-10-18 17:54:41+0200 [series-pepito] INFO: Passed LiberBotItems(serie=u' Autopista hacia el cielo', title=u'Capitulo 5', links=[], temp=u'2', epi=u'05')
2010-10-18 17:54:42+0200 [series-pepito] DEBUG: Crawled (200) <GET http://autopista-hacia-el-cielo.seriespepito.com/capitulos-segunda-temporada-2/capitulo-4/> (referer: http://autopista-hacia-el-cielo.seriespepito.com)
2010-10-18 17:54:42+0200 [series-pepito] DEBUG: Scraped LiberBotItems(serie=u' Autopista hacia el cielo', title=u'Capitulo 4', links=[], temp=u'2', epi=u'04') in <http://autopista-hacia-el-cielo.seriespepito.com/capitulos-segunda-temporada-2/capitulo-4/>
2010-10-18 17:54:42+0200 [series-pepito] INFO: Passed LiberBotItems(serie=u' Autopista hacia el cielo', title=u'Capitulo 4', links=[], temp=u'2', epi=u'04')
2010-10-18 17:54:42+0200 [series-pepito] DEBUG: Scraped LiberBotItems(serie=u' Autopista hacia el cielo', title=u'Capitulo 4', links=[], temp=u'2', epi=u'04') in <http://autopista-hacia-el-cielo.seriespepito.com/capitulos-segunda-temporada-2/capitulo-4/>
2010-10-18 17:54:42+0200 [series-pepito] INFO: Passed LiberBotItems(serie=u' Autopista hacia el cielo', title=u'Capitulo 4', links=[], temp=u'2', epi=u'04')
2010-10-18 17:54:42+0200 [series-pepito] DEBUG: Crawled (200) <GET http://autopista-hacia-el-cielo.seriespepito.com/capitulos-segunda-temporada-2/capitulo-3/> (referer: http://autopista-hacia-el-cielo.seriespepito.com)
2010-10-18 17:54:42+0200 [series-pepito] DEBUG: Scraped LiberBotItems(serie=u' Autopista hacia el cielo', title=u'Capitulo 3', links=[u'http://www.megavideo.com/?v=GHHO7GX9'], temp=u'2', epi=u'03') in <http://autopista-hacia-el-cielo.seriespepito.com/capitulos-segunda-temporada-2/capitulo-3/>
2010-10-18 17:54:42+0200 [series-pepito] INFO: Passed LiberBotItems(serie=u' Autopista hacia el cielo', title=u'Capitulo 3', links=[u'http://www.megavideo.com/?v=GHHO7GX9'], temp=u'2', epi=u'03')
2010-10-18 17:54:42+0200 [series-pepito] DEBUG: Scraped LiberBotItems(serie=u' Autopista hacia el cielo', title=u'Capitulo 3', links=[], temp=u'2', epi=u'03') in <http://autopista-hacia-el-cielo.seriespepito.com/capitulos-segunda-temporada-2/capitulo-3/>
2010-10-18 17:54:42+0200 [series-pepito] INFO: Passed LiberBotItems(serie=u' Autopista hacia el cielo', title=u'Capitulo 3', links=[], temp=u'2', epi=u'03')
2010-10-18 17:54:42+0200 [series-pepito] DEBUG: Crawled (200) <GET http://autopista-hacia-el-cielo.seriespepito.com/capitulos-segunda-temporada-2/capitulo-2/> (referer: http://autopista-hacia-el-cielo.seriespepito.com)
2010-10-18 17:54:42+0200 [series-pepito] DEBUG: Scraped LiberBotItems(serie=u' Autopista hacia el cielo', title=u'Capitulo 2', links=[u'http://www.megavideo.com/?v=W4U1LU9V'], temp=u'2', epi=u'02') in <http://autopista-hacia-el-cielo.seriespepito.com/capitulos-segunda-temporada-2/capitulo-2/>
2010-10-18 17:54:42+0200 [series-pepito] INFO: Passed LiberBotItems(serie=u' Autopista hacia el cielo', title=u'Capitulo 2', links=[u'http://www.megavideo.com/?v=W4U1LU9V'], temp=u'2', epi=u'02')
2010-10-18 17:54:42+0200 [series-pepito] DEBUG: Scraped LiberBotItems(serie=u' Autopista hacia el cielo', title=u'Capitulo 2', links=[], temp=u'2', epi=u'02') in <http://autopista-hacia-el-cielo.seriespepito.com/capitulos-segunda-temporada-2/capitulo-2/>
2010-10-18 17:54:42+0200 [series-pepito] INFO: Passed LiberBotItems(serie=u' Autopista hacia el cielo', title=u'Capitulo 2', links=[], temp=u'2', epi=u'02')
2010-10-18 17:54:43+0200 [series-pepito] DEBUG: Crawled (200) <GET http://autopista-hacia-el-cielo.seriespepito.com/capitulos-segunda-temporada-2/capitulo-1-cancion-para-jason-parte-1/> (referer: http://autopista-hacia-el-cielo.seriespepito.com)
2010-10-18 17:54:43+0200 [series-pepito] DEBUG: Scraped LiberBotItems(serie=u' Autopista hacia el cielo', title=u'Cancion para Jason parte 1', links=[u'http://www.megavideo.com/?v=JCCILDHI'], temp=u'2', epi=u'01') in <http://autopista-hacia-el-cielo.seriespepito.com/capitulos-segunda-temporada-2/capitulo-1-cancion-para-jason-parte-1/>
2010-10-18 17:54:43+0200 [series-pepito] INFO: Passed LiberBotItems(serie=u' Autopista hacia el cielo', title=u'Cancion para Jason parte 1', links=[u'http://www.megavideo.com/?v=JCCILDHI'], temp=u'2', epi=u'01')
2010-10-18 17:54:43+0200 [series-pepito] DEBUG: Scraped LiberBotItems(serie=u' Autopista hacia el cielo', title=u'Cancion para Jason parte 1', links=[u'http://www.megaupload.com/?d=YCN9G6TF'], temp=u'2', epi=u'01') in <http://autopista-hacia-el-cielo.seriespepito.com/capitulos-segunda-temporada-2/capitulo-1-cancion-para-jason-parte-1/>
2010-10-18 17:54:43+0200 [series-pepito] INFO: Passed LiberBotItems(serie=u' Autopista hacia el cielo', title=u'Cancion para Jason parte 1', links=[u'http://www.megaupload.com/?d=YCN9G6TF'], temp=u'2', epi=u'01')
2010-10-18 17:54:43+0200 [series-pepito] DEBUG: Crawled (200) <GET http://autopista-hacia-el-cielo.seriespepito.com/capitulos-primera-temporada-1/capitulo-23-lo-mas-correcto/> (referer: http://autopista-hacia-el-cielo.seriespepito.com)
2010-10-18 17:54:43+0200 [series-pepito] DEBUG: Scraped LiberBotItems(serie=u' Autopista hacia el cielo', title=u'Lo mas correcto', links=[u'http://www.megavideo.com/?v=3DG2Q31B'], temp=u'1', epi=u'23') in <http://autopista-hacia-el-cielo.seriespepito.com/capitulos-primera-temporada-1/capitulo-23-lo-mas-correcto/>
2010-10-18 17:54:43+0200 [series-pepito] INFO: Passed LiberBotItems(serie=u' Autopista hacia el cielo', title=u'Lo mas correcto', links=[u'http://www.megavideo.com/?v=3DG2Q31B'], temp=u'1', epi=u'23')
2010-10-18 17:54:43+0200 [series-pepito] DEBUG: Scraped LiberBotItems(serie=u' Autopista hacia el cielo', title=u'Lo mas correcto', links=[u'http://www.megaupload.com/?d=V3NDNKI4'], temp=u'1', epi=u'23') in <http://autopista-hacia-el-cielo.seriespepito.com/capitulos-primera-temporada-1/capitulo-23-lo-mas-correcto/>
2010-10-18 17:54:43+0200 [series-pepito] INFO: Passed LiberBotItems(serie=u' Autopista hacia el cielo', title=u'Lo mas correcto', links=[u'http://www.megaupload.com/?d=V3NDNKI4'], temp=u'1', epi=u'23')
2010-10-18 17:54:44+0200 [series-pepito] DEBUG: Crawled (200) <GET http://autopista-hacia-el-cielo.seriespepito.com/capitulos-primera-temporada-1/capitulo-22-una-inversion-de-amor/> (referer: http://autopista-hacia-el-cielo.seriespepito.com)
2010-10-18 17:54:44+0200 [series-pepito] DEBUG: Scraped LiberBotItems(serie=u' Autopista hacia el cielo', title=u'Una inversion de amor', links=[u'http://www.megavideo.com/?v=36XIPHWM'], temp=u'1', epi=u'22') in <http://autopista-hacia-el-cielo.seriespepito.com/capitulos-primera-temporada-1/capitulo-22-una-inversion-de-amor/>
2010-10-18 17:54:44+0200 [series-pepito] INFO: Passed LiberBotItems(serie=u' Autopista hacia el cielo', title=u'Una inversion de amor', links=[u'http://www.megavideo.com/?v=36XIPHWM'], temp=u'1', epi=u'22')
2010-10-18 17:54:44+0200 [series-pepito] DEBUG: Scraped LiberBotItems(serie=u' Autopista hacia el cielo', title=u'Una inversion de amor', links=[u'http://www.megaupload.com/?d=G4NBRSV2'], temp=u'1', epi=u'22') in <http://autopista-hacia-el-cielo.seriespepito.com/capitulos-primera-temporada-1/capitulo-22-una-inversion-de-amor/>
2010-10-18 17:54:44+0200 [series-pepito] INFO: Passed LiberBotItems(serie=u' Autopista hacia el cielo', title=u'Una inversion de amor', links=[u'http://www.megaupload.com/?d=G4NBRSV2'], temp=u'1', epi=u'22')
2010-10-18 17:54:44+0200 [series-pepito] DEBUG: Crawled (200) <GET http://autopista-hacia-el-cielo.seriespepito.com/capitulos-primera-temporada-1/capitulo-21-la-estrella-mas-brillante/> (referer: http://autopista-hacia-el-cielo.seriespepito.com)
2010-10-18 17:54:44+0200 [series-pepito] DEBUG: Scraped LiberBotItems(serie=u' Autopista hacia el cielo', title=u'La estrella mas brillante', links=[u'http://www.megavideo.com/?v=CW9BGE5T'], temp=u'1', epi=u'21') in <http://autopista-hacia-el-cielo.seriespepito.com/capitulos-primera-temporada-1/capitulo-21-la-estrella-mas-brillante/>
2010-10-18 17:54:44+0200 [series-pepito] INFO: Passed LiberBotItems(serie=u' Autopista hacia el cielo', title=u'La estrella mas brillante', links=[u'http://www.megavideo.com/?v=CW9BGE5T'], temp=u'1', epi=u'21')
2010-10-18 17:54:44+0200 [series-pepito] DEBUG: Scraped LiberBotItems(serie=u' Autopista hacia el cielo', title=u'La estrella mas brillante', links=[u'http://www.megaupload.com/?d=QXNP3LK4'], temp=u'1', epi=u'21') in <http://autopista-hacia-el-cielo.seriespepito.com/capitulos-primera-temporada-1/capitulo-21-la-estrella-mas-brillante/>
2010-10-18 17:54:44+0200 [series-pepito] INFO: Passed LiberBotItems(serie=u' Autopista hacia el cielo', title=u'La estrella mas brillante', links=[u'http://www.megaupload.com/?d=QXNP3LK4'], temp=u'1', epi=u'21')
2010-10-18 17:54:45+0200 [series-pepito] DEBUG: Crawled (200) <GET http://autopista-hacia-el-cielo.seriespepito.com/capitulos-primera-temporada-1/capitulo-20-el-banquero-y-el-mendigo/> (referer: http://autopista-hacia-el-cielo.seriespepito.com)
2010-10-18 17:54:45+0200 [scrapy] INFO: Received SIGINT, shutting down gracefully. Send again to force unclean shutdown
2010-10-18 17:54:45+0200 [series-pepito] DEBUG: Scraped LiberBotItems(serie=u' Autopista hacia el cielo', title=u'El banquero y el mendigo', links=[u'http://www.megavideo.com/?v=42UKPELJ'], temp=u'1', epi=u'20') in <http://autopista-hacia-el-cielo.seriespepito.com/capitulos-primera-temporada-1/capitulo-20-el-banquero-y-el-mendigo/>
2010-10-18 17:54:45+0200 [series-pepito] INFO: Passed LiberBotItems(serie=u' Autopista hacia el cielo', title=u'El banquero y el mendigo', links=[u'http://www.megavideo.com/?v=42UKPELJ'], temp=u'1', epi=u'20')
2010-10-18 17:54:45+0200 [series-pepito] INFO: Closing spider (shutdown)
2010-10-18 17:54:45+0200 [series-pepito] DEBUG: Scraped LiberBotItems(serie=u' Autopista hacia el cielo', title=u'El banquero y el mendigo', links=[u'http://www.megaupload.com/?d=BGRGS95E'], temp=u'1', epi=u'20') in <http://autopista-hacia-el-cielo.seriespepito.com/capitulos-primera-temporada-1/capitulo-20-el-banquero-y-el-mendigo/>
2010-10-18 17:54:45+0200 [series-pepito] INFO: Passed LiberBotItems(serie=u' Autopista hacia el cielo', title=u'El banquero y el mendigo', links=[u'http://www.megaupload.com/?d=BGRGS95E'], temp=u'1', epi=u'20')
2010-10-18 17:54:45+0200 [series-pepito] INFO: Stored json feed (60 items, 7667 bytes) in: sites/series-pepito/dump/A.json
2010-10-18 17:54:45+0200 [series-pepito] INFO: Spider closed (shutdown)
