2010-10-16 14:17:08+0200 [scrapy] INFO: Scrapy 0.10.2 started (bot: liberbot)
2010-10-16 14:17:08+0200 [scrapy] DEBUG: Enabled extensions: FeedExporter, TelnetConsole, SpiderContext, WebService, CoreStats, MemoryUsage, CloseSpider
2010-10-16 14:17:08+0200 [scrapy] DEBUG: Enabled scheduler middlewares: DuplicatesFilterMiddleware
2010-10-16 14:17:08+0200 [scrapy] DEBUG: Enabled downloader middlewares: HttpAuthMiddleware, DownloadTimeoutMiddleware, UserAgentMiddleware, RetryMiddleware, DefaultHeadersMiddleware, RedirectMiddleware, CookiesMiddleware, HttpCompressionMiddleware, DownloaderStats, HttpCacheMiddleware
2010-10-16 14:17:08+0200 [scrapy] DEBUG: Enabled spider middlewares: HttpErrorMiddleware, OffsiteMiddleware, RefererMiddleware, UrlLengthMiddleware, DepthMiddleware
2010-10-16 14:17:08+0200 [scrapy] DEBUG: Enabled item pipelines: 
2010-10-16 14:17:08+0200 [scrapy] DEBUG: Telnet console listening on port 6024
2010-10-16 14:17:08+0200 [scrapy] DEBUG: Web service listening on port 6081
2010-10-16 14:17:08+0200 [series-danko] INFO: Spider opened
2010-10-16 14:17:09+0200 [series-danko] DEBUG: Crawled (200) <GET http://www.seriesdanko.com/2010/06/lista-de-capitulos-de-justified.html> (referer: None)
2010-10-16 14:17:09+0200 [series-danko] DEBUG: Crawled (200) <GET http://www.seriesdanko.com/2010/08/lista-de-capitulos-jekyll.html> (referer: None)
2010-10-16 14:17:10+0200 [series-danko] DEBUG: Crawled (200) <GET http://www.seriesdanko.com/2010/06/justified-1x01-capitulo-01.html> (referer: http://www.seriesdanko.com/2010/06/lista-de-capitulos-de-justified.html)
2010-10-16 14:17:10+0200 [series-danko] DEBUG: Scraped LiberBotItems(lang='Spanish', links='http://www.megavideo.com/?v=JIHS0573', temp='1', serie='J', epi='01', type='VerOnline') in <http://www.seriesdanko.com/2010/06/justified-1x01-capitulo-01.html>
2010-10-16 14:17:10+0200 [series-danko] INFO: Passed LiberBotItems(lang='Spanish', links='http://www.megavideo.com/?v=JIHS0573', temp='1', serie='J', epi='01', type='VerOnline')
2010-10-16 14:17:10+0200 [series-danko] DEBUG: Scraped LiberBotItems(lang='Spanish', links='http://www.megavideo.com/?v=JIHS0573', temp='1', serie='J', epi='01', type='VerOnline') in <http://www.seriesdanko.com/2010/06/justified-1x01-capitulo-01.html>
2010-10-16 14:17:10+0200 [series-danko] INFO: Passed LiberBotItems(lang='Spanish', links='http://www.megavideo.com/?v=JIHS0573', temp='1', serie='J', epi='01', type='VerOnline')
2010-10-16 14:17:10+0200 [series-danko] DEBUG: Scraped LiberBotItems(lang='Spanish', links='http://www.megaupload.com/?d=DHPG66JC', temp='1', serie='J', epi='01', type='Descargar') in <http://www.seriesdanko.com/2010/06/justified-1x01-capitulo-01.html>
2010-10-16 14:17:10+0200 [series-danko] INFO: Passed LiberBotItems(lang='Spanish', links='http://www.megaupload.com/?d=DHPG66JC', temp='1', serie='J', epi='01', type='Descargar')
2010-10-16 14:17:10+0200 [series-danko] DEBUG: Scraped LiberBotItems(lang='Spanish', links='http://www.megaupload.com/?d=DHPG66JC', temp='1', serie='J', epi='01', type='Descargar') in <http://www.seriesdanko.com/2010/06/justified-1x01-capitulo-01.html>
2010-10-16 14:17:10+0200 [series-danko] INFO: Passed LiberBotItems(lang='Spanish', links='http://www.megaupload.com/?d=DHPG66JC', temp='1', serie='J', epi='01', type='Descargar')
2010-10-16 14:17:11+0200 [series-danko] DEBUG: Crawled (200) <GET http://www.seriesdanko.com/2010/06/justified-1x13-capitulo-13.html> (referer: http://www.seriesdanko.com/2010/06/lista-de-capitulos-de-justified.html)
2010-10-16 14:17:11+0200 [series-danko] DEBUG: Scraped LiberBotItems(lang='Spanish', links='http://www.megavideo.com/?v=G4U927AJ', temp='1', serie='J', epi='13', type='VerOnline') in <http://www.seriesdanko.com/2010/06/justified-1x13-capitulo-13.html>
2010-10-16 14:17:11+0200 [series-danko] INFO: Passed LiberBotItems(lang='Spanish', links='http://www.megavideo.com/?v=G4U927AJ', temp='1', serie='J', epi='13', type='VerOnline')
2010-10-16 14:17:11+0200 [series-danko] DEBUG: Scraped LiberBotItems(lang='Spanish', links='http://www.megavideo.com/?v=G4U927AJ', temp='1', serie='J', epi='13', type='VerOnline') in <http://www.seriesdanko.com/2010/06/justified-1x13-capitulo-13.html>
2010-10-16 14:17:11+0200 [series-danko] INFO: Passed LiberBotItems(lang='Spanish', links='http://www.megavideo.com/?v=G4U927AJ', temp='1', serie='J', epi='13', type='VerOnline')
2010-10-16 14:17:11+0200 [series-danko] DEBUG: Scraped LiberBotItems(lang='Spanish', links='http://www.megaupload.com/?d=89CIJ6AT', temp='1', serie='J', epi='13', type='Descargar') in <http://www.seriesdanko.com/2010/06/justified-1x13-capitulo-13.html>
2010-10-16 14:17:11+0200 [series-danko] INFO: Passed LiberBotItems(lang='Spanish', links='http://www.megaupload.com/?d=89CIJ6AT', temp='1', serie='J', epi='13', type='Descargar')
2010-10-16 14:17:11+0200 [series-danko] DEBUG: Scraped LiberBotItems(lang='Spanish', links='http://www.megaupload.com/?d=89CIJ6AT', temp='1', serie='J', epi='13', type='Descargar') in <http://www.seriesdanko.com/2010/06/justified-1x13-capitulo-13.html>
2010-10-16 14:17:11+0200 [series-danko] INFO: Passed LiberBotItems(lang='Spanish', links='http://www.megaupload.com/?d=89CIJ6AT', temp='1', serie='J', epi='13', type='Descargar')
2010-10-16 14:17:12+0200 [series-danko] DEBUG: Crawled (200) <GET http://www.seriesdanko.com/2010/08/justified-1x12-capitulo-12.html> (referer: http://www.seriesdanko.com/2010/06/lista-de-capitulos-de-justified.html)
2010-10-16 14:17:12+0200 [series-danko] DEBUG: Scraped LiberBotItems(lang='Spanish', links='http://www.megavideo.com/?v=UXY21PVI', temp='1', serie='J', epi='12', type='VerOnline') in <http://www.seriesdanko.com/2010/08/justified-1x12-capitulo-12.html>
2010-10-16 14:17:12+0200 [series-danko] INFO: Passed LiberBotItems(lang='Spanish', links='http://www.megavideo.com/?v=UXY21PVI', temp='1', serie='J', epi='12', type='VerOnline')
2010-10-16 14:17:12+0200 [series-danko] DEBUG: Scraped LiberBotItems(lang='Spanish', links='http://www.megavideo.com/?v=UXY21PVI', temp='1', serie='J', epi='12', type='VerOnline') in <http://www.seriesdanko.com/2010/08/justified-1x12-capitulo-12.html>
2010-10-16 14:17:12+0200 [series-danko] INFO: Passed LiberBotItems(lang='Spanish', links='http://www.megavideo.com/?v=UXY21PVI', temp='1', serie='J', epi='12', type='VerOnline')
2010-10-16 14:17:12+0200 [series-danko] DEBUG: Scraped LiberBotItems(lang='Spanish', links='http://www.megaupload.com/?d=F6T4G7ZZ', temp='1', serie='J', epi='12', type='Descargar') in <http://www.seriesdanko.com/2010/08/justified-1x12-capitulo-12.html>
2010-10-16 14:17:12+0200 [series-danko] INFO: Passed LiberBotItems(lang='Spanish', links='http://www.megaupload.com/?d=F6T4G7ZZ', temp='1', serie='J', epi='12', type='Descargar')
2010-10-16 14:17:12+0200 [series-danko] DEBUG: Scraped LiberBotItems(lang='Spanish', links='http://www.megaupload.com/?d=F6T4G7ZZ', temp='1', serie='J', epi='12', type='Descargar') in <http://www.seriesdanko.com/2010/08/justified-1x12-capitulo-12.html>
2010-10-16 14:17:12+0200 [series-danko] INFO: Passed LiberBotItems(lang='Spanish', links='http://www.megaupload.com/?d=F6T4G7ZZ', temp='1', serie='J', epi='12', type='Descargar')
2010-10-16 14:17:13+0200 [series-danko] DEBUG: Crawled (200) <GET http://www.seriesdanko.com/2010/08/jekyll-1x06-capitulo-06.html> (referer: http://www.seriesdanko.com/2010/08/lista-de-capitulos-jekyll.html)
2010-10-16 14:17:13+0200 [series-danko] DEBUG: Scraped LiberBotItems(lang='Spanish', links='http://www.megavideo.com/?v=45U90LCV', temp='1', serie='J', epi='06', type='VerOnline') in <http://www.seriesdanko.com/2010/08/jekyll-1x06-capitulo-06.html>
2010-10-16 14:17:13+0200 [series-danko] INFO: Passed LiberBotItems(lang='Spanish', links='http://www.megavideo.com/?v=45U90LCV', temp='1', serie='J', epi='06', type='VerOnline')
2010-10-16 14:17:13+0200 [series-danko] DEBUG: Scraped LiberBotItems(lang='Spanish', links='http://www.megavideo.com/?v=45U90LCV', temp='1', serie='J', epi='06', type='VerOnline') in <http://www.seriesdanko.com/2010/08/jekyll-1x06-capitulo-06.html>
2010-10-16 14:17:13+0200 [series-danko] INFO: Passed LiberBotItems(lang='Spanish', links='http://www.megavideo.com/?v=45U90LCV', temp='1', serie='J', epi='06', type='VerOnline')
2010-10-16 14:17:13+0200 [series-danko] DEBUG: Scraped LiberBotItems(lang='Spanish', links='http://www.megaupload.com/?d=0JYEGMGT', temp='1', serie='J', epi='06', type='Descargar') in <http://www.seriesdanko.com/2010/08/jekyll-1x06-capitulo-06.html>
2010-10-16 14:17:13+0200 [series-danko] INFO: Passed LiberBotItems(lang='Spanish', links='http://www.megaupload.com/?d=0JYEGMGT', temp='1', serie='J', epi='06', type='Descargar')
2010-10-16 14:17:13+0200 [series-danko] DEBUG: Scraped LiberBotItems(lang='Spanish', links='http://www.megaupload.com/?d=0JYEGMGT', temp='1', serie='J', epi='06', type='Descargar') in <http://www.seriesdanko.com/2010/08/jekyll-1x06-capitulo-06.html>
2010-10-16 14:17:13+0200 [series-danko] INFO: Passed LiberBotItems(lang='Spanish', links='http://www.megaupload.com/?d=0JYEGMGT', temp='1', serie='J', epi='06', type='Descargar')
2010-10-16 14:17:14+0200 [series-danko] DEBUG: Crawled (200) <GET http://www.seriesdanko.com/2010/08/jekyll-1x05-capitulo-05.html> (referer: http://www.seriesdanko.com/2010/08/lista-de-capitulos-jekyll.html)
2010-10-16 14:17:14+0200 [series-danko] DEBUG: Scraped LiberBotItems(lang='Spanish', links='http://www.megavideo.com/?v=CM9UMNML', temp='1', serie='J', epi='05', type='VerOnline') in <http://www.seriesdanko.com/2010/08/jekyll-1x05-capitulo-05.html>
2010-10-16 14:17:14+0200 [series-danko] INFO: Passed LiberBotItems(lang='Spanish', links='http://www.megavideo.com/?v=CM9UMNML', temp='1', serie='J', epi='05', type='VerOnline')
2010-10-16 14:17:14+0200 [series-danko] DEBUG: Scraped LiberBotItems(lang='Spanish', links='http://www.megavideo.com/?v=CM9UMNML', temp='1', serie='J', epi='05', type='VerOnline') in <http://www.seriesdanko.com/2010/08/jekyll-1x05-capitulo-05.html>
2010-10-16 14:17:14+0200 [series-danko] INFO: Passed LiberBotItems(lang='Spanish', links='http://www.megavideo.com/?v=CM9UMNML', temp='1', serie='J', epi='05', type='VerOnline')
2010-10-16 14:17:14+0200 [series-danko] DEBUG: Scraped LiberBotItems(lang='Spanish', links='http://www.megaupload.com/?d=7SSLJBHV', temp='1', serie='J', epi='05', type='Descargar') in <http://www.seriesdanko.com/2010/08/jekyll-1x05-capitulo-05.html>
2010-10-16 14:17:14+0200 [series-danko] INFO: Passed LiberBotItems(lang='Spanish', links='http://www.megaupload.com/?d=7SSLJBHV', temp='1', serie='J', epi='05', type='Descargar')
2010-10-16 14:17:14+0200 [series-danko] DEBUG: Scraped LiberBotItems(lang='Spanish', links='http://www.megaupload.com/?d=7SSLJBHV', temp='1', serie='J', epi='05', type='Descargar') in <http://www.seriesdanko.com/2010/08/jekyll-1x05-capitulo-05.html>
2010-10-16 14:17:14+0200 [series-danko] INFO: Passed LiberBotItems(lang='Spanish', links='http://www.megaupload.com/?d=7SSLJBHV', temp='1', serie='J', epi='05', type='Descargar')
2010-10-16 14:17:15+0200 [series-danko] DEBUG: Crawled (200) <GET http://www.seriesdanko.com/2010/08/jekyll-1x04-capitulo-04.html> (referer: http://www.seriesdanko.com/2010/08/lista-de-capitulos-jekyll.html)
2010-10-16 14:17:15+0200 [series-danko] DEBUG: Scraped LiberBotItems(lang='Spanish', links='http://www.megavideo.com/?v=TE0KBU4H', temp='1', serie='J', epi='04', type='VerOnline') in <http://www.seriesdanko.com/2010/08/jekyll-1x04-capitulo-04.html>
2010-10-16 14:17:15+0200 [series-danko] INFO: Passed LiberBotItems(lang='Spanish', links='http://www.megavideo.com/?v=TE0KBU4H', temp='1', serie='J', epi='04', type='VerOnline')
2010-10-16 14:17:15+0200 [series-danko] DEBUG: Scraped LiberBotItems(lang='Spanish', links='http://www.megavideo.com/?v=TE0KBU4H', temp='1', serie='J', epi='04', type='VerOnline') in <http://www.seriesdanko.com/2010/08/jekyll-1x04-capitulo-04.html>
2010-10-16 14:17:15+0200 [series-danko] INFO: Passed LiberBotItems(lang='Spanish', links='http://www.megavideo.com/?v=TE0KBU4H', temp='1', serie='J', epi='04', type='VerOnline')
2010-10-16 14:17:15+0200 [series-danko] DEBUG: Scraped LiberBotItems(lang='Spanish', links='http://www.megaupload.com/?d=4O02C2C8', temp='1', serie='J', epi='04', type='Descargar') in <http://www.seriesdanko.com/2010/08/jekyll-1x04-capitulo-04.html>
2010-10-16 14:17:15+0200 [series-danko] INFO: Passed LiberBotItems(lang='Spanish', links='http://www.megaupload.com/?d=4O02C2C8', temp='1', serie='J', epi='04', type='Descargar')
2010-10-16 14:17:15+0200 [series-danko] DEBUG: Scraped LiberBotItems(lang='Spanish', links='http://www.megaupload.com/?d=4O02C2C8', temp='1', serie='J', epi='04', type='Descargar') in <http://www.seriesdanko.com/2010/08/jekyll-1x04-capitulo-04.html>
2010-10-16 14:17:15+0200 [series-danko] INFO: Passed LiberBotItems(lang='Spanish', links='http://www.megaupload.com/?d=4O02C2C8', temp='1', serie='J', epi='04', type='Descargar')
2010-10-16 14:17:16+0200 [series-danko] DEBUG: Crawled (200) <GET http://www.seriesdanko.com/2010/08/jekyll-1x03-capitulo-03.html> (referer: http://www.seriesdanko.com/2010/08/lista-de-capitulos-jekyll.html)
2010-10-16 14:17:16+0200 [series-danko] DEBUG: Scraped LiberBotItems(lang='Spanish', links='http://www.megavideo.com/?v=YZW1AE05', temp='1', serie='J', epi='03', type='VerOnline') in <http://www.seriesdanko.com/2010/08/jekyll-1x03-capitulo-03.html>
2010-10-16 14:17:16+0200 [series-danko] INFO: Passed LiberBotItems(lang='Spanish', links='http://www.megavideo.com/?v=YZW1AE05', temp='1', serie='J', epi='03', type='VerOnline')
2010-10-16 14:17:16+0200 [series-danko] DEBUG: Scraped LiberBotItems(lang='Spanish', links='http://www.megavideo.com/?v=YZW1AE05', temp='1', serie='J', epi='03', type='VerOnline') in <http://www.seriesdanko.com/2010/08/jekyll-1x03-capitulo-03.html>
2010-10-16 14:17:16+0200 [series-danko] INFO: Passed LiberBotItems(lang='Spanish', links='http://www.megavideo.com/?v=YZW1AE05', temp='1', serie='J', epi='03', type='VerOnline')
2010-10-16 14:17:16+0200 [series-danko] DEBUG: Scraped LiberBotItems(lang='Spanish', links='http://www.megaupload.com/?d=TSV6DRKQ', temp='1', serie='J', epi='03', type='Descargar') in <http://www.seriesdanko.com/2010/08/jekyll-1x03-capitulo-03.html>
2010-10-16 14:17:16+0200 [series-danko] INFO: Passed LiberBotItems(lang='Spanish', links='http://www.megaupload.com/?d=TSV6DRKQ', temp='1', serie='J', epi='03', type='Descargar')
2010-10-16 14:17:16+0200 [series-danko] DEBUG: Scraped LiberBotItems(lang='Spanish', links='http://www.megaupload.com/?d=TSV6DRKQ', temp='1', serie='J', epi='03', type='Descargar') in <http://www.seriesdanko.com/2010/08/jekyll-1x03-capitulo-03.html>
2010-10-16 14:17:16+0200 [series-danko] INFO: Passed LiberBotItems(lang='Spanish', links='http://www.megaupload.com/?d=TSV6DRKQ', temp='1', serie='J', epi='03', type='Descargar')
2010-10-16 14:17:17+0200 [series-danko] DEBUG: Crawled (200) <GET http://www.seriesdanko.com/2010/08/jekyll-1x02-capitulo-02.html> (referer: http://www.seriesdanko.com/2010/08/lista-de-capitulos-jekyll.html)
2010-10-16 14:17:17+0200 [series-danko] DEBUG: Scraped LiberBotItems(lang='Spanish', links='http://www.megavideo.com/?v=YOP8H1YV', temp='1', serie='J', epi='02', type='VerOnline') in <http://www.seriesdanko.com/2010/08/jekyll-1x02-capitulo-02.html>
2010-10-16 14:17:17+0200 [series-danko] INFO: Passed LiberBotItems(lang='Spanish', links='http://www.megavideo.com/?v=YOP8H1YV', temp='1', serie='J', epi='02', type='VerOnline')
2010-10-16 14:17:17+0200 [series-danko] DEBUG: Scraped LiberBotItems(lang='Spanish', links='http://www.megavideo.com/?v=YOP8H1YV', temp='1', serie='J', epi='02', type='VerOnline') in <http://www.seriesdanko.com/2010/08/jekyll-1x02-capitulo-02.html>
2010-10-16 14:17:17+0200 [series-danko] INFO: Passed LiberBotItems(lang='Spanish', links='http://www.megavideo.com/?v=YOP8H1YV', temp='1', serie='J', epi='02', type='VerOnline')
2010-10-16 14:17:17+0200 [series-danko] DEBUG: Scraped LiberBotItems(lang='Spanish', links='http://www.megaupload.com/?d=KTHURPCF', temp='1', serie='J', epi='02', type='Descargar') in <http://www.seriesdanko.com/2010/08/jekyll-1x02-capitulo-02.html>
2010-10-16 14:17:17+0200 [series-danko] INFO: Passed LiberBotItems(lang='Spanish', links='http://www.megaupload.com/?d=KTHURPCF', temp='1', serie='J', epi='02', type='Descargar')
2010-10-16 14:17:17+0200 [series-danko] DEBUG: Scraped LiberBotItems(lang='Spanish', links='http://www.megaupload.com/?d=KTHURPCF', temp='1', serie='J', epi='02', type='Descargar') in <http://www.seriesdanko.com/2010/08/jekyll-1x02-capitulo-02.html>
2010-10-16 14:17:17+0200 [series-danko] INFO: Passed LiberBotItems(lang='Spanish', links='http://www.megaupload.com/?d=KTHURPCF', temp='1', serie='J', epi='02', type='Descargar')
2010-10-16 14:17:18+0200 [series-danko] DEBUG: Crawled (200) <GET http://www.seriesdanko.com/2010/08/jekyll-1x01-capitulo-01.html> (referer: http://www.seriesdanko.com/2010/08/lista-de-capitulos-jekyll.html)
2010-10-16 14:17:18+0200 [series-danko] DEBUG: Scraped LiberBotItems(lang='Spanish', links='http://www.megavideo.com/?d=M96EZC2B', temp='1', serie='J', epi='01', type='VerOnline') in <http://www.seriesdanko.com/2010/08/jekyll-1x01-capitulo-01.html>
2010-10-16 14:17:18+0200 [series-danko] INFO: Passed LiberBotItems(lang='Spanish', links='http://www.megavideo.com/?d=M96EZC2B', temp='1', serie='J', epi='01', type='VerOnline')
2010-10-16 14:17:18+0200 [series-danko] DEBUG: Scraped LiberBotItems(lang='Spanish', links='http://www.megaupload.com/?d=M96EZC2B', temp='1', serie='J', epi='01', type='Descargar') in <http://www.seriesdanko.com/2010/08/jekyll-1x01-capitulo-01.html>
2010-10-16 14:17:18+0200 [series-danko] INFO: Passed LiberBotItems(lang='Spanish', links='http://www.megaupload.com/?d=M96EZC2B', temp='1', serie='J', epi='01', type='Descargar')
2010-10-16 14:17:19+0200 [series-danko] DEBUG: Crawled (200) <GET http://www.seriesdanko.com/2010/06/justified-1x11-capitulo-11.html> (referer: http://www.seriesdanko.com/2010/06/lista-de-capitulos-de-justified.html)
2010-10-16 14:17:19+0200 [series-danko] DEBUG: Scraped LiberBotItems(lang='Spanish', links='http://www.megavideo.com/?v=B2CHB0MH', temp='1', serie='J', epi='11', type='VerOnline') in <http://www.seriesdanko.com/2010/06/justified-1x11-capitulo-11.html>
2010-10-16 14:17:19+0200 [series-danko] INFO: Passed LiberBotItems(lang='Spanish', links='http://www.megavideo.com/?v=B2CHB0MH', temp='1', serie='J', epi='11', type='VerOnline')
2010-10-16 14:17:19+0200 [series-danko] DEBUG: Scraped LiberBotItems(lang='Spanish', links='http://www.megavideo.com/?v=B2CHB0MH', temp='1', serie='J', epi='11', type='VerOnline') in <http://www.seriesdanko.com/2010/06/justified-1x11-capitulo-11.html>
2010-10-16 14:17:19+0200 [series-danko] INFO: Passed LiberBotItems(lang='Spanish', links='http://www.megavideo.com/?v=B2CHB0MH', temp='1', serie='J', epi='11', type='VerOnline')
2010-10-16 14:17:19+0200 [series-danko] DEBUG: Scraped LiberBotItems(lang='Spanish', links='http://www.megaupload.com/?d=GH2Q8OK8', temp='1', serie='J', epi='11', type='Descargar') in <http://www.seriesdanko.com/2010/06/justified-1x11-capitulo-11.html>
2010-10-16 14:17:19+0200 [series-danko] INFO: Passed LiberBotItems(lang='Spanish', links='http://www.megaupload.com/?d=GH2Q8OK8', temp='1', serie='J', epi='11', type='Descargar')
2010-10-16 14:17:19+0200 [series-danko] DEBUG: Scraped LiberBotItems(lang='Spanish', links='http://www.megaupload.com/?d=GH2Q8OK8', temp='1', serie='J', epi='11', type='Descargar') in <http://www.seriesdanko.com/2010/06/justified-1x11-capitulo-11.html>
2010-10-16 14:17:19+0200 [series-danko] INFO: Passed LiberBotItems(lang='Spanish', links='http://www.megaupload.com/?d=GH2Q8OK8', temp='1', serie='J', epi='11', type='Descargar')
2010-10-16 14:17:20+0200 [series-danko] DEBUG: Crawled (200) <GET http://www.seriesdanko.com/2010/06/justified-1x10-capitulo-10.html> (referer: http://www.seriesdanko.com/2010/06/lista-de-capitulos-de-justified.html)
2010-10-16 14:17:20+0200 [series-danko] DEBUG: Scraped LiberBotItems(lang='Spanish', links='http://www.megavideo.com/?v=Q6MLBXFQ', temp='1', serie='J', epi='10', type='VerOnline') in <http://www.seriesdanko.com/2010/06/justified-1x10-capitulo-10.html>
2010-10-16 14:17:20+0200 [series-danko] INFO: Passed LiberBotItems(lang='Spanish', links='http://www.megavideo.com/?v=Q6MLBXFQ', temp='1', serie='J', epi='10', type='VerOnline')
2010-10-16 14:17:20+0200 [series-danko] DEBUG: Scraped LiberBotItems(lang='Spanish', links='http://www.megavideo.com/?v=Q6MLBXFQ', temp='1', serie='J', epi='10', type='VerOnline') in <http://www.seriesdanko.com/2010/06/justified-1x10-capitulo-10.html>
2010-10-16 14:17:20+0200 [series-danko] INFO: Passed LiberBotItems(lang='Spanish', links='http://www.megavideo.com/?v=Q6MLBXFQ', temp='1', serie='J', epi='10', type='VerOnline')
2010-10-16 14:17:20+0200 [series-danko] DEBUG: Scraped LiberBotItems(lang='Spanish', links='http://www.megaupload.com/?d=GF0E81O7', temp='1', serie='J', epi='10', type='Descargar') in <http://www.seriesdanko.com/2010/06/justified-1x10-capitulo-10.html>
2010-10-16 14:17:20+0200 [series-danko] INFO: Passed LiberBotItems(lang='Spanish', links='http://www.megaupload.com/?d=GF0E81O7', temp='1', serie='J', epi='10', type='Descargar')
2010-10-16 14:17:20+0200 [series-danko] DEBUG: Scraped LiberBotItems(lang='Spanish', links='http://www.megaupload.com/?d=GF0E81O7', temp='1', serie='J', epi='10', type='Descargar') in <http://www.seriesdanko.com/2010/06/justified-1x10-capitulo-10.html>
2010-10-16 14:17:20+0200 [series-danko] INFO: Passed LiberBotItems(lang='Spanish', links='http://www.megaupload.com/?d=GF0E81O7', temp='1', serie='J', epi='10', type='Descargar')
2010-10-16 14:17:21+0200 [series-danko] DEBUG: Crawled (200) <GET http://www.seriesdanko.com/2010/06/justified-1x09-capitulo-09.html> (referer: http://www.seriesdanko.com/2010/06/lista-de-capitulos-de-justified.html)
2010-10-16 14:17:21+0200 [series-danko] DEBUG: Scraped LiberBotItems(lang='Spanish', links='http://www.megavideo.com/?v=VYD5DGJD', temp='1', serie='J', epi='09', type='VerOnline') in <http://www.seriesdanko.com/2010/06/justified-1x09-capitulo-09.html>
2010-10-16 14:17:21+0200 [series-danko] INFO: Passed LiberBotItems(lang='Spanish', links='http://www.megavideo.com/?v=VYD5DGJD', temp='1', serie='J', epi='09', type='VerOnline')
2010-10-16 14:17:21+0200 [series-danko] DEBUG: Scraped LiberBotItems(lang='Spanish', links='http://www.megavideo.com/?v=VYD5DGJD', temp='1', serie='J', epi='09', type='VerOnline') in <http://www.seriesdanko.com/2010/06/justified-1x09-capitulo-09.html>
2010-10-16 14:17:21+0200 [series-danko] INFO: Passed LiberBotItems(lang='Spanish', links='http://www.megavideo.com/?v=VYD5DGJD', temp='1', serie='J', epi='09', type='VerOnline')
2010-10-16 14:17:21+0200 [series-danko] DEBUG: Scraped LiberBotItems(lang='Spanish', links='http://www.megaupload.com/?d=2NSNMA5I', temp='1', serie='J', epi='09', type='Descargar') in <http://www.seriesdanko.com/2010/06/justified-1x09-capitulo-09.html>
2010-10-16 14:17:21+0200 [series-danko] INFO: Passed LiberBotItems(lang='Spanish', links='http://www.megaupload.com/?d=2NSNMA5I', temp='1', serie='J', epi='09', type='Descargar')
2010-10-16 14:17:21+0200 [series-danko] DEBUG: Scraped LiberBotItems(lang='Spanish', links='http://www.megaupload.com/?d=2NSNMA5I', temp='1', serie='J', epi='09', type='Descargar') in <http://www.seriesdanko.com/2010/06/justified-1x09-capitulo-09.html>
2010-10-16 14:17:21+0200 [series-danko] INFO: Passed LiberBotItems(lang='Spanish', links='http://www.megaupload.com/?d=2NSNMA5I', temp='1', serie='J', epi='09', type='Descargar')
2010-10-16 14:17:22+0200 [series-danko] DEBUG: Crawled (200) <GET http://www.seriesdanko.com/2010/06/justified-1x08-capitulo-08.html> (referer: http://www.seriesdanko.com/2010/06/lista-de-capitulos-de-justified.html)
2010-10-16 14:17:22+0200 [series-danko] DEBUG: Scraped LiberBotItems(lang='Spanish', links='http://www.megavideo.com/?v=5CYYR2BU', temp='1', serie='J', epi='08', type='VerOnline') in <http://www.seriesdanko.com/2010/06/justified-1x08-capitulo-08.html>
2010-10-16 14:17:22+0200 [series-danko] INFO: Passed LiberBotItems(lang='Spanish', links='http://www.megavideo.com/?v=5CYYR2BU', temp='1', serie='J', epi='08', type='VerOnline')
2010-10-16 14:17:22+0200 [series-danko] DEBUG: Scraped LiberBotItems(lang='Spanish', links='http://www.megavideo.com/?v=5CYYR2BU', temp='1', serie='J', epi='08', type='VerOnline') in <http://www.seriesdanko.com/2010/06/justified-1x08-capitulo-08.html>
2010-10-16 14:17:22+0200 [series-danko] INFO: Passed LiberBotItems(lang='Spanish', links='http://www.megavideo.com/?v=5CYYR2BU', temp='1', serie='J', epi='08', type='VerOnline')
2010-10-16 14:17:22+0200 [series-danko] DEBUG: Scraped LiberBotItems(lang='Spanish', links='http://www.megaupload.com/?d=VHC5LUO2', temp='1', serie='J', epi='08', type='Descargar') in <http://www.seriesdanko.com/2010/06/justified-1x08-capitulo-08.html>
2010-10-16 14:17:22+0200 [series-danko] INFO: Passed LiberBotItems(lang='Spanish', links='http://www.megaupload.com/?d=VHC5LUO2', temp='1', serie='J', epi='08', type='Descargar')
2010-10-16 14:17:22+0200 [series-danko] DEBUG: Scraped LiberBotItems(lang='Spanish', links='http://www.megaupload.com/?d=VHC5LUO2', temp='1', serie='J', epi='08', type='Descargar') in <http://www.seriesdanko.com/2010/06/justified-1x08-capitulo-08.html>
2010-10-16 14:17:22+0200 [series-danko] INFO: Passed LiberBotItems(lang='Spanish', links='http://www.megaupload.com/?d=VHC5LUO2', temp='1', serie='J', epi='08', type='Descargar')
2010-10-16 14:17:23+0200 [series-danko] DEBUG: Crawled (200) <GET http://www.seriesdanko.com/2010/06/justified-1x07-capitulo-07.html> (referer: http://www.seriesdanko.com/2010/06/lista-de-capitulos-de-justified.html)
2010-10-16 14:17:23+0200 [series-danko] DEBUG: Scraped LiberBotItems(lang='Spanish', links='http://www.megavideo.com/?v=7FVTF7UB', temp='1', serie='J', epi='07', type='VerOnline') in <http://www.seriesdanko.com/2010/06/justified-1x07-capitulo-07.html>
2010-10-16 14:17:23+0200 [series-danko] INFO: Passed LiberBotItems(lang='Spanish', links='http://www.megavideo.com/?v=7FVTF7UB', temp='1', serie='J', epi='07', type='VerOnline')
2010-10-16 14:17:23+0200 [series-danko] DEBUG: Scraped LiberBotItems(lang='Spanish', links='http://www.megavideo.com/?v=7FVTF7UB', temp='1', serie='J', epi='07', type='VerOnline') in <http://www.seriesdanko.com/2010/06/justified-1x07-capitulo-07.html>
2010-10-16 14:17:23+0200 [series-danko] INFO: Passed LiberBotItems(lang='Spanish', links='http://www.megavideo.com/?v=7FVTF7UB', temp='1', serie='J', epi='07', type='VerOnline')
2010-10-16 14:17:23+0200 [series-danko] DEBUG: Scraped LiberBotItems(lang='Spanish', links='http://www.megaupload.com/?d=D7D7ZF9P', temp='1', serie='J', epi='07', type='Descargar') in <http://www.seriesdanko.com/2010/06/justified-1x07-capitulo-07.html>
2010-10-16 14:17:23+0200 [series-danko] INFO: Passed LiberBotItems(lang='Spanish', links='http://www.megaupload.com/?d=D7D7ZF9P', temp='1', serie='J', epi='07', type='Descargar')
2010-10-16 14:17:23+0200 [series-danko] DEBUG: Scraped LiberBotItems(lang='Spanish', links='http://www.megaupload.com/?d=D7D7ZF9P', temp='1', serie='J', epi='07', type='Descargar') in <http://www.seriesdanko.com/2010/06/justified-1x07-capitulo-07.html>
2010-10-16 14:17:23+0200 [series-danko] INFO: Passed LiberBotItems(lang='Spanish', links='http://www.megaupload.com/?d=D7D7ZF9P', temp='1', serie='J', epi='07', type='Descargar')
2010-10-16 14:17:24+0200 [series-danko] DEBUG: Crawled (200) <GET http://www.seriesdanko.com/2010/06/justified-1x06-capitulo-06.html> (referer: http://www.seriesdanko.com/2010/06/lista-de-capitulos-de-justified.html)
2010-10-16 14:17:24+0200 [series-danko] DEBUG: Scraped LiberBotItems(lang='Spanish', links='http://www.megavideo.com/?v=8D43DH6N', temp='1', serie='J', epi='06', type='VerOnline') in <http://www.seriesdanko.com/2010/06/justified-1x06-capitulo-06.html>
2010-10-16 14:17:24+0200 [series-danko] INFO: Passed LiberBotItems(lang='Spanish', links='http://www.megavideo.com/?v=8D43DH6N', temp='1', serie='J', epi='06', type='VerOnline')
2010-10-16 14:17:24+0200 [series-danko] DEBUG: Scraped LiberBotItems(lang='Spanish', links='http://www.megavideo.com/?v=8D43DH6N', temp='1', serie='J', epi='06', type='VerOnline') in <http://www.seriesdanko.com/2010/06/justified-1x06-capitulo-06.html>
2010-10-16 14:17:24+0200 [series-danko] INFO: Passed LiberBotItems(lang='Spanish', links='http://www.megavideo.com/?v=8D43DH6N', temp='1', serie='J', epi='06', type='VerOnline')
2010-10-16 14:17:24+0200 [series-danko] DEBUG: Scraped LiberBotItems(lang='Spanish', links='http://www.megaupload.com/?d=EJ71A69N', temp='1', serie='J', epi='06', type='Descargar') in <http://www.seriesdanko.com/2010/06/justified-1x06-capitulo-06.html>
2010-10-16 14:17:24+0200 [series-danko] INFO: Passed LiberBotItems(lang='Spanish', links='http://www.megaupload.com/?d=EJ71A69N', temp='1', serie='J', epi='06', type='Descargar')
2010-10-16 14:17:24+0200 [series-danko] DEBUG: Scraped LiberBotItems(lang='Spanish', links='http://www.megaupload.com/?d=EJ71A69N', temp='1', serie='J', epi='06', type='Descargar') in <http://www.seriesdanko.com/2010/06/justified-1x06-capitulo-06.html>
2010-10-16 14:17:24+0200 [series-danko] INFO: Passed LiberBotItems(lang='Spanish', links='http://www.megaupload.com/?d=EJ71A69N', temp='1', serie='J', epi='06', type='Descargar')
2010-10-16 14:17:25+0200 [series-danko] DEBUG: Crawled (200) <GET http://www.seriesdanko.com/2010/06/justified-1x05-capitulo-05.html> (referer: http://www.seriesdanko.com/2010/06/lista-de-capitulos-de-justified.html)
2010-10-16 14:17:25+0200 [series-danko] DEBUG: Scraped LiberBotItems(lang='Spanish', links='http://www.megavideo.com/?v=40Z027E7', temp='1', serie='J', epi='05', type='VerOnline') in <http://www.seriesdanko.com/2010/06/justified-1x05-capitulo-05.html>
2010-10-16 14:17:25+0200 [series-danko] INFO: Passed LiberBotItems(lang='Spanish', links='http://www.megavideo.com/?v=40Z027E7', temp='1', serie='J', epi='05', type='VerOnline')
2010-10-16 14:17:25+0200 [series-danko] DEBUG: Scraped LiberBotItems(lang='Spanish', links='http://www.megavideo.com/?v=40Z027E7', temp='1', serie='J', epi='05', type='VerOnline') in <http://www.seriesdanko.com/2010/06/justified-1x05-capitulo-05.html>
2010-10-16 14:17:25+0200 [series-danko] INFO: Passed LiberBotItems(lang='Spanish', links='http://www.megavideo.com/?v=40Z027E7', temp='1', serie='J', epi='05', type='VerOnline')
2010-10-16 14:17:25+0200 [series-danko] DEBUG: Scraped LiberBotItems(lang='Spanish', links='http://www.megaupload.com/?d=7NXWIZTG', temp='1', serie='J', epi='05', type='Descargar') in <http://www.seriesdanko.com/2010/06/justified-1x05-capitulo-05.html>
2010-10-16 14:17:25+0200 [series-danko] INFO: Passed LiberBotItems(lang='Spanish', links='http://www.megaupload.com/?d=7NXWIZTG', temp='1', serie='J', epi='05', type='Descargar')
2010-10-16 14:17:25+0200 [series-danko] DEBUG: Scraped LiberBotItems(lang='Spanish', links='http://www.megaupload.com/?d=7NXWIZTG', temp='1', serie='J', epi='05', type='Descargar') in <http://www.seriesdanko.com/2010/06/justified-1x05-capitulo-05.html>
2010-10-16 14:17:25+0200 [series-danko] INFO: Passed LiberBotItems(lang='Spanish', links='http://www.megaupload.com/?d=7NXWIZTG', temp='1', serie='J', epi='05', type='Descargar')
2010-10-16 14:17:26+0200 [series-danko] DEBUG: Crawled (200) <GET http://www.seriesdanko.com/2010/06/justified-1x04-capitulo-04.html> (referer: http://www.seriesdanko.com/2010/06/lista-de-capitulos-de-justified.html)
2010-10-16 14:17:26+0200 [series-danko] DEBUG: Scraped LiberBotItems(lang='Spanish', links='http://www.megavideo.com/?v=89PUUVOF', temp='1', serie='J', epi='04', type='VerOnline') in <http://www.seriesdanko.com/2010/06/justified-1x04-capitulo-04.html>
2010-10-16 14:17:26+0200 [series-danko] INFO: Passed LiberBotItems(lang='Spanish', links='http://www.megavideo.com/?v=89PUUVOF', temp='1', serie='J', epi='04', type='VerOnline')
2010-10-16 14:17:26+0200 [series-danko] DEBUG: Scraped LiberBotItems(lang='Spanish', links='http://www.megavideo.com/?v=89PUUVOF', temp='1', serie='J', epi='04', type='VerOnline') in <http://www.seriesdanko.com/2010/06/justified-1x04-capitulo-04.html>
2010-10-16 14:17:26+0200 [series-danko] INFO: Passed LiberBotItems(lang='Spanish', links='http://www.megavideo.com/?v=89PUUVOF', temp='1', serie='J', epi='04', type='VerOnline')
2010-10-16 14:17:26+0200 [series-danko] DEBUG: Scraped LiberBotItems(lang='Spanish', links='http://www.megaupload.com/?d=XFJ8B24I', temp='1', serie='J', epi='04', type='Descargar') in <http://www.seriesdanko.com/2010/06/justified-1x04-capitulo-04.html>
2010-10-16 14:17:26+0200 [series-danko] INFO: Passed LiberBotItems(lang='Spanish', links='http://www.megaupload.com/?d=XFJ8B24I', temp='1', serie='J', epi='04', type='Descargar')
2010-10-16 14:17:26+0200 [series-danko] DEBUG: Scraped LiberBotItems(lang='Spanish', links='http://www.megaupload.com/?d=XFJ8B24I', temp='1', serie='J', epi='04', type='Descargar') in <http://www.seriesdanko.com/2010/06/justified-1x04-capitulo-04.html>
2010-10-16 14:17:26+0200 [series-danko] INFO: Passed LiberBotItems(lang='Spanish', links='http://www.megaupload.com/?d=XFJ8B24I', temp='1', serie='J', epi='04', type='Descargar')
2010-10-16 14:17:27+0200 [series-danko] DEBUG: Crawled (200) <GET http://www.seriesdanko.com/2010/06/justified-1x03-capitulo-03.html> (referer: http://www.seriesdanko.com/2010/06/lista-de-capitulos-de-justified.html)
2010-10-16 14:17:27+0200 [series-danko] DEBUG: Scraped LiberBotItems(lang='Spanish', links='http://www.megavideo.com/?v=NT8GWXLU', temp='1', serie='J', epi='03', type='VerOnline') in <http://www.seriesdanko.com/2010/06/justified-1x03-capitulo-03.html>
2010-10-16 14:17:27+0200 [series-danko] INFO: Passed LiberBotItems(lang='Spanish', links='http://www.megavideo.com/?v=NT8GWXLU', temp='1', serie='J', epi='03', type='VerOnline')
2010-10-16 14:17:27+0200 [series-danko] DEBUG: Scraped LiberBotItems(lang='Spanish', links='http://www.megavideo.com/?v=NT8GWXLU', temp='1', serie='J', epi='03', type='VerOnline') in <http://www.seriesdanko.com/2010/06/justified-1x03-capitulo-03.html>
2010-10-16 14:17:27+0200 [series-danko] INFO: Passed LiberBotItems(lang='Spanish', links='http://www.megavideo.com/?v=NT8GWXLU', temp='1', serie='J', epi='03', type='VerOnline')
2010-10-16 14:17:27+0200 [series-danko] DEBUG: Scraped LiberBotItems(lang='Spanish', links='http://www.megaupload.com/?d=2LYE19XP', temp='1', serie='J', epi='03', type='Descargar') in <http://www.seriesdanko.com/2010/06/justified-1x03-capitulo-03.html>
2010-10-16 14:17:27+0200 [series-danko] INFO: Passed LiberBotItems(lang='Spanish', links='http://www.megaupload.com/?d=2LYE19XP', temp='1', serie='J', epi='03', type='Descargar')
2010-10-16 14:17:27+0200 [series-danko] DEBUG: Scraped LiberBotItems(lang='Spanish', links='http://www.megaupload.com/?d=2LYE19XP', temp='1', serie='J', epi='03', type='Descargar') in <http://www.seriesdanko.com/2010/06/justified-1x03-capitulo-03.html>
2010-10-16 14:17:27+0200 [series-danko] INFO: Passed LiberBotItems(lang='Spanish', links='http://www.megaupload.com/?d=2LYE19XP', temp='1', serie='J', epi='03', type='Descargar')
2010-10-16 14:17:27+0200 [series-danko] DEBUG: Crawled (200) <GET http://www.seriesdanko.com/2010/06/justified-1x02-capitulo-02.html> (referer: http://www.seriesdanko.com/2010/06/lista-de-capitulos-de-justified.html)
2010-10-16 14:17:27+0200 [series-danko] DEBUG: Scraped LiberBotItems(lang='Spanish', links='http://www.megavideo.com/?v=W2XHHJVC', temp='1', serie='J', epi='02', type='VerOnline') in <http://www.seriesdanko.com/2010/06/justified-1x02-capitulo-02.html>
2010-10-16 14:17:27+0200 [series-danko] INFO: Passed LiberBotItems(lang='Spanish', links='http://www.megavideo.com/?v=W2XHHJVC', temp='1', serie='J', epi='02', type='VerOnline')
2010-10-16 14:17:27+0200 [series-danko] DEBUG: Scraped LiberBotItems(lang='Spanish', links='http://www.megavideo.com/?v=W2XHHJVC', temp='1', serie='J', epi='02', type='VerOnline') in <http://www.seriesdanko.com/2010/06/justified-1x02-capitulo-02.html>
2010-10-16 14:17:27+0200 [series-danko] INFO: Passed LiberBotItems(lang='Spanish', links='http://www.megavideo.com/?v=W2XHHJVC', temp='1', serie='J', epi='02', type='VerOnline')
2010-10-16 14:17:27+0200 [series-danko] DEBUG: Scraped LiberBotItems(lang='Spanish', links='http://www.megaupload.com/?d=S4VUV9W4', temp='1', serie='J', epi='02', type='Descargar') in <http://www.seriesdanko.com/2010/06/justified-1x02-capitulo-02.html>
2010-10-16 14:17:27+0200 [series-danko] INFO: Passed LiberBotItems(lang='Spanish', links='http://www.megaupload.com/?d=S4VUV9W4', temp='1', serie='J', epi='02', type='Descargar')
2010-10-16 14:17:27+0200 [series-danko] DEBUG: Scraped LiberBotItems(lang='Spanish', links='http://www.megaupload.com/?d=S4VUV9W4', temp='1', serie='J', epi='02', type='Descargar') in <http://www.seriesdanko.com/2010/06/justified-1x02-capitulo-02.html>
2010-10-16 14:17:27+0200 [series-danko] INFO: Passed LiberBotItems(lang='Spanish', links='http://www.megaupload.com/?d=S4VUV9W4', temp='1', serie='J', epi='02', type='Descargar')
2010-10-16 14:17:27+0200 [series-danko] INFO: Closing spider (finished)
2010-10-16 14:17:28+0200 [series-danko] INFO: Stored json feed (74 items, 9731 bytes) in: sites/series-danko/dump/J.json
2010-10-16 14:17:28+0200 [series-danko] INFO: Spider closed (finished)
