2010-10-16 14:17:28+0200 [scrapy] INFO: Scrapy 0.10.2 started (bot: liberbot)
2010-10-16 14:17:28+0200 [scrapy] DEBUG: Enabled extensions: FeedExporter, TelnetConsole, SpiderContext, WebService, CoreStats, MemoryUsage, CloseSpider
2010-10-16 14:17:28+0200 [scrapy] DEBUG: Enabled scheduler middlewares: DuplicatesFilterMiddleware
2010-10-16 14:17:28+0200 [scrapy] DEBUG: Enabled downloader middlewares: HttpAuthMiddleware, DownloadTimeoutMiddleware, UserAgentMiddleware, RetryMiddleware, DefaultHeadersMiddleware, RedirectMiddleware, CookiesMiddleware, HttpCompressionMiddleware, DownloaderStats, HttpCacheMiddleware
2010-10-16 14:17:28+0200 [scrapy] DEBUG: Enabled spider middlewares: HttpErrorMiddleware, OffsiteMiddleware, RefererMiddleware, UrlLengthMiddleware, DepthMiddleware
2010-10-16 14:17:28+0200 [scrapy] DEBUG: Enabled item pipelines: 
2010-10-16 14:17:28+0200 [scrapy] DEBUG: Telnet console listening on port 6024
2010-10-16 14:17:28+0200 [scrapy] DEBUG: Web service listening on port 6081
2010-10-16 14:17:28+0200 [series-danko] INFO: Spider opened
2010-10-16 14:17:29+0200 [series-danko] DEBUG: Crawled (200) <GET http://www.seriesdanko.com/2010/06/lista-de-capitulos-de-kyle-xy.html> (referer: None)
2010-10-16 14:17:29+0200 [series-danko] DEBUG: Filtered offsite request to '3.bp.blogspot.com': <GET http://3.bp.blogspot.com/_KLLhWj6ZRrE/TCX3NSvSICI/AAAAAAAAAKw/oxuJHp8payk/s1600/kyle-xy-seriesdanko.com.jpg>
2010-10-16 14:17:30+0200 [series-danko] DEBUG: Crawled (200) <GET http://www.seriesdanko.com/2010/06/kyle-xy.html> (referer: http://www.seriesdanko.com/2010/06/lista-de-capitulos-de-kyle-xy.html)
2010-10-16 14:17:30+0200 [series-danko] DEBUG: Scraped LiberBotItems(lang='Spanish', links='http://www.megavideo.com/?v=UBCI3DM1', temp='1', serie='K', epi='01', type='VerOnline') in <http://www.seriesdanko.com/2010/06/kyle-xy.html>
2010-10-16 14:17:30+0200 [series-danko] INFO: Passed LiberBotItems(lang='Spanish', links='http://www.megavideo.com/?v=UBCI3DM1', temp='1', serie='K', epi='01', type='VerOnline')
2010-10-16 14:17:30+0200 [series-danko] DEBUG: Scraped LiberBotItems(lang='Spanish', links='http://www.megavideo.com/?v=UBCI3DM1', temp='1', serie='K', epi='01', type='VerOnline') in <http://www.seriesdanko.com/2010/06/kyle-xy.html>
2010-10-16 14:17:30+0200 [series-danko] INFO: Passed LiberBotItems(lang='Spanish', links='http://www.megavideo.com/?v=UBCI3DM1', temp='1', serie='K', epi='01', type='VerOnline')
2010-10-16 14:17:30+0200 [series-danko] DEBUG: Scraped LiberBotItems(lang='Spanish', links='http://www.megaupload.com/?d=HVU553U7', temp='1', serie='K', epi='01', type='Descargar') in <http://www.seriesdanko.com/2010/06/kyle-xy.html>
2010-10-16 14:17:30+0200 [series-danko] INFO: Passed LiberBotItems(lang='Spanish', links='http://www.megaupload.com/?d=HVU553U7', temp='1', serie='K', epi='01', type='Descargar')
2010-10-16 14:17:30+0200 [series-danko] DEBUG: Scraped LiberBotItems(lang='Spanish', links='http://www.megaupload.com/?d=HVU553U7', temp='1', serie='K', epi='01', type='Descargar') in <http://www.seriesdanko.com/2010/06/kyle-xy.html>
2010-10-16 14:17:30+0200 [series-danko] INFO: Passed LiberBotItems(lang='Spanish', links='http://www.megaupload.com/?d=HVU553U7', temp='1', serie='K', epi='01', type='Descargar')
2010-10-16 14:17:31+0200 [series-danko] DEBUG: Crawled (200) <GET http://www.seriesdanko.com/2010/06/kyle-xy-3x01-capitulo-01.html> (referer: http://www.seriesdanko.com/2010/06/lista-de-capitulos-de-kyle-xy.html)
2010-10-16 14:17:31+0200 [series-danko] DEBUG: Scraped LiberBotItems(lang='Spanish', links='http://www.megavideo.com/?d=HWBE17QP', temp='3', serie='K', epi='01', type='VerOnline') in <http://www.seriesdanko.com/2010/06/kyle-xy-3x01-capitulo-01.html>
2010-10-16 14:17:31+0200 [series-danko] INFO: Passed LiberBotItems(lang='Spanish', links='http://www.megavideo.com/?d=HWBE17QP', temp='3', serie='K', epi='01', type='VerOnline')
2010-10-16 14:17:31+0200 [series-danko] DEBUG: Scraped LiberBotItems(lang='Spanish', links='http://www.megavideo.com/?d=HWBE17QP', temp='3', serie='K', epi='01', type='VerOnline') in <http://www.seriesdanko.com/2010/06/kyle-xy-3x01-capitulo-01.html>
2010-10-16 14:17:31+0200 [series-danko] INFO: Passed LiberBotItems(lang='Spanish', links='http://www.megavideo.com/?d=HWBE17QP', temp='3', serie='K', epi='01', type='VerOnline')
2010-10-16 14:17:31+0200 [series-danko] DEBUG: Scraped LiberBotItems(lang='Spanish', links='http://www.megaupload.com/?d=HWBE17QP', temp='3', serie='K', epi='01', type='Descargar') in <http://www.seriesdanko.com/2010/06/kyle-xy-3x01-capitulo-01.html>
2010-10-16 14:17:31+0200 [series-danko] INFO: Passed LiberBotItems(lang='Spanish', links='http://www.megaupload.com/?d=HWBE17QP', temp='3', serie='K', epi='01', type='Descargar')
2010-10-16 14:17:31+0200 [series-danko] DEBUG: Scraped LiberBotItems(lang='Spanish', links='http://www.megaupload.com/?d=HWBE17QP', temp='3', serie='K', epi='01', type='Descargar') in <http://www.seriesdanko.com/2010/06/kyle-xy-3x01-capitulo-01.html>
2010-10-16 14:17:31+0200 [series-danko] INFO: Passed LiberBotItems(lang='Spanish', links='http://www.megaupload.com/?d=HWBE17QP', temp='3', serie='K', epi='01', type='Descargar')
2010-10-16 14:17:31+0200 [series-danko] INFO: Closing spider (finished)
2010-10-16 14:17:31+0200 [series-danko] INFO: Stored json feed (8 items, 1052 bytes) in: sites/series-danko/dump/K.json
2010-10-16 14:17:31+0200 [series-danko] INFO: Spider closed (finished)
