2010-10-16 14:54:18+0200 [scrapy] INFO: Scrapy 0.10.2 started (bot: liberbot)
2010-10-16 14:54:18+0200 [scrapy] DEBUG: Enabled extensions: FeedExporter, TelnetConsole, SpiderContext, WebService, CoreStats, MemoryUsage, CloseSpider
2010-10-16 14:54:18+0200 [scrapy] DEBUG: Enabled scheduler middlewares: DuplicatesFilterMiddleware
2010-10-16 14:54:18+0200 [scrapy] DEBUG: Enabled downloader middlewares: HttpAuthMiddleware, DownloadTimeoutMiddleware, UserAgentMiddleware, RetryMiddleware, DefaultHeadersMiddleware, RedirectMiddleware, CookiesMiddleware, HttpCompressionMiddleware, DownloaderStats, HttpCacheMiddleware
2010-10-16 14:54:18+0200 [scrapy] DEBUG: Enabled spider middlewares: HttpErrorMiddleware, OffsiteMiddleware, RefererMiddleware, UrlLengthMiddleware, DepthMiddleware
2010-10-16 14:54:18+0200 [scrapy] DEBUG: Enabled item pipelines: 
2010-10-16 14:54:18+0200 [scrapy] DEBUG: Telnet console listening on port 6024
2010-10-16 14:54:18+0200 [scrapy] DEBUG: Web service listening on port 6081
2010-10-16 14:54:18+0200 [series-danko] INFO: Spider opened
2010-10-16 14:54:19+0200 [series-danko] DEBUG: Crawled (200) <GET http://www.seriesdanko.com/2010/06/lista-de-capitulos-yo-soy-betty-la-fea.html> (referer: None)
2010-10-16 14:54:20+0200 [series-danko] DEBUG: Crawled (200) <GET http://www.seriesdanko.com/2010/06/lista-de-capitulos-yo-y-el-mundo.html> (referer: None)
2010-10-16 14:54:21+0200 [series-danko] DEBUG: Crawled (200) <GET http://www.seriesdanko.com/2010/07/yo-soy-betty-1x01-capitulo-01.html> (referer: http://www.seriesdanko.com/2010/06/lista-de-capitulos-yo-soy-betty-la-fea.html)
2010-10-16 14:54:21+0200 [series-danko] DEBUG: Scraped LiberBotItems(lang='Latin', links='http://www.megavideo.com/?d=3CHG3JGW', temp='1', serie='Y', epi='01', type='VerOnline') in <http://www.seriesdanko.com/2010/07/yo-soy-betty-1x01-capitulo-01.html>
2010-10-16 14:54:21+0200 [series-danko] INFO: Passed LiberBotItems(lang='Latin', links='http://www.megavideo.com/?d=3CHG3JGW', temp='1', serie='Y', epi='01', type='VerOnline')
2010-10-16 14:54:21+0200 [series-danko] DEBUG: Scraped LiberBotItems(lang='Latin', links='http://www.megaupload.com/?d=3CHG3JGW', temp='1', serie='Y', epi='01', type='Descargar') in <http://www.seriesdanko.com/2010/07/yo-soy-betty-1x01-capitulo-01.html>
2010-10-16 14:54:21+0200 [series-danko] INFO: Passed LiberBotItems(lang='Latin', links='http://www.megaupload.com/?d=3CHG3JGW', temp='1', serie='Y', epi='01', type='Descargar')
2010-10-16 14:54:22+0200 [series-danko] DEBUG: Crawled (200) <GET http://www.seriesdanko.com/2010/07/yo-soy-betty-1x05-capitulo-05.html> (referer: http://www.seriesdanko.com/2010/06/lista-de-capitulos-yo-soy-betty-la-fea.html)
2010-10-16 14:54:22+0200 [series-danko] DEBUG: Scraped LiberBotItems(lang='Latin', links='http://www.megavideo.com/?d=ZUEFTUTE', temp='1', serie='Y', epi='05', type='VerOnline') in <http://www.seriesdanko.com/2010/07/yo-soy-betty-1x05-capitulo-05.html>
2010-10-16 14:54:22+0200 [series-danko] INFO: Passed LiberBotItems(lang='Latin', links='http://www.megavideo.com/?d=ZUEFTUTE', temp='1', serie='Y', epi='05', type='VerOnline')
2010-10-16 14:54:22+0200 [series-danko] DEBUG: Scraped LiberBotItems(lang='Latin', links='http://www.megaupload.com/?d=ZUEFTUTE', temp='1', serie='Y', epi='05', type='Descargar') in <http://www.seriesdanko.com/2010/07/yo-soy-betty-1x05-capitulo-05.html>
2010-10-16 14:54:22+0200 [series-danko] INFO: Passed LiberBotItems(lang='Latin', links='http://www.megaupload.com/?d=ZUEFTUTE', temp='1', serie='Y', epi='05', type='Descargar')
2010-10-16 14:54:22+0200 [series-danko] DEBUG: Crawled (200) <GET http://www.seriesdanko.com/2010/07/yo-soy-betty-1x04-capitulo-04.html> (referer: http://www.seriesdanko.com/2010/06/lista-de-capitulos-yo-soy-betty-la-fea.html)
2010-10-16 14:54:22+0200 [series-danko] DEBUG: Scraped LiberBotItems(lang='Latin', links='http://www.megavideo.com/?d=JZ6EHI7G', temp='1', serie='Y', epi='04', type='VerOnline') in <http://www.seriesdanko.com/2010/07/yo-soy-betty-1x04-capitulo-04.html>
2010-10-16 14:54:22+0200 [series-danko] INFO: Passed LiberBotItems(lang='Latin', links='http://www.megavideo.com/?d=JZ6EHI7G', temp='1', serie='Y', epi='04', type='VerOnline')
2010-10-16 14:54:22+0200 [series-danko] DEBUG: Scraped LiberBotItems(lang='Latin', links='http://www.megaupload.com/?d=JZ6EHI7G', temp='1', serie='Y', epi='04', type='Descargar') in <http://www.seriesdanko.com/2010/07/yo-soy-betty-1x04-capitulo-04.html>
2010-10-16 14:54:22+0200 [series-danko] INFO: Passed LiberBotItems(lang='Latin', links='http://www.megaupload.com/?d=JZ6EHI7G', temp='1', serie='Y', epi='04', type='Descargar')
2010-10-16 14:54:23+0200 [series-danko] DEBUG: Crawled (200) <GET http://www.seriesdanko.com/2010/06/yo-y-el-mundo-1x16-capitulo-16.html> (referer: http://www.seriesdanko.com/2010/06/lista-de-capitulos-yo-y-el-mundo.html)
2010-10-16 14:54:24+0200 [series-danko] DEBUG: Scraped LiberBotItems(lang='Spanish', links='http://www.megavideo.com/?d=0ERLAZPI', temp='1', serie='Y', epi='16', type='VerOnline') in <http://www.seriesdanko.com/2010/06/yo-y-el-mundo-1x16-capitulo-16.html>
2010-10-16 14:54:24+0200 [series-danko] INFO: Passed LiberBotItems(lang='Spanish', links='http://www.megavideo.com/?d=0ERLAZPI', temp='1', serie='Y', epi='16', type='VerOnline')
2010-10-16 14:54:24+0200 [series-danko] ERROR: Spider error processing <http://www.seriesdanko.com/2010/06/yo-y-el-mundo-1x16-capitulo-16.html> (referer: <http://www.seriesdanko.com/2010/06/lista-de-capitulos-yo-y-el-mundo.html>)
	Traceback (most recent call last):
	  File "/usr/local/lib/python2.6/dist-packages/Twisted-10.1.0-py2.6-linux-x86_64.egg/twisted/internet/base.py", line 796, in runUntilCurrent
	    call.func(*call.args, **call.kw)
	  File "/usr/local/lib/python2.6/dist-packages/Twisted-10.1.0-py2.6-linux-x86_64.egg/twisted/internet/task.py", line 577, in _tick
	    taskObj._oneWorkUnit()
	  File "/usr/local/lib/python2.6/dist-packages/Twisted-10.1.0-py2.6-linux-x86_64.egg/twisted/internet/task.py", line 458, in _oneWorkUnit
	    result = self._iterator.next()
	  File "/usr/local/lib/python2.6/dist-packages/Scrapy-0.10.2-py2.6.egg/scrapy/utils/defer.py", line 57, in <genexpr>
	    work = (callable(elem, *args, **named) for elem in iterable)
	--- <exception caught here> ---
	  File "/usr/local/lib/python2.6/dist-packages/Scrapy-0.10.2-py2.6.egg/scrapy/utils/defer.py", line 96, in iter_errback
	    yield it.next()
	  File "/usr/local/lib/python2.6/dist-packages/Scrapy-0.10.2-py2.6.egg/scrapy/contrib/spidermiddleware/offsite.py", line 24, in process_spider_output
	    for x in result:
	  File "/usr/local/lib/python2.6/dist-packages/Scrapy-0.10.2-py2.6.egg/scrapy/contrib/spidermiddleware/referer.py", line 14, in <genexpr>
	    return (_set_referer(r) for r in result or ())
	  File "/usr/local/lib/python2.6/dist-packages/Scrapy-0.10.2-py2.6.egg/scrapy/contrib/spidermiddleware/urllength.py", line 32, in <genexpr>
	    return (r for r in result or () if _filter(r))
	  File "/usr/local/lib/python2.6/dist-packages/Scrapy-0.10.2-py2.6.egg/scrapy/contrib/spidermiddleware/depth.py", line 48, in <genexpr>
	    return (r for r in result or () if _filter(r))
	  File "/home/anders/bots/libercopy/liberbot/spiders/series_danko.py", line 84, in parse_episode
	    img = trraw.select('.//img/@src')[0].extract().encode('utf-8')
	exceptions.IndexError: list index out of range
	
2010-10-16 14:54:25+0200 [series-danko] DEBUG: Crawled (200) <GET http://www.seriesdanko.com/2010/06/yo-y-el-mundo-1x15-capitulo-15.html> (referer: http://www.seriesdanko.com/2010/06/lista-de-capitulos-yo-y-el-mundo.html)
2010-10-16 14:54:25+0200 [series-danko] DEBUG: Scraped LiberBotItems(lang='Spanish', links='http://www.megavideo.com/?d=VUP0K6EL', temp='1', serie='Y', epi='15', type='VerOnline') in <http://www.seriesdanko.com/2010/06/yo-y-el-mundo-1x15-capitulo-15.html>
2010-10-16 14:54:25+0200 [series-danko] INFO: Passed LiberBotItems(lang='Spanish', links='http://www.megavideo.com/?d=VUP0K6EL', temp='1', serie='Y', epi='15', type='VerOnline')
2010-10-16 14:54:25+0200 [series-danko] ERROR: Spider error processing <http://www.seriesdanko.com/2010/06/yo-y-el-mundo-1x15-capitulo-15.html> (referer: <http://www.seriesdanko.com/2010/06/lista-de-capitulos-yo-y-el-mundo.html>)
	Traceback (most recent call last):
	  File "/usr/local/lib/python2.6/dist-packages/Twisted-10.1.0-py2.6-linux-x86_64.egg/twisted/internet/base.py", line 796, in runUntilCurrent
	    call.func(*call.args, **call.kw)
	  File "/usr/local/lib/python2.6/dist-packages/Twisted-10.1.0-py2.6-linux-x86_64.egg/twisted/internet/task.py", line 577, in _tick
	    taskObj._oneWorkUnit()
	  File "/usr/local/lib/python2.6/dist-packages/Twisted-10.1.0-py2.6-linux-x86_64.egg/twisted/internet/task.py", line 458, in _oneWorkUnit
	    result = self._iterator.next()
	  File "/usr/local/lib/python2.6/dist-packages/Scrapy-0.10.2-py2.6.egg/scrapy/utils/defer.py", line 57, in <genexpr>
	    work = (callable(elem, *args, **named) for elem in iterable)
	--- <exception caught here> ---
	  File "/usr/local/lib/python2.6/dist-packages/Scrapy-0.10.2-py2.6.egg/scrapy/utils/defer.py", line 96, in iter_errback
	    yield it.next()
	  File "/usr/local/lib/python2.6/dist-packages/Scrapy-0.10.2-py2.6.egg/scrapy/contrib/spidermiddleware/offsite.py", line 24, in process_spider_output
	    for x in result:
	  File "/usr/local/lib/python2.6/dist-packages/Scrapy-0.10.2-py2.6.egg/scrapy/contrib/spidermiddleware/referer.py", line 14, in <genexpr>
	    return (_set_referer(r) for r in result or ())
	  File "/usr/local/lib/python2.6/dist-packages/Scrapy-0.10.2-py2.6.egg/scrapy/contrib/spidermiddleware/urllength.py", line 32, in <genexpr>
	    return (r for r in result or () if _filter(r))
	  File "/usr/local/lib/python2.6/dist-packages/Scrapy-0.10.2-py2.6.egg/scrapy/contrib/spidermiddleware/depth.py", line 48, in <genexpr>
	    return (r for r in result or () if _filter(r))
	  File "/home/anders/bots/libercopy/liberbot/spiders/series_danko.py", line 84, in parse_episode
	    img = trraw.select('.//img/@src')[0].extract().encode('utf-8')
	exceptions.IndexError: list index out of range
	
2010-10-16 14:54:25+0200 [series-danko] DEBUG: Crawled (200) <GET http://www.seriesdanko.com/2010/06/yo-y-el-mundo-1x14-capitulo-14.html> (referer: http://www.seriesdanko.com/2010/06/lista-de-capitulos-yo-y-el-mundo.html)
2010-10-16 14:54:25+0200 [series-danko] DEBUG: Scraped LiberBotItems(lang='Spanish', links='http://www.megavideo.com/?d=10QPQXAF', temp='1', serie='Y', epi='14', type='VerOnline') in <http://www.seriesdanko.com/2010/06/yo-y-el-mundo-1x14-capitulo-14.html>
2010-10-16 14:54:25+0200 [series-danko] INFO: Passed LiberBotItems(lang='Spanish', links='http://www.megavideo.com/?d=10QPQXAF', temp='1', serie='Y', epi='14', type='VerOnline')
2010-10-16 14:54:25+0200 [series-danko] ERROR: Spider error processing <http://www.seriesdanko.com/2010/06/yo-y-el-mundo-1x14-capitulo-14.html> (referer: <http://www.seriesdanko.com/2010/06/lista-de-capitulos-yo-y-el-mundo.html>)
	Traceback (most recent call last):
	  File "/usr/local/lib/python2.6/dist-packages/Twisted-10.1.0-py2.6-linux-x86_64.egg/twisted/internet/base.py", line 796, in runUntilCurrent
	    call.func(*call.args, **call.kw)
	  File "/usr/local/lib/python2.6/dist-packages/Twisted-10.1.0-py2.6-linux-x86_64.egg/twisted/internet/task.py", line 577, in _tick
	    taskObj._oneWorkUnit()
	  File "/usr/local/lib/python2.6/dist-packages/Twisted-10.1.0-py2.6-linux-x86_64.egg/twisted/internet/task.py", line 458, in _oneWorkUnit
	    result = self._iterator.next()
	  File "/usr/local/lib/python2.6/dist-packages/Scrapy-0.10.2-py2.6.egg/scrapy/utils/defer.py", line 57, in <genexpr>
	    work = (callable(elem, *args, **named) for elem in iterable)
	--- <exception caught here> ---
	  File "/usr/local/lib/python2.6/dist-packages/Scrapy-0.10.2-py2.6.egg/scrapy/utils/defer.py", line 96, in iter_errback
	    yield it.next()
	  File "/usr/local/lib/python2.6/dist-packages/Scrapy-0.10.2-py2.6.egg/scrapy/contrib/spidermiddleware/offsite.py", line 24, in process_spider_output
	    for x in result:
	  File "/usr/local/lib/python2.6/dist-packages/Scrapy-0.10.2-py2.6.egg/scrapy/contrib/spidermiddleware/referer.py", line 14, in <genexpr>
	    return (_set_referer(r) for r in result or ())
	  File "/usr/local/lib/python2.6/dist-packages/Scrapy-0.10.2-py2.6.egg/scrapy/contrib/spidermiddleware/urllength.py", line 32, in <genexpr>
	    return (r for r in result or () if _filter(r))
	  File "/usr/local/lib/python2.6/dist-packages/Scrapy-0.10.2-py2.6.egg/scrapy/contrib/spidermiddleware/depth.py", line 48, in <genexpr>
	    return (r for r in result or () if _filter(r))
	  File "/home/anders/bots/libercopy/liberbot/spiders/series_danko.py", line 84, in parse_episode
	    img = trraw.select('.//img/@src')[0].extract().encode('utf-8')
	exceptions.IndexError: list index out of range
	
2010-10-16 14:54:26+0200 [series-danko] DEBUG: Crawled (200) <GET http://www.seriesdanko.com/2010/06/yo-y-el-mundo-1x13-capitulo-13.html> (referer: http://www.seriesdanko.com/2010/06/lista-de-capitulos-yo-y-el-mundo.html)
2010-10-16 14:54:26+0200 [series-danko] DEBUG: Scraped LiberBotItems(lang='Spanish', links='http://www.megavideo.com/?d=GEF52WRC', temp='1', serie='Y', epi='13', type='VerOnline') in <http://www.seriesdanko.com/2010/06/yo-y-el-mundo-1x13-capitulo-13.html>
2010-10-16 14:54:26+0200 [series-danko] INFO: Passed LiberBotItems(lang='Spanish', links='http://www.megavideo.com/?d=GEF52WRC', temp='1', serie='Y', epi='13', type='VerOnline')
2010-10-16 14:54:26+0200 [series-danko] ERROR: Spider error processing <http://www.seriesdanko.com/2010/06/yo-y-el-mundo-1x13-capitulo-13.html> (referer: <http://www.seriesdanko.com/2010/06/lista-de-capitulos-yo-y-el-mundo.html>)
	Traceback (most recent call last):
	  File "/usr/local/lib/python2.6/dist-packages/Twisted-10.1.0-py2.6-linux-x86_64.egg/twisted/internet/base.py", line 796, in runUntilCurrent
	    call.func(*call.args, **call.kw)
	  File "/usr/local/lib/python2.6/dist-packages/Twisted-10.1.0-py2.6-linux-x86_64.egg/twisted/internet/task.py", line 577, in _tick
	    taskObj._oneWorkUnit()
	  File "/usr/local/lib/python2.6/dist-packages/Twisted-10.1.0-py2.6-linux-x86_64.egg/twisted/internet/task.py", line 458, in _oneWorkUnit
	    result = self._iterator.next()
	  File "/usr/local/lib/python2.6/dist-packages/Scrapy-0.10.2-py2.6.egg/scrapy/utils/defer.py", line 57, in <genexpr>
	    work = (callable(elem, *args, **named) for elem in iterable)
	--- <exception caught here> ---
	  File "/usr/local/lib/python2.6/dist-packages/Scrapy-0.10.2-py2.6.egg/scrapy/utils/defer.py", line 96, in iter_errback
	    yield it.next()
	  File "/usr/local/lib/python2.6/dist-packages/Scrapy-0.10.2-py2.6.egg/scrapy/contrib/spidermiddleware/offsite.py", line 24, in process_spider_output
	    for x in result:
	  File "/usr/local/lib/python2.6/dist-packages/Scrapy-0.10.2-py2.6.egg/scrapy/contrib/spidermiddleware/referer.py", line 14, in <genexpr>
	    return (_set_referer(r) for r in result or ())
	  File "/usr/local/lib/python2.6/dist-packages/Scrapy-0.10.2-py2.6.egg/scrapy/contrib/spidermiddleware/urllength.py", line 32, in <genexpr>
	    return (r for r in result or () if _filter(r))
	  File "/usr/local/lib/python2.6/dist-packages/Scrapy-0.10.2-py2.6.egg/scrapy/contrib/spidermiddleware/depth.py", line 48, in <genexpr>
	    return (r for r in result or () if _filter(r))
	  File "/home/anders/bots/libercopy/liberbot/spiders/series_danko.py", line 84, in parse_episode
	    img = trraw.select('.//img/@src')[0].extract().encode('utf-8')
	exceptions.IndexError: list index out of range
	
2010-10-16 14:54:27+0200 [series-danko] DEBUG: Crawled (200) <GET http://www.seriesdanko.com/2010/06/yo-y-el-mundo-1x12-capitulo-12.html> (referer: http://www.seriesdanko.com/2010/06/lista-de-capitulos-yo-y-el-mundo.html)
2010-10-16 14:54:27+0200 [series-danko] DEBUG: Scraped LiberBotItems(lang='Spanish', links='http://www.megavideo.com/?d=AFE0SM2Z', temp='1', serie='Y', epi='12', type='VerOnline') in <http://www.seriesdanko.com/2010/06/yo-y-el-mundo-1x12-capitulo-12.html>
2010-10-16 14:54:27+0200 [series-danko] INFO: Passed LiberBotItems(lang='Spanish', links='http://www.megavideo.com/?d=AFE0SM2Z', temp='1', serie='Y', epi='12', type='VerOnline')
2010-10-16 14:54:27+0200 [series-danko] ERROR: Spider error processing <http://www.seriesdanko.com/2010/06/yo-y-el-mundo-1x12-capitulo-12.html> (referer: <http://www.seriesdanko.com/2010/06/lista-de-capitulos-yo-y-el-mundo.html>)
	Traceback (most recent call last):
	  File "/usr/local/lib/python2.6/dist-packages/Twisted-10.1.0-py2.6-linux-x86_64.egg/twisted/internet/base.py", line 796, in runUntilCurrent
	    call.func(*call.args, **call.kw)
	  File "/usr/local/lib/python2.6/dist-packages/Twisted-10.1.0-py2.6-linux-x86_64.egg/twisted/internet/task.py", line 577, in _tick
	    taskObj._oneWorkUnit()
	  File "/usr/local/lib/python2.6/dist-packages/Twisted-10.1.0-py2.6-linux-x86_64.egg/twisted/internet/task.py", line 458, in _oneWorkUnit
	    result = self._iterator.next()
	  File "/usr/local/lib/python2.6/dist-packages/Scrapy-0.10.2-py2.6.egg/scrapy/utils/defer.py", line 57, in <genexpr>
	    work = (callable(elem, *args, **named) for elem in iterable)
	--- <exception caught here> ---
	  File "/usr/local/lib/python2.6/dist-packages/Scrapy-0.10.2-py2.6.egg/scrapy/utils/defer.py", line 96, in iter_errback
	    yield it.next()
	  File "/usr/local/lib/python2.6/dist-packages/Scrapy-0.10.2-py2.6.egg/scrapy/contrib/spidermiddleware/offsite.py", line 24, in process_spider_output
	    for x in result:
	  File "/usr/local/lib/python2.6/dist-packages/Scrapy-0.10.2-py2.6.egg/scrapy/contrib/spidermiddleware/referer.py", line 14, in <genexpr>
	    return (_set_referer(r) for r in result or ())
	  File "/usr/local/lib/python2.6/dist-packages/Scrapy-0.10.2-py2.6.egg/scrapy/contrib/spidermiddleware/urllength.py", line 32, in <genexpr>
	    return (r for r in result or () if _filter(r))
	  File "/usr/local/lib/python2.6/dist-packages/Scrapy-0.10.2-py2.6.egg/scrapy/contrib/spidermiddleware/depth.py", line 48, in <genexpr>
	    return (r for r in result or () if _filter(r))
	  File "/home/anders/bots/libercopy/liberbot/spiders/series_danko.py", line 84, in parse_episode
	    img = trraw.select('.//img/@src')[0].extract().encode('utf-8')
	exceptions.IndexError: list index out of range
	
2010-10-16 14:54:28+0200 [series-danko] DEBUG: Crawled (200) <GET http://www.seriesdanko.com/2010/06/yo-y-el-mundo-1x11-capitulo-11.html> (referer: http://www.seriesdanko.com/2010/06/lista-de-capitulos-yo-y-el-mundo.html)
2010-10-16 14:54:28+0200 [series-danko] DEBUG: Scraped LiberBotItems(lang='Spanish', links='http://www.megavideo.com/?d=DFJU05LJ', temp='1', serie='Y', epi='11', type='VerOnline') in <http://www.seriesdanko.com/2010/06/yo-y-el-mundo-1x11-capitulo-11.html>
2010-10-16 14:54:28+0200 [series-danko] INFO: Passed LiberBotItems(lang='Spanish', links='http://www.megavideo.com/?d=DFJU05LJ', temp='1', serie='Y', epi='11', type='VerOnline')
2010-10-16 14:54:28+0200 [series-danko] ERROR: Spider error processing <http://www.seriesdanko.com/2010/06/yo-y-el-mundo-1x11-capitulo-11.html> (referer: <http://www.seriesdanko.com/2010/06/lista-de-capitulos-yo-y-el-mundo.html>)
	Traceback (most recent call last):
	  File "/usr/local/lib/python2.6/dist-packages/Twisted-10.1.0-py2.6-linux-x86_64.egg/twisted/internet/base.py", line 796, in runUntilCurrent
	    call.func(*call.args, **call.kw)
	  File "/usr/local/lib/python2.6/dist-packages/Twisted-10.1.0-py2.6-linux-x86_64.egg/twisted/internet/task.py", line 577, in _tick
	    taskObj._oneWorkUnit()
	  File "/usr/local/lib/python2.6/dist-packages/Twisted-10.1.0-py2.6-linux-x86_64.egg/twisted/internet/task.py", line 458, in _oneWorkUnit
	    result = self._iterator.next()
	  File "/usr/local/lib/python2.6/dist-packages/Scrapy-0.10.2-py2.6.egg/scrapy/utils/defer.py", line 57, in <genexpr>
	    work = (callable(elem, *args, **named) for elem in iterable)
	--- <exception caught here> ---
	  File "/usr/local/lib/python2.6/dist-packages/Scrapy-0.10.2-py2.6.egg/scrapy/utils/defer.py", line 96, in iter_errback
	    yield it.next()
	  File "/usr/local/lib/python2.6/dist-packages/Scrapy-0.10.2-py2.6.egg/scrapy/contrib/spidermiddleware/offsite.py", line 24, in process_spider_output
	    for x in result:
	  File "/usr/local/lib/python2.6/dist-packages/Scrapy-0.10.2-py2.6.egg/scrapy/contrib/spidermiddleware/referer.py", line 14, in <genexpr>
	    return (_set_referer(r) for r in result or ())
	  File "/usr/local/lib/python2.6/dist-packages/Scrapy-0.10.2-py2.6.egg/scrapy/contrib/spidermiddleware/urllength.py", line 32, in <genexpr>
	    return (r for r in result or () if _filter(r))
	  File "/usr/local/lib/python2.6/dist-packages/Scrapy-0.10.2-py2.6.egg/scrapy/contrib/spidermiddleware/depth.py", line 48, in <genexpr>
	    return (r for r in result or () if _filter(r))
	  File "/home/anders/bots/libercopy/liberbot/spiders/series_danko.py", line 84, in parse_episode
	    img = trraw.select('.//img/@src')[0].extract().encode('utf-8')
	exceptions.IndexError: list index out of range
	
2010-10-16 14:54:29+0200 [series-danko] DEBUG: Crawled (200) <GET http://www.seriesdanko.com/2010/06/yo-y-el-mundo-1x10-capitulo-10.html> (referer: http://www.seriesdanko.com/2010/06/lista-de-capitulos-yo-y-el-mundo.html)
2010-10-16 14:54:29+0200 [series-danko] DEBUG: Scraped LiberBotItems(lang='Spanish', links='http://www.megavideo.com/?d=RWEX1AQV', temp='1', serie='Y', epi='10', type='VerOnline') in <http://www.seriesdanko.com/2010/06/yo-y-el-mundo-1x10-capitulo-10.html>
2010-10-16 14:54:29+0200 [series-danko] INFO: Passed LiberBotItems(lang='Spanish', links='http://www.megavideo.com/?d=RWEX1AQV', temp='1', serie='Y', epi='10', type='VerOnline')
2010-10-16 14:54:29+0200 [series-danko] ERROR: Spider error processing <http://www.seriesdanko.com/2010/06/yo-y-el-mundo-1x10-capitulo-10.html> (referer: <http://www.seriesdanko.com/2010/06/lista-de-capitulos-yo-y-el-mundo.html>)
	Traceback (most recent call last):
	  File "/usr/local/lib/python2.6/dist-packages/Twisted-10.1.0-py2.6-linux-x86_64.egg/twisted/internet/base.py", line 796, in runUntilCurrent
	    call.func(*call.args, **call.kw)
	  File "/usr/local/lib/python2.6/dist-packages/Twisted-10.1.0-py2.6-linux-x86_64.egg/twisted/internet/task.py", line 577, in _tick
	    taskObj._oneWorkUnit()
	  File "/usr/local/lib/python2.6/dist-packages/Twisted-10.1.0-py2.6-linux-x86_64.egg/twisted/internet/task.py", line 458, in _oneWorkUnit
	    result = self._iterator.next()
	  File "/usr/local/lib/python2.6/dist-packages/Scrapy-0.10.2-py2.6.egg/scrapy/utils/defer.py", line 57, in <genexpr>
	    work = (callable(elem, *args, **named) for elem in iterable)
	--- <exception caught here> ---
	  File "/usr/local/lib/python2.6/dist-packages/Scrapy-0.10.2-py2.6.egg/scrapy/utils/defer.py", line 96, in iter_errback
	    yield it.next()
	  File "/usr/local/lib/python2.6/dist-packages/Scrapy-0.10.2-py2.6.egg/scrapy/contrib/spidermiddleware/offsite.py", line 24, in process_spider_output
	    for x in result:
	  File "/usr/local/lib/python2.6/dist-packages/Scrapy-0.10.2-py2.6.egg/scrapy/contrib/spidermiddleware/referer.py", line 14, in <genexpr>
	    return (_set_referer(r) for r in result or ())
	  File "/usr/local/lib/python2.6/dist-packages/Scrapy-0.10.2-py2.6.egg/scrapy/contrib/spidermiddleware/urllength.py", line 32, in <genexpr>
	    return (r for r in result or () if _filter(r))
	  File "/usr/local/lib/python2.6/dist-packages/Scrapy-0.10.2-py2.6.egg/scrapy/contrib/spidermiddleware/depth.py", line 48, in <genexpr>
	    return (r for r in result or () if _filter(r))
	  File "/home/anders/bots/libercopy/liberbot/spiders/series_danko.py", line 84, in parse_episode
	    img = trraw.select('.//img/@src')[0].extract().encode('utf-8')
	exceptions.IndexError: list index out of range
	
2010-10-16 14:54:30+0200 [series-danko] DEBUG: Crawled (200) <GET http://www.seriesdanko.com/2010/06/yo-y-el-mundo-1x09-capitulo-09.html> (referer: http://www.seriesdanko.com/2010/06/lista-de-capitulos-yo-y-el-mundo.html)
2010-10-16 14:54:30+0200 [series-danko] DEBUG: Scraped LiberBotItems(lang='Spanish', links='http://www.megavideo.com/?d=R0X1BKH0', temp='1', serie='Y', epi='09', type='VerOnline') in <http://www.seriesdanko.com/2010/06/yo-y-el-mundo-1x09-capitulo-09.html>
2010-10-16 14:54:30+0200 [series-danko] INFO: Passed LiberBotItems(lang='Spanish', links='http://www.megavideo.com/?d=R0X1BKH0', temp='1', serie='Y', epi='09', type='VerOnline')
2010-10-16 14:54:30+0200 [series-danko] ERROR: Spider error processing <http://www.seriesdanko.com/2010/06/yo-y-el-mundo-1x09-capitulo-09.html> (referer: <http://www.seriesdanko.com/2010/06/lista-de-capitulos-yo-y-el-mundo.html>)
	Traceback (most recent call last):
	  File "/usr/local/lib/python2.6/dist-packages/Twisted-10.1.0-py2.6-linux-x86_64.egg/twisted/internet/base.py", line 796, in runUntilCurrent
	    call.func(*call.args, **call.kw)
	  File "/usr/local/lib/python2.6/dist-packages/Twisted-10.1.0-py2.6-linux-x86_64.egg/twisted/internet/task.py", line 577, in _tick
	    taskObj._oneWorkUnit()
	  File "/usr/local/lib/python2.6/dist-packages/Twisted-10.1.0-py2.6-linux-x86_64.egg/twisted/internet/task.py", line 458, in _oneWorkUnit
	    result = self._iterator.next()
	  File "/usr/local/lib/python2.6/dist-packages/Scrapy-0.10.2-py2.6.egg/scrapy/utils/defer.py", line 57, in <genexpr>
	    work = (callable(elem, *args, **named) for elem in iterable)
	--- <exception caught here> ---
	  File "/usr/local/lib/python2.6/dist-packages/Scrapy-0.10.2-py2.6.egg/scrapy/utils/defer.py", line 96, in iter_errback
	    yield it.next()
	  File "/usr/local/lib/python2.6/dist-packages/Scrapy-0.10.2-py2.6.egg/scrapy/contrib/spidermiddleware/offsite.py", line 24, in process_spider_output
	    for x in result:
	  File "/usr/local/lib/python2.6/dist-packages/Scrapy-0.10.2-py2.6.egg/scrapy/contrib/spidermiddleware/referer.py", line 14, in <genexpr>
	    return (_set_referer(r) for r in result or ())
	  File "/usr/local/lib/python2.6/dist-packages/Scrapy-0.10.2-py2.6.egg/scrapy/contrib/spidermiddleware/urllength.py", line 32, in <genexpr>
	    return (r for r in result or () if _filter(r))
	  File "/usr/local/lib/python2.6/dist-packages/Scrapy-0.10.2-py2.6.egg/scrapy/contrib/spidermiddleware/depth.py", line 48, in <genexpr>
	    return (r for r in result or () if _filter(r))
	  File "/home/anders/bots/libercopy/liberbot/spiders/series_danko.py", line 84, in parse_episode
	    img = trraw.select('.//img/@src')[0].extract().encode('utf-8')
	exceptions.IndexError: list index out of range
	
2010-10-16 14:54:31+0200 [series-danko] DEBUG: Crawled (200) <GET http://www.seriesdanko.com/2010/06/yo-y-el-mundo-1x08-capitulo-08.html> (referer: http://www.seriesdanko.com/2010/06/lista-de-capitulos-yo-y-el-mundo.html)
2010-10-16 14:54:31+0200 [series-danko] DEBUG: Scraped LiberBotItems(lang='Spanish', links='http://www.megavideo.com/?d=QNFSP6AY', temp='1', serie='Y', epi='08', type='VerOnline') in <http://www.seriesdanko.com/2010/06/yo-y-el-mundo-1x08-capitulo-08.html>
2010-10-16 14:54:31+0200 [series-danko] INFO: Passed LiberBotItems(lang='Spanish', links='http://www.megavideo.com/?d=QNFSP6AY', temp='1', serie='Y', epi='08', type='VerOnline')
2010-10-16 14:54:31+0200 [series-danko] ERROR: Spider error processing <http://www.seriesdanko.com/2010/06/yo-y-el-mundo-1x08-capitulo-08.html> (referer: <http://www.seriesdanko.com/2010/06/lista-de-capitulos-yo-y-el-mundo.html>)
	Traceback (most recent call last):
	  File "/usr/local/lib/python2.6/dist-packages/Twisted-10.1.0-py2.6-linux-x86_64.egg/twisted/internet/base.py", line 796, in runUntilCurrent
	    call.func(*call.args, **call.kw)
	  File "/usr/local/lib/python2.6/dist-packages/Twisted-10.1.0-py2.6-linux-x86_64.egg/twisted/internet/task.py", line 577, in _tick
	    taskObj._oneWorkUnit()
	  File "/usr/local/lib/python2.6/dist-packages/Twisted-10.1.0-py2.6-linux-x86_64.egg/twisted/internet/task.py", line 458, in _oneWorkUnit
	    result = self._iterator.next()
	  File "/usr/local/lib/python2.6/dist-packages/Scrapy-0.10.2-py2.6.egg/scrapy/utils/defer.py", line 57, in <genexpr>
	    work = (callable(elem, *args, **named) for elem in iterable)
	--- <exception caught here> ---
	  File "/usr/local/lib/python2.6/dist-packages/Scrapy-0.10.2-py2.6.egg/scrapy/utils/defer.py", line 96, in iter_errback
	    yield it.next()
	  File "/usr/local/lib/python2.6/dist-packages/Scrapy-0.10.2-py2.6.egg/scrapy/contrib/spidermiddleware/offsite.py", line 24, in process_spider_output
	    for x in result:
	  File "/usr/local/lib/python2.6/dist-packages/Scrapy-0.10.2-py2.6.egg/scrapy/contrib/spidermiddleware/referer.py", line 14, in <genexpr>
	    return (_set_referer(r) for r in result or ())
	  File "/usr/local/lib/python2.6/dist-packages/Scrapy-0.10.2-py2.6.egg/scrapy/contrib/spidermiddleware/urllength.py", line 32, in <genexpr>
	    return (r for r in result or () if _filter(r))
	  File "/usr/local/lib/python2.6/dist-packages/Scrapy-0.10.2-py2.6.egg/scrapy/contrib/spidermiddleware/depth.py", line 48, in <genexpr>
	    return (r for r in result or () if _filter(r))
	  File "/home/anders/bots/libercopy/liberbot/spiders/series_danko.py", line 84, in parse_episode
	    img = trraw.select('.//img/@src')[0].extract().encode('utf-8')
	exceptions.IndexError: list index out of range
	
2010-10-16 14:54:32+0200 [series-danko] DEBUG: Crawled (200) <GET http://www.seriesdanko.com/2010/06/yo-y-el-mundo-1x07-capitulo-07.html> (referer: http://www.seriesdanko.com/2010/06/lista-de-capitulos-yo-y-el-mundo.html)
2010-10-16 14:54:32+0200 [series-danko] DEBUG: Scraped LiberBotItems(lang='Spanish', links='http://www.megavideo.com/?d=GNOW1HI0', temp='1', serie='Y', epi='07', type='VerOnline') in <http://www.seriesdanko.com/2010/06/yo-y-el-mundo-1x07-capitulo-07.html>
2010-10-16 14:54:32+0200 [series-danko] INFO: Passed LiberBotItems(lang='Spanish', links='http://www.megavideo.com/?d=GNOW1HI0', temp='1', serie='Y', epi='07', type='VerOnline')
2010-10-16 14:54:32+0200 [series-danko] ERROR: Spider error processing <http://www.seriesdanko.com/2010/06/yo-y-el-mundo-1x07-capitulo-07.html> (referer: <http://www.seriesdanko.com/2010/06/lista-de-capitulos-yo-y-el-mundo.html>)
	Traceback (most recent call last):
	  File "/usr/local/lib/python2.6/dist-packages/Twisted-10.1.0-py2.6-linux-x86_64.egg/twisted/internet/base.py", line 796, in runUntilCurrent
	    call.func(*call.args, **call.kw)
	  File "/usr/local/lib/python2.6/dist-packages/Twisted-10.1.0-py2.6-linux-x86_64.egg/twisted/internet/task.py", line 577, in _tick
	    taskObj._oneWorkUnit()
	  File "/usr/local/lib/python2.6/dist-packages/Twisted-10.1.0-py2.6-linux-x86_64.egg/twisted/internet/task.py", line 458, in _oneWorkUnit
	    result = self._iterator.next()
	  File "/usr/local/lib/python2.6/dist-packages/Scrapy-0.10.2-py2.6.egg/scrapy/utils/defer.py", line 57, in <genexpr>
	    work = (callable(elem, *args, **named) for elem in iterable)
	--- <exception caught here> ---
	  File "/usr/local/lib/python2.6/dist-packages/Scrapy-0.10.2-py2.6.egg/scrapy/utils/defer.py", line 96, in iter_errback
	    yield it.next()
	  File "/usr/local/lib/python2.6/dist-packages/Scrapy-0.10.2-py2.6.egg/scrapy/contrib/spidermiddleware/offsite.py", line 24, in process_spider_output
	    for x in result:
	  File "/usr/local/lib/python2.6/dist-packages/Scrapy-0.10.2-py2.6.egg/scrapy/contrib/spidermiddleware/referer.py", line 14, in <genexpr>
	    return (_set_referer(r) for r in result or ())
	  File "/usr/local/lib/python2.6/dist-packages/Scrapy-0.10.2-py2.6.egg/scrapy/contrib/spidermiddleware/urllength.py", line 32, in <genexpr>
	    return (r for r in result or () if _filter(r))
	  File "/usr/local/lib/python2.6/dist-packages/Scrapy-0.10.2-py2.6.egg/scrapy/contrib/spidermiddleware/depth.py", line 48, in <genexpr>
	    return (r for r in result or () if _filter(r))
	  File "/home/anders/bots/libercopy/liberbot/spiders/series_danko.py", line 84, in parse_episode
	    img = trraw.select('.//img/@src')[0].extract().encode('utf-8')
	exceptions.IndexError: list index out of range
	
2010-10-16 14:54:33+0200 [series-danko] DEBUG: Crawled (200) <GET http://www.seriesdanko.com/2010/06/yo-y-el-mundo-1x06-capitulo-06.html> (referer: http://www.seriesdanko.com/2010/06/lista-de-capitulos-yo-y-el-mundo.html)
2010-10-16 14:54:33+0200 [series-danko] DEBUG: Scraped LiberBotItems(lang='Spanish', links='http://www.megavideo.com/?d=UKG80RPU', temp='1', serie='Y', epi='06', type='VerOnline') in <http://www.seriesdanko.com/2010/06/yo-y-el-mundo-1x06-capitulo-06.html>
2010-10-16 14:54:33+0200 [series-danko] INFO: Passed LiberBotItems(lang='Spanish', links='http://www.megavideo.com/?d=UKG80RPU', temp='1', serie='Y', epi='06', type='VerOnline')
2010-10-16 14:54:33+0200 [series-danko] ERROR: Spider error processing <http://www.seriesdanko.com/2010/06/yo-y-el-mundo-1x06-capitulo-06.html> (referer: <http://www.seriesdanko.com/2010/06/lista-de-capitulos-yo-y-el-mundo.html>)
	Traceback (most recent call last):
	  File "/usr/local/lib/python2.6/dist-packages/Twisted-10.1.0-py2.6-linux-x86_64.egg/twisted/internet/base.py", line 796, in runUntilCurrent
	    call.func(*call.args, **call.kw)
	  File "/usr/local/lib/python2.6/dist-packages/Twisted-10.1.0-py2.6-linux-x86_64.egg/twisted/internet/task.py", line 577, in _tick
	    taskObj._oneWorkUnit()
	  File "/usr/local/lib/python2.6/dist-packages/Twisted-10.1.0-py2.6-linux-x86_64.egg/twisted/internet/task.py", line 458, in _oneWorkUnit
	    result = self._iterator.next()
	  File "/usr/local/lib/python2.6/dist-packages/Scrapy-0.10.2-py2.6.egg/scrapy/utils/defer.py", line 57, in <genexpr>
	    work = (callable(elem, *args, **named) for elem in iterable)
	--- <exception caught here> ---
	  File "/usr/local/lib/python2.6/dist-packages/Scrapy-0.10.2-py2.6.egg/scrapy/utils/defer.py", line 96, in iter_errback
	    yield it.next()
	  File "/usr/local/lib/python2.6/dist-packages/Scrapy-0.10.2-py2.6.egg/scrapy/contrib/spidermiddleware/offsite.py", line 24, in process_spider_output
	    for x in result:
	  File "/usr/local/lib/python2.6/dist-packages/Scrapy-0.10.2-py2.6.egg/scrapy/contrib/spidermiddleware/referer.py", line 14, in <genexpr>
	    return (_set_referer(r) for r in result or ())
	  File "/usr/local/lib/python2.6/dist-packages/Scrapy-0.10.2-py2.6.egg/scrapy/contrib/spidermiddleware/urllength.py", line 32, in <genexpr>
	    return (r for r in result or () if _filter(r))
	  File "/usr/local/lib/python2.6/dist-packages/Scrapy-0.10.2-py2.6.egg/scrapy/contrib/spidermiddleware/depth.py", line 48, in <genexpr>
	    return (r for r in result or () if _filter(r))
	  File "/home/anders/bots/libercopy/liberbot/spiders/series_danko.py", line 84, in parse_episode
	    img = trraw.select('.//img/@src')[0].extract().encode('utf-8')
	exceptions.IndexError: list index out of range
	
2010-10-16 14:54:34+0200 [series-danko] DEBUG: Crawled (200) <GET http://www.seriesdanko.com/2010/06/yo-y-el-mundo-1x05-capitulo-05.html> (referer: http://www.seriesdanko.com/2010/06/lista-de-capitulos-yo-y-el-mundo.html)
2010-10-16 14:54:34+0200 [series-danko] DEBUG: Scraped LiberBotItems(lang='Spanish', links='http://www.megavideo.com/?d=U6MMBYXX', temp='1', serie='Y', epi='05', type='VerOnline') in <http://www.seriesdanko.com/2010/06/yo-y-el-mundo-1x05-capitulo-05.html>
2010-10-16 14:54:34+0200 [series-danko] INFO: Passed LiberBotItems(lang='Spanish', links='http://www.megavideo.com/?d=U6MMBYXX', temp='1', serie='Y', epi='05', type='VerOnline')
2010-10-16 14:54:34+0200 [series-danko] ERROR: Spider error processing <http://www.seriesdanko.com/2010/06/yo-y-el-mundo-1x05-capitulo-05.html> (referer: <http://www.seriesdanko.com/2010/06/lista-de-capitulos-yo-y-el-mundo.html>)
	Traceback (most recent call last):
	  File "/usr/local/lib/python2.6/dist-packages/Twisted-10.1.0-py2.6-linux-x86_64.egg/twisted/internet/base.py", line 796, in runUntilCurrent
	    call.func(*call.args, **call.kw)
	  File "/usr/local/lib/python2.6/dist-packages/Twisted-10.1.0-py2.6-linux-x86_64.egg/twisted/internet/task.py", line 577, in _tick
	    taskObj._oneWorkUnit()
	  File "/usr/local/lib/python2.6/dist-packages/Twisted-10.1.0-py2.6-linux-x86_64.egg/twisted/internet/task.py", line 458, in _oneWorkUnit
	    result = self._iterator.next()
	  File "/usr/local/lib/python2.6/dist-packages/Scrapy-0.10.2-py2.6.egg/scrapy/utils/defer.py", line 57, in <genexpr>
	    work = (callable(elem, *args, **named) for elem in iterable)
	--- <exception caught here> ---
	  File "/usr/local/lib/python2.6/dist-packages/Scrapy-0.10.2-py2.6.egg/scrapy/utils/defer.py", line 96, in iter_errback
	    yield it.next()
	  File "/usr/local/lib/python2.6/dist-packages/Scrapy-0.10.2-py2.6.egg/scrapy/contrib/spidermiddleware/offsite.py", line 24, in process_spider_output
	    for x in result:
	  File "/usr/local/lib/python2.6/dist-packages/Scrapy-0.10.2-py2.6.egg/scrapy/contrib/spidermiddleware/referer.py", line 14, in <genexpr>
	    return (_set_referer(r) for r in result or ())
	  File "/usr/local/lib/python2.6/dist-packages/Scrapy-0.10.2-py2.6.egg/scrapy/contrib/spidermiddleware/urllength.py", line 32, in <genexpr>
	    return (r for r in result or () if _filter(r))
	  File "/usr/local/lib/python2.6/dist-packages/Scrapy-0.10.2-py2.6.egg/scrapy/contrib/spidermiddleware/depth.py", line 48, in <genexpr>
	    return (r for r in result or () if _filter(r))
	  File "/home/anders/bots/libercopy/liberbot/spiders/series_danko.py", line 84, in parse_episode
	    img = trraw.select('.//img/@src')[0].extract().encode('utf-8')
	exceptions.IndexError: list index out of range
	
2010-10-16 14:54:35+0200 [series-danko] DEBUG: Crawled (200) <GET http://www.seriesdanko.com/2010/06/yo-y-el-mundo-1x04-capitulo-04.html> (referer: http://www.seriesdanko.com/2010/06/lista-de-capitulos-yo-y-el-mundo.html)
2010-10-16 14:54:35+0200 [series-danko] DEBUG: Scraped LiberBotItems(lang='Spanish', links='http://www.megavideo.com/?d=X6I1621F', temp='1', serie='Y', epi='04', type='VerOnline') in <http://www.seriesdanko.com/2010/06/yo-y-el-mundo-1x04-capitulo-04.html>
2010-10-16 14:54:35+0200 [series-danko] INFO: Passed LiberBotItems(lang='Spanish', links='http://www.megavideo.com/?d=X6I1621F', temp='1', serie='Y', epi='04', type='VerOnline')
2010-10-16 14:54:35+0200 [series-danko] ERROR: Spider error processing <http://www.seriesdanko.com/2010/06/yo-y-el-mundo-1x04-capitulo-04.html> (referer: <http://www.seriesdanko.com/2010/06/lista-de-capitulos-yo-y-el-mundo.html>)
	Traceback (most recent call last):
	  File "/usr/local/lib/python2.6/dist-packages/Twisted-10.1.0-py2.6-linux-x86_64.egg/twisted/internet/base.py", line 796, in runUntilCurrent
	    call.func(*call.args, **call.kw)
	  File "/usr/local/lib/python2.6/dist-packages/Twisted-10.1.0-py2.6-linux-x86_64.egg/twisted/internet/task.py", line 577, in _tick
	    taskObj._oneWorkUnit()
	  File "/usr/local/lib/python2.6/dist-packages/Twisted-10.1.0-py2.6-linux-x86_64.egg/twisted/internet/task.py", line 458, in _oneWorkUnit
	    result = self._iterator.next()
	  File "/usr/local/lib/python2.6/dist-packages/Scrapy-0.10.2-py2.6.egg/scrapy/utils/defer.py", line 57, in <genexpr>
	    work = (callable(elem, *args, **named) for elem in iterable)
	--- <exception caught here> ---
	  File "/usr/local/lib/python2.6/dist-packages/Scrapy-0.10.2-py2.6.egg/scrapy/utils/defer.py", line 96, in iter_errback
	    yield it.next()
	  File "/usr/local/lib/python2.6/dist-packages/Scrapy-0.10.2-py2.6.egg/scrapy/contrib/spidermiddleware/offsite.py", line 24, in process_spider_output
	    for x in result:
	  File "/usr/local/lib/python2.6/dist-packages/Scrapy-0.10.2-py2.6.egg/scrapy/contrib/spidermiddleware/referer.py", line 14, in <genexpr>
	    return (_set_referer(r) for r in result or ())
	  File "/usr/local/lib/python2.6/dist-packages/Scrapy-0.10.2-py2.6.egg/scrapy/contrib/spidermiddleware/urllength.py", line 32, in <genexpr>
	    return (r for r in result or () if _filter(r))
	  File "/usr/local/lib/python2.6/dist-packages/Scrapy-0.10.2-py2.6.egg/scrapy/contrib/spidermiddleware/depth.py", line 48, in <genexpr>
	    return (r for r in result or () if _filter(r))
	  File "/home/anders/bots/libercopy/liberbot/spiders/series_danko.py", line 84, in parse_episode
	    img = trraw.select('.//img/@src')[0].extract().encode('utf-8')
	exceptions.IndexError: list index out of range
	
2010-10-16 14:54:36+0200 [series-danko] DEBUG: Crawled (200) <GET http://www.seriesdanko.com/2010/06/yo-y-el-mundo-1x03-capitulo-03.html> (referer: http://www.seriesdanko.com/2010/06/lista-de-capitulos-yo-y-el-mundo.html)
2010-10-16 14:54:36+0200 [series-danko] DEBUG: Scraped LiberBotItems(lang='Spanish', links='http://www.megavideo.com/?d=R4OLY2UW', temp='1', serie='Y', epi='03', type='VerOnline') in <http://www.seriesdanko.com/2010/06/yo-y-el-mundo-1x03-capitulo-03.html>
2010-10-16 14:54:36+0200 [series-danko] INFO: Passed LiberBotItems(lang='Spanish', links='http://www.megavideo.com/?d=R4OLY2UW', temp='1', serie='Y', epi='03', type='VerOnline')
2010-10-16 14:54:36+0200 [series-danko] ERROR: Spider error processing <http://www.seriesdanko.com/2010/06/yo-y-el-mundo-1x03-capitulo-03.html> (referer: <http://www.seriesdanko.com/2010/06/lista-de-capitulos-yo-y-el-mundo.html>)
	Traceback (most recent call last):
	  File "/usr/local/lib/python2.6/dist-packages/Twisted-10.1.0-py2.6-linux-x86_64.egg/twisted/internet/base.py", line 796, in runUntilCurrent
	    call.func(*call.args, **call.kw)
	  File "/usr/local/lib/python2.6/dist-packages/Twisted-10.1.0-py2.6-linux-x86_64.egg/twisted/internet/task.py", line 577, in _tick
	    taskObj._oneWorkUnit()
	  File "/usr/local/lib/python2.6/dist-packages/Twisted-10.1.0-py2.6-linux-x86_64.egg/twisted/internet/task.py", line 458, in _oneWorkUnit
	    result = self._iterator.next()
	  File "/usr/local/lib/python2.6/dist-packages/Scrapy-0.10.2-py2.6.egg/scrapy/utils/defer.py", line 57, in <genexpr>
	    work = (callable(elem, *args, **named) for elem in iterable)
	--- <exception caught here> ---
	  File "/usr/local/lib/python2.6/dist-packages/Scrapy-0.10.2-py2.6.egg/scrapy/utils/defer.py", line 96, in iter_errback
	    yield it.next()
	  File "/usr/local/lib/python2.6/dist-packages/Scrapy-0.10.2-py2.6.egg/scrapy/contrib/spidermiddleware/offsite.py", line 24, in process_spider_output
	    for x in result:
	  File "/usr/local/lib/python2.6/dist-packages/Scrapy-0.10.2-py2.6.egg/scrapy/contrib/spidermiddleware/referer.py", line 14, in <genexpr>
	    return (_set_referer(r) for r in result or ())
	  File "/usr/local/lib/python2.6/dist-packages/Scrapy-0.10.2-py2.6.egg/scrapy/contrib/spidermiddleware/urllength.py", line 32, in <genexpr>
	    return (r for r in result or () if _filter(r))
	  File "/usr/local/lib/python2.6/dist-packages/Scrapy-0.10.2-py2.6.egg/scrapy/contrib/spidermiddleware/depth.py", line 48, in <genexpr>
	    return (r for r in result or () if _filter(r))
	  File "/home/anders/bots/libercopy/liberbot/spiders/series_danko.py", line 84, in parse_episode
	    img = trraw.select('.//img/@src')[0].extract().encode('utf-8')
	exceptions.IndexError: list index out of range
	
2010-10-16 14:54:36+0200 [series-danko] DEBUG: Crawled (200) <GET http://www.seriesdanko.com/2010/06/yo-y-el-mundo-1x02-capitulo-02.html> (referer: http://www.seriesdanko.com/2010/06/lista-de-capitulos-yo-y-el-mundo.html)
2010-10-16 14:54:37+0200 [series-danko] DEBUG: Scraped LiberBotItems(lang='Spanish', links='http://www.megavideo.com/?d=28Z36XZA', temp='1', serie='Y', epi='02', type='VerOnline') in <http://www.seriesdanko.com/2010/06/yo-y-el-mundo-1x02-capitulo-02.html>
2010-10-16 14:54:37+0200 [series-danko] INFO: Passed LiberBotItems(lang='Spanish', links='http://www.megavideo.com/?d=28Z36XZA', temp='1', serie='Y', epi='02', type='VerOnline')
2010-10-16 14:54:37+0200 [series-danko] ERROR: Spider error processing <http://www.seriesdanko.com/2010/06/yo-y-el-mundo-1x02-capitulo-02.html> (referer: <http://www.seriesdanko.com/2010/06/lista-de-capitulos-yo-y-el-mundo.html>)
	Traceback (most recent call last):
	  File "/usr/local/lib/python2.6/dist-packages/Twisted-10.1.0-py2.6-linux-x86_64.egg/twisted/internet/base.py", line 796, in runUntilCurrent
	    call.func(*call.args, **call.kw)
	  File "/usr/local/lib/python2.6/dist-packages/Twisted-10.1.0-py2.6-linux-x86_64.egg/twisted/internet/task.py", line 577, in _tick
	    taskObj._oneWorkUnit()
	  File "/usr/local/lib/python2.6/dist-packages/Twisted-10.1.0-py2.6-linux-x86_64.egg/twisted/internet/task.py", line 458, in _oneWorkUnit
	    result = self._iterator.next()
	  File "/usr/local/lib/python2.6/dist-packages/Scrapy-0.10.2-py2.6.egg/scrapy/utils/defer.py", line 57, in <genexpr>
	    work = (callable(elem, *args, **named) for elem in iterable)
	--- <exception caught here> ---
	  File "/usr/local/lib/python2.6/dist-packages/Scrapy-0.10.2-py2.6.egg/scrapy/utils/defer.py", line 96, in iter_errback
	    yield it.next()
	  File "/usr/local/lib/python2.6/dist-packages/Scrapy-0.10.2-py2.6.egg/scrapy/contrib/spidermiddleware/offsite.py", line 24, in process_spider_output
	    for x in result:
	  File "/usr/local/lib/python2.6/dist-packages/Scrapy-0.10.2-py2.6.egg/scrapy/contrib/spidermiddleware/referer.py", line 14, in <genexpr>
	    return (_set_referer(r) for r in result or ())
	  File "/usr/local/lib/python2.6/dist-packages/Scrapy-0.10.2-py2.6.egg/scrapy/contrib/spidermiddleware/urllength.py", line 32, in <genexpr>
	    return (r for r in result or () if _filter(r))
	  File "/usr/local/lib/python2.6/dist-packages/Scrapy-0.10.2-py2.6.egg/scrapy/contrib/spidermiddleware/depth.py", line 48, in <genexpr>
	    return (r for r in result or () if _filter(r))
	  File "/home/anders/bots/libercopy/liberbot/spiders/series_danko.py", line 84, in parse_episode
	    img = trraw.select('.//img/@src')[0].extract().encode('utf-8')
	exceptions.IndexError: list index out of range
	
2010-10-16 14:54:37+0200 [series-danko] DEBUG: Crawled (200) <GET http://www.seriesdanko.com/2010/06/yo-y-el-mundo-1x01-capitulo-01.html> (referer: http://www.seriesdanko.com/2010/06/lista-de-capitulos-yo-y-el-mundo.html)
2010-10-16 14:54:37+0200 [series-danko] DEBUG: Scraped LiberBotItems(lang='Spanish', links='http://www.megavideo.com/?d=UKGYGJHZ', temp='1', serie='Y', epi='01', type='VerOnline') in <http://www.seriesdanko.com/2010/06/yo-y-el-mundo-1x01-capitulo-01.html>
2010-10-16 14:54:37+0200 [series-danko] INFO: Passed LiberBotItems(lang='Spanish', links='http://www.megavideo.com/?d=UKGYGJHZ', temp='1', serie='Y', epi='01', type='VerOnline')
2010-10-16 14:54:37+0200 [series-danko] ERROR: Spider error processing <http://www.seriesdanko.com/2010/06/yo-y-el-mundo-1x01-capitulo-01.html> (referer: <http://www.seriesdanko.com/2010/06/lista-de-capitulos-yo-y-el-mundo.html>)
	Traceback (most recent call last):
	  File "/usr/local/lib/python2.6/dist-packages/Twisted-10.1.0-py2.6-linux-x86_64.egg/twisted/internet/base.py", line 796, in runUntilCurrent
	    call.func(*call.args, **call.kw)
	  File "/usr/local/lib/python2.6/dist-packages/Twisted-10.1.0-py2.6-linux-x86_64.egg/twisted/internet/task.py", line 577, in _tick
	    taskObj._oneWorkUnit()
	  File "/usr/local/lib/python2.6/dist-packages/Twisted-10.1.0-py2.6-linux-x86_64.egg/twisted/internet/task.py", line 458, in _oneWorkUnit
	    result = self._iterator.next()
	  File "/usr/local/lib/python2.6/dist-packages/Scrapy-0.10.2-py2.6.egg/scrapy/utils/defer.py", line 57, in <genexpr>
	    work = (callable(elem, *args, **named) for elem in iterable)
	--- <exception caught here> ---
	  File "/usr/local/lib/python2.6/dist-packages/Scrapy-0.10.2-py2.6.egg/scrapy/utils/defer.py", line 96, in iter_errback
	    yield it.next()
	  File "/usr/local/lib/python2.6/dist-packages/Scrapy-0.10.2-py2.6.egg/scrapy/contrib/spidermiddleware/offsite.py", line 24, in process_spider_output
	    for x in result:
	  File "/usr/local/lib/python2.6/dist-packages/Scrapy-0.10.2-py2.6.egg/scrapy/contrib/spidermiddleware/referer.py", line 14, in <genexpr>
	    return (_set_referer(r) for r in result or ())
	  File "/usr/local/lib/python2.6/dist-packages/Scrapy-0.10.2-py2.6.egg/scrapy/contrib/spidermiddleware/urllength.py", line 32, in <genexpr>
	    return (r for r in result or () if _filter(r))
	  File "/usr/local/lib/python2.6/dist-packages/Scrapy-0.10.2-py2.6.egg/scrapy/contrib/spidermiddleware/depth.py", line 48, in <genexpr>
	    return (r for r in result or () if _filter(r))
	  File "/home/anders/bots/libercopy/liberbot/spiders/series_danko.py", line 84, in parse_episode
	    img = trraw.select('.//img/@src')[0].extract().encode('utf-8')
	exceptions.IndexError: list index out of range
	
2010-10-16 14:54:38+0200 [series-danko] DEBUG: Crawled (200) <GET http://www.seriesdanko.com/2010/07/yo-soy-betty-1x03-capitulo-03.html> (referer: http://www.seriesdanko.com/2010/06/lista-de-capitulos-yo-soy-betty-la-fea.html)
2010-10-16 14:54:38+0200 [series-danko] DEBUG: Scraped LiberBotItems(lang='Latin', links='http://www.megavideo.com/?d=TNVU604H', temp='1', serie='Y', epi='03', type='VerOnline') in <http://www.seriesdanko.com/2010/07/yo-soy-betty-1x03-capitulo-03.html>
2010-10-16 14:54:38+0200 [series-danko] INFO: Passed LiberBotItems(lang='Latin', links='http://www.megavideo.com/?d=TNVU604H', temp='1', serie='Y', epi='03', type='VerOnline')
2010-10-16 14:54:38+0200 [series-danko] DEBUG: Scraped LiberBotItems(lang='Latin', links='http://www.megaupload.com/?d=TNVU604H', temp='1', serie='Y', epi='03', type='Descargar') in <http://www.seriesdanko.com/2010/07/yo-soy-betty-1x03-capitulo-03.html>
2010-10-16 14:54:38+0200 [series-danko] INFO: Passed LiberBotItems(lang='Latin', links='http://www.megaupload.com/?d=TNVU604H', temp='1', serie='Y', epi='03', type='Descargar')
2010-10-16 14:54:39+0200 [series-danko] DEBUG: Crawled (200) <GET http://www.seriesdanko.com/2010/07/yo-soy-betty-1x02-capitulo-02.html> (referer: http://www.seriesdanko.com/2010/06/lista-de-capitulos-yo-soy-betty-la-fea.html)
2010-10-16 14:54:39+0200 [series-danko] DEBUG: Scraped LiberBotItems(lang='Latin', links='http://www.megavideo.com/?d=5Z4Y5TFG', temp='1', serie='Y', epi='02', type='VerOnline') in <http://www.seriesdanko.com/2010/07/yo-soy-betty-1x02-capitulo-02.html>
2010-10-16 14:54:39+0200 [series-danko] INFO: Passed LiberBotItems(lang='Latin', links='http://www.megavideo.com/?d=5Z4Y5TFG', temp='1', serie='Y', epi='02', type='VerOnline')
2010-10-16 14:54:39+0200 [series-danko] DEBUG: Scraped LiberBotItems(lang='Latin', links='http://www.megaupload.com/?d=5Z4Y5TFG', temp='1', serie='Y', epi='02', type='Descargar') in <http://www.seriesdanko.com/2010/07/yo-soy-betty-1x02-capitulo-02.html>
2010-10-16 14:54:39+0200 [series-danko] INFO: Passed LiberBotItems(lang='Latin', links='http://www.megaupload.com/?d=5Z4Y5TFG', temp='1', serie='Y', epi='02', type='Descargar')
2010-10-16 14:54:39+0200 [series-danko] INFO: Closing spider (finished)
2010-10-16 14:54:39+0200 [series-danko] INFO: Stored json feed (26 items, 3391 bytes) in: sites/series-danko/dump/Y.json
2010-10-16 14:54:39+0200 [series-danko] INFO: Spider closed (finished)
