2010-10-16 14:54:40+0200 [scrapy] INFO: Scrapy 0.10.2 started (bot: liberbot)
2010-10-16 14:54:40+0200 [scrapy] DEBUG: Enabled extensions: FeedExporter, TelnetConsole, SpiderContext, WebService, CoreStats, MemoryUsage, CloseSpider
2010-10-16 14:54:40+0200 [scrapy] DEBUG: Enabled scheduler middlewares: DuplicatesFilterMiddleware
2010-10-16 14:54:40+0200 [scrapy] DEBUG: Enabled downloader middlewares: HttpAuthMiddleware, DownloadTimeoutMiddleware, UserAgentMiddleware, RetryMiddleware, DefaultHeadersMiddleware, RedirectMiddleware, CookiesMiddleware, HttpCompressionMiddleware, DownloaderStats, HttpCacheMiddleware
2010-10-16 14:54:40+0200 [scrapy] DEBUG: Enabled spider middlewares: HttpErrorMiddleware, OffsiteMiddleware, RefererMiddleware, UrlLengthMiddleware, DepthMiddleware
2010-10-16 14:54:40+0200 [scrapy] DEBUG: Enabled item pipelines: 
2010-10-16 14:54:40+0200 [scrapy] DEBUG: Telnet console listening on port 6024
2010-10-16 14:54:40+0200 [scrapy] DEBUG: Web service listening on port 6081
2010-10-16 14:54:40+0200 [series-danko] INFO: Spider opened
2010-10-16 14:54:41+0200 [series-danko] DEBUG: Crawled (200) <GET http://www.seriesdanko.com/2010/06/lista-de-capitulos-zeke-y-luther.html> (referer: None)
2010-10-16 14:54:42+0200 [series-danko] DEBUG: Crawled (200) <GET http://www.seriesdanko.com/2010/06/lista-de-capitulos-zoey-101.html> (referer: None)
2010-10-16 14:54:43+0200 [series-danko] DEBUG: Crawled (200) <GET http://www.seriesdanko.com/2010/06/zeke-y-luther-1x01-capitulo-01.html> (referer: http://www.seriesdanko.com/2010/06/lista-de-capitulos-zeke-y-luther.html)
2010-10-16 14:54:43+0200 [series-danko] DEBUG: Scraped LiberBotItems(lang='Spanish', links='http://www.megavideo.com/?d=VA7SE7YE', temp='1', serie='Z', epi='01', type='VerOnline') in <http://www.seriesdanko.com/2010/06/zeke-y-luther-1x01-capitulo-01.html>
2010-10-16 14:54:43+0200 [series-danko] INFO: Passed LiberBotItems(lang='Spanish', links='http://www.megavideo.com/?d=VA7SE7YE', temp='1', serie='Z', epi='01', type='VerOnline')
2010-10-16 14:54:43+0200 [series-danko] DEBUG: Scraped LiberBotItems(lang='Spanish', links='http://www.megavideo.com/?d=VA7SE7YE', temp='1', serie='Z', epi='01', type='VerOnline') in <http://www.seriesdanko.com/2010/06/zeke-y-luther-1x01-capitulo-01.html>
2010-10-16 14:54:43+0200 [series-danko] INFO: Passed LiberBotItems(lang='Spanish', links='http://www.megavideo.com/?d=VA7SE7YE', temp='1', serie='Z', epi='01', type='VerOnline')
2010-10-16 14:54:43+0200 [series-danko] DEBUG: Scraped LiberBotItems(lang='Spanish', links='http://www.megaupload.com/?d=VA7SE7YE', temp='1', serie='Z', epi='01', type='Descargar') in <http://www.seriesdanko.com/2010/06/zeke-y-luther-1x01-capitulo-01.html>
2010-10-16 14:54:43+0200 [series-danko] INFO: Passed LiberBotItems(lang='Spanish', links='http://www.megaupload.com/?d=VA7SE7YE', temp='1', serie='Z', epi='01', type='Descargar')
2010-10-16 14:54:43+0200 [series-danko] DEBUG: Scraped LiberBotItems(lang='Spanish', links='http://www.megaupload.com/?d=VA7SE7YE', temp='1', serie='Z', epi='01', type='Descargar') in <http://www.seriesdanko.com/2010/06/zeke-y-luther-1x01-capitulo-01.html>
2010-10-16 14:54:43+0200 [series-danko] INFO: Passed LiberBotItems(lang='Spanish', links='http://www.megaupload.com/?d=VA7SE7YE', temp='1', serie='Z', epi='01', type='Descargar')
2010-10-16 14:54:44+0200 [series-danko] DEBUG: Crawled (200) <GET http://www.seriesdanko.com/2010/06/zeke-y-luther-1x09-capitulo-09.html> (referer: http://www.seriesdanko.com/2010/06/lista-de-capitulos-zeke-y-luther.html)
2010-10-16 14:54:44+0200 [series-danko] DEBUG: Scraped LiberBotItems(lang='Spanish', links='http://www.megavideo.com/?v=OSB6DSOD', temp='1', serie='Z', epi='09', type='VerOnline') in <http://www.seriesdanko.com/2010/06/zeke-y-luther-1x09-capitulo-09.html>
2010-10-16 14:54:44+0200 [series-danko] INFO: Passed LiberBotItems(lang='Spanish', links='http://www.megavideo.com/?v=OSB6DSOD', temp='1', serie='Z', epi='09', type='VerOnline')
2010-10-16 14:54:44+0200 [series-danko] DEBUG: Scraped LiberBotItems(lang='Spanish', links='http://www.megavideo.com/?v=OSB6DSOD', temp='1', serie='Z', epi='09', type='VerOnline') in <http://www.seriesdanko.com/2010/06/zeke-y-luther-1x09-capitulo-09.html>
2010-10-16 14:54:44+0200 [series-danko] INFO: Passed LiberBotItems(lang='Spanish', links='http://www.megavideo.com/?v=OSB6DSOD', temp='1', serie='Z', epi='09', type='VerOnline')
2010-10-16 14:54:44+0200 [series-danko] DEBUG: Scraped LiberBotItems(lang='Spanish', links='http://www.megaupload.com/?d=QEQ9QQHU', temp='1', serie='Z', epi='09', type='Descargar') in <http://www.seriesdanko.com/2010/06/zeke-y-luther-1x09-capitulo-09.html>
2010-10-16 14:54:44+0200 [series-danko] INFO: Passed LiberBotItems(lang='Spanish', links='http://www.megaupload.com/?d=QEQ9QQHU', temp='1', serie='Z', epi='09', type='Descargar')
2010-10-16 14:54:44+0200 [series-danko] DEBUG: Scraped LiberBotItems(lang='Spanish', links='http://www.megaupload.com/?d=QEQ9QQHU', temp='1', serie='Z', epi='09', type='Descargar') in <http://www.seriesdanko.com/2010/06/zeke-y-luther-1x09-capitulo-09.html>
2010-10-16 14:54:44+0200 [series-danko] INFO: Passed LiberBotItems(lang='Spanish', links='http://www.megaupload.com/?d=QEQ9QQHU', temp='1', serie='Z', epi='09', type='Descargar')
2010-10-16 14:54:44+0200 [series-danko] DEBUG: Crawled (200) <GET http://www.seriesdanko.com/2010/06/zeke-y-luther-1x08-capitulo-08.html> (referer: http://www.seriesdanko.com/2010/06/lista-de-capitulos-zeke-y-luther.html)
2010-10-16 14:54:44+0200 [series-danko] DEBUG: Scraped LiberBotItems(lang='Spanish', links='http://www.megavideo.com/?d=0WT4KOZN', temp='1', serie='Z', epi='08', type='VerOnline') in <http://www.seriesdanko.com/2010/06/zeke-y-luther-1x08-capitulo-08.html>
2010-10-16 14:54:44+0200 [series-danko] INFO: Passed LiberBotItems(lang='Spanish', links='http://www.megavideo.com/?d=0WT4KOZN', temp='1', serie='Z', epi='08', type='VerOnline')
2010-10-16 14:54:44+0200 [series-danko] DEBUG: Scraped LiberBotItems(lang='Spanish', links='http://www.megavideo.com/?d=0WT4KOZN', temp='1', serie='Z', epi='08', type='VerOnline') in <http://www.seriesdanko.com/2010/06/zeke-y-luther-1x08-capitulo-08.html>
2010-10-16 14:54:44+0200 [series-danko] INFO: Passed LiberBotItems(lang='Spanish', links='http://www.megavideo.com/?d=0WT4KOZN', temp='1', serie='Z', epi='08', type='VerOnline')
2010-10-16 14:54:44+0200 [series-danko] DEBUG: Scraped LiberBotItems(lang='Spanish', links='http://www.megaupload.com/?d=0WT4KOZN', temp='1', serie='Z', epi='08', type='Descargar') in <http://www.seriesdanko.com/2010/06/zeke-y-luther-1x08-capitulo-08.html>
2010-10-16 14:54:44+0200 [series-danko] INFO: Passed LiberBotItems(lang='Spanish', links='http://www.megaupload.com/?d=0WT4KOZN', temp='1', serie='Z', epi='08', type='Descargar')
2010-10-16 14:54:44+0200 [series-danko] DEBUG: Scraped LiberBotItems(lang='Spanish', links='http://www.megaupload.com/?d=0WT4KOZN', temp='1', serie='Z', epi='08', type='Descargar') in <http://www.seriesdanko.com/2010/06/zeke-y-luther-1x08-capitulo-08.html>
2010-10-16 14:54:44+0200 [series-danko] INFO: Passed LiberBotItems(lang='Spanish', links='http://www.megaupload.com/?d=0WT4KOZN', temp='1', serie='Z', epi='08', type='Descargar')
2010-10-16 14:54:45+0200 [series-danko] DEBUG: Crawled (200) <GET http://www.seriesdanko.com/2010/06/zoey-101-4x11-capitulo-11.html> (referer: http://www.seriesdanko.com/2010/06/lista-de-capitulos-zoey-101.html)
2010-10-16 14:54:45+0200 [series-danko] DEBUG: Scraped LiberBotItems(lang='Spanish', links='http://www.megavideo.com/?v=4I7GXO3W', temp='4', serie='Z', epi='11', type='VerOnline') in <http://www.seriesdanko.com/2010/06/zoey-101-4x11-capitulo-11.html>
2010-10-16 14:54:45+0200 [series-danko] INFO: Passed LiberBotItems(lang='Spanish', links='http://www.megavideo.com/?v=4I7GXO3W', temp='4', serie='Z', epi='11', type='VerOnline')
2010-10-16 14:54:45+0200 [series-danko] DEBUG: Scraped LiberBotItems(lang='Spanish', links='http://www.megavideo.com/?v=4I7GXO3W', temp='4', serie='Z', epi='11', type='VerOnline') in <http://www.seriesdanko.com/2010/06/zoey-101-4x11-capitulo-11.html>
2010-10-16 14:54:45+0200 [series-danko] INFO: Passed LiberBotItems(lang='Spanish', links='http://www.megavideo.com/?v=4I7GXO3W', temp='4', serie='Z', epi='11', type='VerOnline')
2010-10-16 14:54:45+0200 [series-danko] DEBUG: Scraped LiberBotItems(lang='Spanish', links='http://www.megaupload.com/?d=QIHSSUXA', temp='4', serie='Z', epi='11', type='Descargar') in <http://www.seriesdanko.com/2010/06/zoey-101-4x11-capitulo-11.html>
2010-10-16 14:54:45+0200 [series-danko] INFO: Passed LiberBotItems(lang='Spanish', links='http://www.megaupload.com/?d=QIHSSUXA', temp='4', serie='Z', epi='11', type='Descargar')
2010-10-16 14:54:45+0200 [series-danko] DEBUG: Scraped LiberBotItems(lang='Spanish', links='http://www.megaupload.com/?d=QIHSSUXA', temp='4', serie='Z', epi='11', type='Descargar') in <http://www.seriesdanko.com/2010/06/zoey-101-4x11-capitulo-11.html>
2010-10-16 14:54:45+0200 [series-danko] INFO: Passed LiberBotItems(lang='Spanish', links='http://www.megaupload.com/?d=QIHSSUXA', temp='4', serie='Z', epi='11', type='Descargar')
2010-10-16 14:54:46+0200 [series-danko] DEBUG: Crawled (200) <GET http://www.seriesdanko.com/2010/06/zeke-y-luther-1x07-capitulo-07.html> (referer: http://www.seriesdanko.com/2010/06/lista-de-capitulos-zeke-y-luther.html)
2010-10-16 14:54:46+0200 [series-danko] DEBUG: Scraped LiberBotItems(lang='Spanish', links='http://www.megavideo.com/?d=QLNZY3OW', temp='1', serie='Z', epi='07', type='VerOnline') in <http://www.seriesdanko.com/2010/06/zeke-y-luther-1x07-capitulo-07.html>
2010-10-16 14:54:46+0200 [series-danko] INFO: Passed LiberBotItems(lang='Spanish', links='http://www.megavideo.com/?d=QLNZY3OW', temp='1', serie='Z', epi='07', type='VerOnline')
2010-10-16 14:54:46+0200 [series-danko] DEBUG: Scraped LiberBotItems(lang='Spanish', links='http://www.megavideo.com/?d=QLNZY3OW', temp='1', serie='Z', epi='07', type='VerOnline') in <http://www.seriesdanko.com/2010/06/zeke-y-luther-1x07-capitulo-07.html>
2010-10-16 14:54:46+0200 [series-danko] INFO: Passed LiberBotItems(lang='Spanish', links='http://www.megavideo.com/?d=QLNZY3OW', temp='1', serie='Z', epi='07', type='VerOnline')
2010-10-16 14:54:46+0200 [series-danko] DEBUG: Scraped LiberBotItems(lang='Spanish', links='http://www.megaupload.com/?d=QLNZY3OW', temp='1', serie='Z', epi='07', type='Descargar') in <http://www.seriesdanko.com/2010/06/zeke-y-luther-1x07-capitulo-07.html>
2010-10-16 14:54:46+0200 [series-danko] INFO: Passed LiberBotItems(lang='Spanish', links='http://www.megaupload.com/?d=QLNZY3OW', temp='1', serie='Z', epi='07', type='Descargar')
2010-10-16 14:54:46+0200 [series-danko] DEBUG: Scraped LiberBotItems(lang='Spanish', links='http://www.megaupload.com/?d=QLNZY3OW', temp='1', serie='Z', epi='07', type='Descargar') in <http://www.seriesdanko.com/2010/06/zeke-y-luther-1x07-capitulo-07.html>
2010-10-16 14:54:46+0200 [series-danko] INFO: Passed LiberBotItems(lang='Spanish', links='http://www.megaupload.com/?d=QLNZY3OW', temp='1', serie='Z', epi='07', type='Descargar')
2010-10-16 14:54:47+0200 [series-danko] DEBUG: Crawled (200) <GET http://www.seriesdanko.com/2010/06/zeke-y-luther-1x06-capitulo-06.html> (referer: http://www.seriesdanko.com/2010/06/lista-de-capitulos-zeke-y-luther.html)
2010-10-16 14:54:47+0200 [series-danko] DEBUG: Scraped LiberBotItems(lang='Spanish', links='http://www.megavideo.com/?d=W1TIZMAS', temp='1', serie='Z', epi='06', type='VerOnline') in <http://www.seriesdanko.com/2010/06/zeke-y-luther-1x06-capitulo-06.html>
2010-10-16 14:54:47+0200 [series-danko] INFO: Passed LiberBotItems(lang='Spanish', links='http://www.megavideo.com/?d=W1TIZMAS', temp='1', serie='Z', epi='06', type='VerOnline')
2010-10-16 14:54:47+0200 [series-danko] DEBUG: Scraped LiberBotItems(lang='Spanish', links='http://www.megavideo.com/?d=W1TIZMAS', temp='1', serie='Z', epi='06', type='VerOnline') in <http://www.seriesdanko.com/2010/06/zeke-y-luther-1x06-capitulo-06.html>
2010-10-16 14:54:47+0200 [series-danko] INFO: Passed LiberBotItems(lang='Spanish', links='http://www.megavideo.com/?d=W1TIZMAS', temp='1', serie='Z', epi='06', type='VerOnline')
2010-10-16 14:54:47+0200 [series-danko] DEBUG: Scraped LiberBotItems(lang='Spanish', links='http://www.megaupload.com/?d=W1TIZMAS', temp='1', serie='Z', epi='06', type='Descargar') in <http://www.seriesdanko.com/2010/06/zeke-y-luther-1x06-capitulo-06.html>
2010-10-16 14:54:47+0200 [series-danko] INFO: Passed LiberBotItems(lang='Spanish', links='http://www.megaupload.com/?d=W1TIZMAS', temp='1', serie='Z', epi='06', type='Descargar')
2010-10-16 14:54:47+0200 [series-danko] DEBUG: Scraped LiberBotItems(lang='Spanish', links='http://www.megaupload.com/?d=W1TIZMAS', temp='1', serie='Z', epi='06', type='Descargar') in <http://www.seriesdanko.com/2010/06/zeke-y-luther-1x06-capitulo-06.html>
2010-10-16 14:54:47+0200 [series-danko] INFO: Passed LiberBotItems(lang='Spanish', links='http://www.megaupload.com/?d=W1TIZMAS', temp='1', serie='Z', epi='06', type='Descargar')
2010-10-16 14:54:48+0200 [series-danko] DEBUG: Crawled (200) <GET http://www.seriesdanko.com/2010/06/zeke-y-luther-1x05-capitulo-05.html> (referer: http://www.seriesdanko.com/2010/06/lista-de-capitulos-zeke-y-luther.html)
2010-10-16 14:54:48+0200 [series-danko] DEBUG: Scraped LiberBotItems(lang='Spanish', links='http://www.megavideo.com/?d=QW5KUN5F', temp='1', serie='Z', epi='05', type='VerOnline') in <http://www.seriesdanko.com/2010/06/zeke-y-luther-1x05-capitulo-05.html>
2010-10-16 14:54:48+0200 [series-danko] INFO: Passed LiberBotItems(lang='Spanish', links='http://www.megavideo.com/?d=QW5KUN5F', temp='1', serie='Z', epi='05', type='VerOnline')
2010-10-16 14:54:48+0200 [series-danko] DEBUG: Scraped LiberBotItems(lang='Spanish', links='http://www.megavideo.com/?d=QW5KUN5F', temp='1', serie='Z', epi='05', type='VerOnline') in <http://www.seriesdanko.com/2010/06/zeke-y-luther-1x05-capitulo-05.html>
2010-10-16 14:54:48+0200 [series-danko] INFO: Passed LiberBotItems(lang='Spanish', links='http://www.megavideo.com/?d=QW5KUN5F', temp='1', serie='Z', epi='05', type='VerOnline')
2010-10-16 14:54:48+0200 [series-danko] DEBUG: Scraped LiberBotItems(lang='Spanish', links='http://www.megaupload.com/?d=QW5KUN5F', temp='1', serie='Z', epi='05', type='Descargar') in <http://www.seriesdanko.com/2010/06/zeke-y-luther-1x05-capitulo-05.html>
2010-10-16 14:54:48+0200 [series-danko] INFO: Passed LiberBotItems(lang='Spanish', links='http://www.megaupload.com/?d=QW5KUN5F', temp='1', serie='Z', epi='05', type='Descargar')
2010-10-16 14:54:48+0200 [series-danko] DEBUG: Scraped LiberBotItems(lang='Spanish', links='http://www.megaupload.com/?d=QW5KUN5F', temp='1', serie='Z', epi='05', type='Descargar') in <http://www.seriesdanko.com/2010/06/zeke-y-luther-1x05-capitulo-05.html>
2010-10-16 14:54:48+0200 [series-danko] INFO: Passed LiberBotItems(lang='Spanish', links='http://www.megaupload.com/?d=QW5KUN5F', temp='1', serie='Z', epi='05', type='Descargar')
2010-10-16 14:54:49+0200 [series-danko] DEBUG: Crawled (200) <GET http://www.seriesdanko.com/2010/06/zeke-y-luther-1x04-capitulo-04.html> (referer: http://www.seriesdanko.com/2010/06/lista-de-capitulos-zeke-y-luther.html)
2010-10-16 14:54:49+0200 [series-danko] DEBUG: Scraped LiberBotItems(lang='Spanish', links='http://www.megavideo.com/?d=F42FNA2L', temp='1', serie='Z', epi='04', type='VerOnline') in <http://www.seriesdanko.com/2010/06/zeke-y-luther-1x04-capitulo-04.html>
2010-10-16 14:54:49+0200 [series-danko] INFO: Passed LiberBotItems(lang='Spanish', links='http://www.megavideo.com/?d=F42FNA2L', temp='1', serie='Z', epi='04', type='VerOnline')
2010-10-16 14:54:49+0200 [series-danko] DEBUG: Scraped LiberBotItems(lang='Spanish', links='http://www.megavideo.com/?d=F42FNA2L', temp='1', serie='Z', epi='04', type='VerOnline') in <http://www.seriesdanko.com/2010/06/zeke-y-luther-1x04-capitulo-04.html>
2010-10-16 14:54:49+0200 [series-danko] INFO: Passed LiberBotItems(lang='Spanish', links='http://www.megavideo.com/?d=F42FNA2L', temp='1', serie='Z', epi='04', type='VerOnline')
2010-10-16 14:54:49+0200 [series-danko] DEBUG: Scraped LiberBotItems(lang='Spanish', links='http://www.megaupload.com/?d=F42FNA2L', temp='1', serie='Z', epi='04', type='Descargar') in <http://www.seriesdanko.com/2010/06/zeke-y-luther-1x04-capitulo-04.html>
2010-10-16 14:54:49+0200 [series-danko] INFO: Passed LiberBotItems(lang='Spanish', links='http://www.megaupload.com/?d=F42FNA2L', temp='1', serie='Z', epi='04', type='Descargar')
2010-10-16 14:54:49+0200 [series-danko] DEBUG: Scraped LiberBotItems(lang='Spanish', links='http://www.megaupload.com/?d=F42FNA2L', temp='1', serie='Z', epi='04', type='Descargar') in <http://www.seriesdanko.com/2010/06/zeke-y-luther-1x04-capitulo-04.html>
2010-10-16 14:54:49+0200 [series-danko] INFO: Passed LiberBotItems(lang='Spanish', links='http://www.megaupload.com/?d=F42FNA2L', temp='1', serie='Z', epi='04', type='Descargar')
2010-10-16 14:54:50+0200 [series-danko] DEBUG: Crawled (200) <GET http://www.seriesdanko.com/2010/06/zeke-y-luther-1x03-capitulo-03.html> (referer: http://www.seriesdanko.com/2010/06/lista-de-capitulos-zeke-y-luther.html)
2010-10-16 14:54:50+0200 [series-danko] DEBUG: Scraped LiberBotItems(lang='Spanish', links='http://www.megavideo.com/?d=IT3FLIB8', temp='1', serie='Z', epi='03', type='VerOnline') in <http://www.seriesdanko.com/2010/06/zeke-y-luther-1x03-capitulo-03.html>
2010-10-16 14:54:50+0200 [series-danko] INFO: Passed LiberBotItems(lang='Spanish', links='http://www.megavideo.com/?d=IT3FLIB8', temp='1', serie='Z', epi='03', type='VerOnline')
2010-10-16 14:54:50+0200 [series-danko] DEBUG: Scraped LiberBotItems(lang='Spanish', links='http://www.megavideo.com/?d=IT3FLIB8', temp='1', serie='Z', epi='03', type='VerOnline') in <http://www.seriesdanko.com/2010/06/zeke-y-luther-1x03-capitulo-03.html>
2010-10-16 14:54:50+0200 [series-danko] INFO: Passed LiberBotItems(lang='Spanish', links='http://www.megavideo.com/?d=IT3FLIB8', temp='1', serie='Z', epi='03', type='VerOnline')
2010-10-16 14:54:50+0200 [series-danko] DEBUG: Scraped LiberBotItems(lang='Spanish', links='http://www.megaupload.com/?d=IT3FLIB8', temp='1', serie='Z', epi='03', type='Descargar') in <http://www.seriesdanko.com/2010/06/zeke-y-luther-1x03-capitulo-03.html>
2010-10-16 14:54:50+0200 [series-danko] INFO: Passed LiberBotItems(lang='Spanish', links='http://www.megaupload.com/?d=IT3FLIB8', temp='1', serie='Z', epi='03', type='Descargar')
2010-10-16 14:54:50+0200 [series-danko] DEBUG: Scraped LiberBotItems(lang='Spanish', links='http://www.megaupload.com/?d=IT3FLIB8', temp='1', serie='Z', epi='03', type='Descargar') in <http://www.seriesdanko.com/2010/06/zeke-y-luther-1x03-capitulo-03.html>
2010-10-16 14:54:50+0200 [series-danko] INFO: Passed LiberBotItems(lang='Spanish', links='http://www.megaupload.com/?d=IT3FLIB8', temp='1', serie='Z', epi='03', type='Descargar')
2010-10-16 14:54:51+0200 [series-danko] DEBUG: Crawled (200) <GET http://www.seriesdanko.com/2010/06/zeke-y-luther-1x02-capitulo-02.html> (referer: http://www.seriesdanko.com/2010/06/lista-de-capitulos-zeke-y-luther.html)
2010-10-16 14:54:51+0200 [series-danko] DEBUG: Scraped LiberBotItems(lang='Spanish', links='http://www.megavideo.com/?d=ZC4FW73C', temp='1', serie='Z', epi='02', type='VerOnline') in <http://www.seriesdanko.com/2010/06/zeke-y-luther-1x02-capitulo-02.html>
2010-10-16 14:54:51+0200 [series-danko] INFO: Passed LiberBotItems(lang='Spanish', links='http://www.megavideo.com/?d=ZC4FW73C', temp='1', serie='Z', epi='02', type='VerOnline')
2010-10-16 14:54:51+0200 [series-danko] DEBUG: Scraped LiberBotItems(lang='Spanish', links='http://www.megavideo.com/?d=ZC4FW73C', temp='1', serie='Z', epi='02', type='VerOnline') in <http://www.seriesdanko.com/2010/06/zeke-y-luther-1x02-capitulo-02.html>
2010-10-16 14:54:51+0200 [series-danko] INFO: Passed LiberBotItems(lang='Spanish', links='http://www.megavideo.com/?d=ZC4FW73C', temp='1', serie='Z', epi='02', type='VerOnline')
2010-10-16 14:54:51+0200 [series-danko] DEBUG: Scraped LiberBotItems(lang='Spanish', links='http://www.megaupload.com/?d=VA7SE7YE', temp='1', serie='Z', epi='02', type='Descargar') in <http://www.seriesdanko.com/2010/06/zeke-y-luther-1x02-capitulo-02.html>
2010-10-16 14:54:51+0200 [series-danko] INFO: Passed LiberBotItems(lang='Spanish', links='http://www.megaupload.com/?d=VA7SE7YE', temp='1', serie='Z', epi='02', type='Descargar')
2010-10-16 14:54:51+0200 [series-danko] DEBUG: Scraped LiberBotItems(lang='Spanish', links='http://www.megaupload.com/?d=VA7SE7YE', temp='1', serie='Z', epi='02', type='Descargar') in <http://www.seriesdanko.com/2010/06/zeke-y-luther-1x02-capitulo-02.html>
2010-10-16 14:54:51+0200 [series-danko] INFO: Passed LiberBotItems(lang='Spanish', links='http://www.megaupload.com/?d=VA7SE7YE', temp='1', serie='Z', epi='02', type='Descargar')
2010-10-16 14:54:51+0200 [series-danko] INFO: Closing spider (finished)
2010-10-16 14:54:51+0200 [series-danko] INFO: Stored json feed (40 items, 5260 bytes) in: sites/series-danko/dump/Z.json
2010-10-16 14:54:51+0200 [series-danko] INFO: Spider closed (finished)
